17-04-22 15:17:01 [INFO] Logger started.
17-04-22 15:17:01 [INFO] Logging system initialized.
17-04-22 15:17:01 [INFO] Detected Minecraft version: 1.8.3
17-04-22 15:17:02 [INFO] McAccess set to: 1.8.3 / Spigot-CB-1.8_R2
17-04-22 15:17:02 [INFO] Added block-info for Minecraft 1.5 blocks.
17-04-22 15:17:02 [INFO] Added block-info for Minecraft 1.6.1 blocks.
17-04-22 15:17:02 [INFO] Added block-info for Minecraft 1.7.2 blocks.
17-04-22 15:17:02 [INFO] Added block-info for Minecraft 1.8 blocks.
17-04-22 15:17:02 [INFO] Inventory checks: FastConsume is available, disabled InstantEat.
17-04-22 15:17:02 [INFO] Packet level access: ProtocolLib is not available.
17-04-22 15:17:02 [INFO] Version 3.15.0-SNAPSHOT-sMD5NET-b1082 is enabled.
17-04-22 15:17:05 [INFO] [GenericInstanceRegistry] Registered for fr.neatmonster.nocheatplus.stats.Counters: fr.neatmonster.nocheatplus.stats.Counters
17-04-22 15:17:05 [INFO] [GenericInstanceRegistry] Registered for fr.neatmonster.nocheatplus.checks.workaround.WRPT: fr.neatmonster.nocheatplus.checks.workaround.WRPT
17-04-22 15:17:05 [INFO] [GenericInstanceRegistry] Registered for fr.neatmonster.nocheatplus.checks.moving.location.tracking.LocationTrace$TraceEntryPool: fr.neatmonster.nocheatplus.checks.moving.location.tracking.LocationTrace$TraceEntryPool
17-04-22 15:17:05 [INFO] [GenericInstanceRegistry] Registered for fr.neatmonster.nocheatplus.utilities.entity.PassengerUtil: fr.neatmonster.nocheatplus.utilities.entity.PassengerUtil
17-04-22 15:17:05 [INFO] [GenericInstanceRegistry] Registered for java.util.Random: java.util.Random
17-04-22 15:17:05 [INFO] [GenericInstanceRegistry] Registered for fr.neatmonster.nocheatplus.compat.IBridgeCrossPlugin: fr.neatmonster.nocheatplus.compat.meta.BridgeCrossPlugin
17-04-22 15:17:05 [INFO] [GenericInstanceRegistry] Registered for fr.neatmonster.nocheatplus.compat.MCAccess: fr.neatmonster.nocheatplus.compat.spigotcb1_8_R2.MCAccessSpigotCB1_8_R2
17-04-22 15:17:05 [INFO] [GenericInstanceRegistry] Registered for fr.neatmonster.nocheatplus.utilities.map.BlockCache: fr.neatmonster.nocheatplus.compat.spigotcb1_8_R2.BlockCacheSpigotCB1_8_R2
17-04-22 15:17:05 [INFO] [GenericInstanceRegistry] Registered for fr.neatmonster.nocheatplus.components.modifier.IAttributeAccess: fr.neatmonster.nocheatplus.compat.spigotcb1_8_R2.AttributeAccess
17-04-22 15:17:05 [INFO] [GenericInstanceRegistry] Registered for fr.neatmonster.nocheatplus.components.entity.IEntityAccessLastPositionAndLook: fr.neatmonster.nocheatplus.compat.cbreflect.reflect.ReflectEntityLastPositionAndLook
17-04-22 15:17:05 [INFO] [GenericInstanceRegistry] Registered for fr.neatmonster.nocheatplus.components.entity.IEntityAccessVehicle: fr.neatmonster.nocheatplus.compat.bukkit.EntityAccessVehicleLegacy
17-04-22 15:17:05 [INFO] [GenericInstanceRegistry] Registered for fr.neatmonster.nocheatplus.checks.moving.util.AuxMoving: fr.neatmonster.nocheatplus.checks.moving.util.AuxMoving
17-04-22 15:17:05 [INFO] Added hook: AllViolations(NCP) [1.0].
17-04-22 15:17:06 [INFO] Post-enable running...
17-04-22 15:17:06 [INFO] Post-enable finished.
17-04-22 15:17:06 [INFO] ---- Version information ----
#### Server ####
git-Spigot-870264a-0a645a2 ~MC: 1.8.3~
  detected: 1.8.3
#### NoCheatPlus ####
Plugin: 3.15.0-SNAPSHOT-sMD5NET-b1082
MCAccess: 1.8.3 / Spigot-CB-1.8_R2
Features:
  blocks: BlocksMC1_4 | BlocksMC1_5 | BlocksMC1_6_1 | BlocksMC1_7_2 | BlocksMC1_8
  checks: FastConsume | Gutenberg
  defaults: pvpKnockBackVelocity
Hooks: AllViolations~NCP~ 1.0
17-04-29 16:15:34 [INFO] Logger started.
17-04-29 16:15:34 [INFO] Logging system initialized.
17-04-29 16:15:34 [INFO] Detected Minecraft version: 1.8.3
17-04-29 16:15:36 [INFO] McAccess set to: 1.8.3 / Spigot-CB-1.8_R2
17-04-29 16:15:36 [INFO] Added block-info for Minecraft 1.5 blocks.
17-04-29 16:15:36 [INFO] Added block-info for Minecraft 1.6.1 blocks.
17-04-29 16:15:36 [INFO] Added block-info for Minecraft 1.7.2 blocks.
17-04-29 16:15:36 [INFO] Added block-info for Minecraft 1.8 blocks.
17-04-29 16:15:36 [INFO] Inventory checks: FastConsume is available, disabled InstantEat.
17-04-29 16:15:36 [INFO] Packet level access: ProtocolLib is not available.
17-04-29 16:15:36 [INFO] Version 3.15.0-SNAPSHOT-sMD5NET-b1082 is enabled.
17-04-29 16:15:40 [INFO] [GenericInstanceRegistry] Registered for fr.neatmonster.nocheatplus.stats.Counters: fr.neatmonster.nocheatplus.stats.Counters
17-04-29 16:15:40 [INFO] [GenericInstanceRegistry] Registered for fr.neatmonster.nocheatplus.checks.workaround.WRPT: fr.neatmonster.nocheatplus.checks.workaround.WRPT
17-04-29 16:15:40 [INFO] [GenericInstanceRegistry] Registered for fr.neatmonster.nocheatplus.checks.moving.location.tracking.LocationTrace$TraceEntryPool: fr.neatmonster.nocheatplus.checks.moving.location.tracking.LocationTrace$TraceEntryPool
17-04-29 16:15:40 [INFO] [GenericInstanceRegistry] Registered for fr.neatmonster.nocheatplus.utilities.entity.PassengerUtil: fr.neatmonster.nocheatplus.utilities.entity.PassengerUtil
17-04-29 16:15:40 [INFO] [GenericInstanceRegistry] Registered for java.util.Random: java.util.Random
17-04-29 16:15:40 [INFO] [GenericInstanceRegistry] Registered for fr.neatmonster.nocheatplus.compat.IBridgeCrossPlugin: fr.neatmonster.nocheatplus.compat.meta.BridgeCrossPlugin
17-04-29 16:15:40 [INFO] [GenericInstanceRegistry] Registered for fr.neatmonster.nocheatplus.compat.MCAccess: fr.neatmonster.nocheatplus.compat.spigotcb1_8_R2.MCAccessSpigotCB1_8_R2
17-04-29 16:15:40 [INFO] [GenericInstanceRegistry] Registered for fr.neatmonster.nocheatplus.utilities.map.BlockCache: fr.neatmonster.nocheatplus.compat.spigotcb1_8_R2.BlockCacheSpigotCB1_8_R2
17-04-29 16:15:40 [INFO] [GenericInstanceRegistry] Registered for fr.neatmonster.nocheatplus.components.modifier.IAttributeAccess: fr.neatmonster.nocheatplus.compat.spigotcb1_8_R2.AttributeAccess
17-04-29 16:15:40 [INFO] [GenericInstanceRegistry] Registered for fr.neatmonster.nocheatplus.components.entity.IEntityAccessLastPositionAndLook: fr.neatmonster.nocheatplus.compat.cbreflect.reflect.ReflectEntityLastPositionAndLook
17-04-29 16:15:40 [INFO] [GenericInstanceRegistry] Registered for fr.neatmonster.nocheatplus.components.entity.IEntityAccessVehicle: fr.neatmonster.nocheatplus.compat.bukkit.EntityAccessVehicleLegacy
17-04-29 16:15:40 [INFO] [GenericInstanceRegistry] Registered for fr.neatmonster.nocheatplus.checks.moving.util.AuxMoving: fr.neatmonster.nocheatplus.checks.moving.util.AuxMoving
17-04-29 16:15:40 [INFO] Added hook: AllViolations(NCP) [1.0].
17-04-29 16:15:41 [INFO] Post-enable running...
17-04-29 16:15:41 [INFO] Post-enable finished.
17-04-29 16:15:41 [INFO] ---- Version information ----
#### Server ####
git-Spigot-870264a-0a645a2 ~MC: 1.8.3~
  detected: 1.8.3
#### NoCheatPlus ####
Plugin: 3.15.0-SNAPSHOT-sMD5NET-b1082
MCAccess: 1.8.3 / Spigot-CB-1.8_R2
Features:
  blocks: BlocksMC1_4 | BlocksMC1_5 | BlocksMC1_6_1 | BlocksMC1_7_2 | BlocksMC1_8
  checks: FastConsume | Gutenberg
  defaults: pvpKnockBackVelocity
Hooks: AllViolations~NCP~ 1.0
17-05-05 16:30:33 [INFO] Removed hook: AllViolations(NCP) [1.0].
17-05-05 16:30:33 [FINE] | canceldead 0 | illegalitem 0 | boatsanywhere 0 | throwenderpearl 0 | fakeinvulnerable 0 | eggonentity 0 | event.player.move.handled 909 (909/0) | event.player.move.handled.pos 321 (321/0) | event.player.move.handled.look 108 (108/0) | event.player.move.handled.pos_look 477 (477/0) |
17-05-05 16:30:33 [INFO] [GenericInstanceRegistry] Registry cleared.
17-05-05 16:30:44 [INFO] Logger started.
17-05-05 16:30:44 [INFO] Logging system initialized.
17-05-05 16:30:44 [INFO] Detected Minecraft version: 1.8.3
17-05-05 16:30:46 [INFO] McAccess set to: 1.8.3 / Spigot-CB-1.8_R2
17-05-05 16:30:46 [INFO] Added block-info for Minecraft 1.5 blocks.
17-05-05 16:30:46 [INFO] Added block-info for Minecraft 1.6.1 blocks.
17-05-05 16:30:46 [INFO] Added block-info for Minecraft 1.7.2 blocks.
17-05-05 16:30:46 [INFO] Added block-info for Minecraft 1.8 blocks.
17-05-05 16:30:46 [INFO] Inventory checks: FastConsume is available, disabled InstantEat.
17-05-05 16:30:46 [INFO] Packet level access: ProtocolLib is not available.
17-05-05 16:30:46 [INFO] Version 3.15.0-SNAPSHOT-sMD5NET-b1082 is enabled.
17-05-05 16:30:49 [INFO] [GenericInstanceRegistry] Registered for fr.neatmonster.nocheatplus.stats.Counters: fr.neatmonster.nocheatplus.stats.Counters
17-05-05 16:30:49 [INFO] [GenericInstanceRegistry] Registered for fr.neatmonster.nocheatplus.checks.workaround.WRPT: fr.neatmonster.nocheatplus.checks.workaround.WRPT
17-05-05 16:30:49 [INFO] [GenericInstanceRegistry] Registered for fr.neatmonster.nocheatplus.checks.moving.location.tracking.LocationTrace$TraceEntryPool: fr.neatmonster.nocheatplus.checks.moving.location.tracking.LocationTrace$TraceEntryPool
17-05-05 16:30:49 [INFO] [GenericInstanceRegistry] Registered for fr.neatmonster.nocheatplus.utilities.entity.PassengerUtil: fr.neatmonster.nocheatplus.utilities.entity.PassengerUtil
17-05-05 16:30:49 [INFO] [GenericInstanceRegistry] Registered for java.util.Random: java.util.Random
17-05-05 16:30:49 [INFO] [GenericInstanceRegistry] Registered for fr.neatmonster.nocheatplus.compat.IBridgeCrossPlugin: fr.neatmonster.nocheatplus.compat.meta.BridgeCrossPlugin
17-05-05 16:30:49 [INFO] [GenericInstanceRegistry] Registered for fr.neatmonster.nocheatplus.compat.MCAccess: fr.neatmonster.nocheatplus.compat.spigotcb1_8_R2.MCAccessSpigotCB1_8_R2
17-05-05 16:30:49 [INFO] [GenericInstanceRegistry] Registered for fr.neatmonster.nocheatplus.utilities.map.BlockCache: fr.neatmonster.nocheatplus.compat.spigotcb1_8_R2.BlockCacheSpigotCB1_8_R2
17-05-05 16:30:49 [INFO] [GenericInstanceRegistry] Registered for fr.neatmonster.nocheatplus.components.modifier.IAttributeAccess: fr.neatmonster.nocheatplus.compat.spigotcb1_8_R2.AttributeAccess
17-05-05 16:30:49 [INFO] [GenericInstanceRegistry] Registered for fr.neatmonster.nocheatplus.components.entity.IEntityAccessLastPositionAndLook: fr.neatmonster.nocheatplus.compat.cbreflect.reflect.ReflectEntityLastPositionAndLook
17-05-05 16:30:49 [INFO] [GenericInstanceRegistry] Registered for fr.neatmonster.nocheatplus.components.entity.IEntityAccessVehicle: fr.neatmonster.nocheatplus.compat.bukkit.EntityAccessVehicleLegacy
17-05-05 16:30:49 [INFO] [GenericInstanceRegistry] Registered for fr.neatmonster.nocheatplus.checks.moving.util.AuxMoving: fr.neatmonster.nocheatplus.checks.moving.util.AuxMoving
17-05-05 16:30:49 [INFO] Added hook: AllViolations(NCP) [1.0].
17-05-05 16:30:50 [INFO] Post-enable running...
17-05-05 16:30:50 [INFO] Post-enable finished.
17-05-05 16:30:51 [INFO] ---- Version information ----
#### Server ####
git-Spigot-870264a-0a645a2 ~MC: 1.8.3~
  detected: 1.8.3
#### NoCheatPlus ####
Plugin: 3.15.0-SNAPSHOT-sMD5NET-b1082
MCAccess: 1.8.3 / Spigot-CB-1.8_R2
Features:
  blocks: BlocksMC1_4 | BlocksMC1_5 | BlocksMC1_6_1 | BlocksMC1_7_2 | BlocksMC1_8
  checks: FastConsume | Gutenberg
  defaults: pvpKnockBackVelocity
Hooks: AllViolations~NCP~ 1.0
17-05-07 00:28:00 [WARNING] System time ran backwards (1494131294181->1494131277712), clear all data and history...
17-05-08 04:00:51 [WARNING] System time ran backwards (1494230454225->1494230451900), clear all data and history...
17-05-09 04:39:39 [WARNING] System time ran backwards (1494319180930->1494319178843), clear all data and history...
17-05-28 16:03:46 [INFO] Logger started.
17-05-28 16:03:46 [INFO] Logging system initialized.
17-05-28 16:03:46 [INFO] Detected Minecraft version: 1.8.3
17-05-28 16:03:48 [INFO] McAccess set to: 1.8.3 / Spigot-CB-1.8_R2
17-05-28 16:03:48 [INFO] Added block-info for Minecraft 1.5 blocks.
17-05-28 16:03:48 [INFO] Added block-info for Minecraft 1.6.1 blocks.
17-05-28 16:03:48 [INFO] Added block-info for Minecraft 1.7.2 blocks.
17-05-28 16:03:48 [INFO] Added block-info for Minecraft 1.8 blocks.
17-05-28 16:03:48 [INFO] Inventory checks: FastConsume is available, disabled InstantEat.
17-05-28 16:03:48 [INFO] Packet level access: ProtocolLib is not available.
17-05-28 16:03:48 [INFO] Version 3.15.0-SNAPSHOT-sMD5NET-b1082 is enabled.
17-05-28 16:03:51 [INFO] [GenericInstanceRegistry] Registered for fr.neatmonster.nocheatplus.stats.Counters: fr.neatmonster.nocheatplus.stats.Counters
17-05-28 16:03:51 [INFO] [GenericInstanceRegistry] Registered for fr.neatmonster.nocheatplus.checks.workaround.WRPT: fr.neatmonster.nocheatplus.checks.workaround.WRPT
17-05-28 16:03:51 [INFO] [GenericInstanceRegistry] Registered for fr.neatmonster.nocheatplus.checks.moving.location.tracking.LocationTrace$TraceEntryPool: fr.neatmonster.nocheatplus.checks.moving.location.tracking.LocationTrace$TraceEntryPool
17-05-28 16:03:51 [INFO] [GenericInstanceRegistry] Registered for fr.neatmonster.nocheatplus.utilities.entity.PassengerUtil: fr.neatmonster.nocheatplus.utilities.entity.PassengerUtil
17-05-28 16:03:51 [INFO] [GenericInstanceRegistry] Registered for java.util.Random: java.util.Random
17-05-28 16:03:51 [INFO] [GenericInstanceRegistry] Registered for fr.neatmonster.nocheatplus.compat.IBridgeCrossPlugin: fr.neatmonster.nocheatplus.compat.meta.BridgeCrossPlugin
17-05-28 16:03:51 [INFO] [GenericInstanceRegistry] Registered for fr.neatmonster.nocheatplus.compat.MCAccess: fr.neatmonster.nocheatplus.compat.spigotcb1_8_R2.MCAccessSpigotCB1_8_R2
17-05-28 16:03:51 [INFO] [GenericInstanceRegistry] Registered for fr.neatmonster.nocheatplus.utilities.map.BlockCache: fr.neatmonster.nocheatplus.compat.spigotcb1_8_R2.BlockCacheSpigotCB1_8_R2
17-05-28 16:03:51 [INFO] [GenericInstanceRegistry] Registered for fr.neatmonster.nocheatplus.components.modifier.IAttributeAccess: fr.neatmonster.nocheatplus.compat.spigotcb1_8_R2.AttributeAccess
17-05-28 16:03:51 [INFO] [GenericInstanceRegistry] Registered for fr.neatmonster.nocheatplus.components.entity.IEntityAccessLastPositionAndLook: fr.neatmonster.nocheatplus.compat.cbreflect.reflect.ReflectEntityLastPositionAndLook
17-05-28 16:03:51 [INFO] [GenericInstanceRegistry] Registered for fr.neatmonster.nocheatplus.components.entity.IEntityAccessVehicle: fr.neatmonster.nocheatplus.compat.bukkit.EntityAccessVehicleLegacy
17-05-28 16:03:51 [INFO] [GenericInstanceRegistry] Registered for fr.neatmonster.nocheatplus.checks.moving.util.AuxMoving: fr.neatmonster.nocheatplus.checks.moving.util.AuxMoving
17-05-28 16:03:51 [INFO] Added hook: AllViolations(NCP) [1.0].
17-05-28 16:03:51 [INFO] Post-enable running...
17-05-28 16:03:51 [INFO] Post-enable finished.
17-05-28 16:03:52 [INFO] ---- Version information ----
#### Server ####
git-Spigot-870264a-0a645a2 ~MC: 1.8.3~
  detected: 1.8.3
#### NoCheatPlus ####
Plugin: 3.15.0-SNAPSHOT-sMD5NET-b1082
MCAccess: 1.8.3 / Spigot-CB-1.8_R2
Features:
  blocks: BlocksMC1_4 | BlocksMC1_5 | BlocksMC1_6_1 | BlocksMC1_7_2 | BlocksMC1_8
  checks: FastConsume | Gutenberg
  defaults: pvpKnockBackVelocity
Hooks: AllViolations~NCP~ 1.0
