17-04-22 15:14:25 [INFO] Logger started.
17-04-22 15:14:25 [INFO] Logging system initialized.
17-04-22 15:14:25 [INFO] Detected Minecraft version: 1.11.2
17-04-22 15:14:29 [INFO] McAccess set to: 1.11-1.11.2 / Spigot-CB-1.11_R1
17-04-22 15:14:30 [INFO] Added block-info for Minecraft 1.5 blocks.
17-04-22 15:14:30 [INFO] Added block-info for Minecraft 1.6.1 blocks.
17-04-22 15:14:30 [INFO] Added block-info for Minecraft 1.7.2 blocks.
17-04-22 15:14:30 [INFO] Added block-info for Minecraft 1.8 blocks.
17-04-22 15:14:30 [INFO] Added block-info for Minecraft 1.9 blocks.
17-04-22 15:14:30 [INFO] Added block-info for Minecraft 1.10 blocks.
17-04-22 15:14:30 [INFO] Added block-info for Minecraft 1.11 blocks.
17-04-22 15:14:30 [INFO] Inventory checks: FastConsume is available, disabled InstantEat.
17-04-22 15:14:30 [INFO] Packet level access: ProtocolLib is not available.
17-04-22 15:14:30 [INFO] Force disable FastHeal on Minecraft 1.9 and later.
17-04-22 15:14:30 [INFO] Version 3.15.0-SNAPSHOT-sMD5NET-b1082 is enabled.
17-04-22 15:14:31 [INFO] Post-enable running...
17-04-22 15:14:31 [INFO] [GenericInstanceRegistry] Registered for fr.neatmonster.nocheatplus.stats.Counters: fr.neatmonster.nocheatplus.stats.Counters
17-04-22 15:14:31 [INFO] [GenericInstanceRegistry] Registered for fr.neatmonster.nocheatplus.checks.workaround.WRPT: fr.neatmonster.nocheatplus.checks.workaround.WRPT
17-04-22 15:14:31 [INFO] [GenericInstanceRegistry] Registered for fr.neatmonster.nocheatplus.checks.moving.location.tracking.LocationTrace$TraceEntryPool: fr.neatmonster.nocheatplus.checks.moving.location.tracking.LocationTrace$TraceEntryPool
17-04-22 15:14:31 [INFO] [GenericInstanceRegistry] Registered for fr.neatmonster.nocheatplus.utilities.entity.PassengerUtil: fr.neatmonster.nocheatplus.utilities.entity.PassengerUtil
17-04-22 15:14:31 [INFO] [GenericInstanceRegistry] Registered for java.util.Random: java.util.Random
17-04-22 15:14:31 [INFO] [GenericInstanceRegistry] Registered for fr.neatmonster.nocheatplus.compat.IBridgeCrossPlugin: fr.neatmonster.nocheatplus.compat.meta.BridgeCrossPlugin
17-04-22 15:14:31 [INFO] [GenericInstanceRegistry] Registered for fr.neatmonster.nocheatplus.compat.MCAccess: fr.neatmonster.nocheatplus.compat.cbdev.MCAccessCBDev
17-04-22 15:14:31 [INFO] [GenericInstanceRegistry] Registered for fr.neatmonster.nocheatplus.utilities.map.BlockCache: fr.neatmonster.nocheatplus.compat.cbdev.BlockCacheCBDev
17-04-22 15:14:31 [INFO] [GenericInstanceRegistry] Registered for fr.neatmonster.nocheatplus.components.modifier.IAttributeAccess: fr.neatmonster.nocheatplus.compat.cbdev.AttributeAccess
17-04-22 15:14:31 [INFO] [GenericInstanceRegistry] Registered for fr.neatmonster.nocheatplus.components.entity.IEntityAccessLastPositionAndLook: fr.neatmonster.nocheatplus.compat.cbdev.EntityAccessLastPositionAndLook
17-04-22 15:14:31 [INFO] [GenericInstanceRegistry] Registered for fr.neatmonster.nocheatplus.components.entity.IEntityAccessVehicle: fr.neatmonster.nocheatplus.compat.bukkit.EntityAccessVehicleMultiPassenger
17-04-22 15:14:31 [INFO] [GenericInstanceRegistry] Registered for fr.neatmonster.nocheatplus.checks.moving.util.AuxMoving: fr.neatmonster.nocheatplus.checks.moving.util.AuxMoving
17-04-22 15:14:31 [INFO] Added hook: AllViolations(NCP) [1.0].
17-04-22 15:14:31 [INFO] Post-enable finished.
17-04-22 15:14:31 [INFO] ---- Version information ----
#### Server ####
git-Spigot-625bc00-41a7d14 ~MC: 1.11.2~
  detected: 1.11.2
#### NoCheatPlus ####
Plugin: 3.15.0-SNAPSHOT-sMD5NET-b1082
MCAccess: 1.11-1.11.2 / Spigot-CB-1.11_R1
Features:
  blocks: BlocksMC1_4 | BlocksMC1_5 | BlocksMC1_6_1 | BlocksMC1_7_2 | BlocksMC1_8 | BlocksMC1_9 | BlocksMC1_10 | BlocksMC1_11
  checks: FastConsume | Gutenberg | HotFixFallingBlockPortalEnter
  defaults: pvpKnockBackVelocity
Hooks: AllViolations~NCP~ 1.0
17-04-29 16:14:16 [INFO] Logger started.
17-04-29 16:14:16 [INFO] Logging system initialized.
17-04-29 16:14:16 [INFO] Detected Minecraft version: 1.11.2
17-04-29 16:14:21 [INFO] McAccess set to: 1.11-1.11.2 / Spigot-CB-1.11_R1
17-04-29 16:14:21 [INFO] Added block-info for Minecraft 1.5 blocks.
17-04-29 16:14:21 [INFO] Added block-info for Minecraft 1.6.1 blocks.
17-04-29 16:14:21 [INFO] Added block-info for Minecraft 1.7.2 blocks.
17-04-29 16:14:21 [INFO] Added block-info for Minecraft 1.8 blocks.
17-04-29 16:14:21 [INFO] Added block-info for Minecraft 1.9 blocks.
17-04-29 16:14:21 [INFO] Added block-info for Minecraft 1.10 blocks.
17-04-29 16:14:21 [INFO] Added block-info for Minecraft 1.11 blocks.
17-04-29 16:14:21 [INFO] Inventory checks: FastConsume is available, disabled InstantEat.
17-04-29 16:14:21 [INFO] Packet level access: ProtocolLib is not available.
17-04-29 16:14:21 [INFO] Force disable FastHeal on Minecraft 1.9 and later.
17-04-29 16:14:21 [INFO] Version 3.15.0-SNAPSHOT-sMD5NET-b1082 is enabled.
17-04-29 16:14:22 [INFO] [GenericInstanceRegistry] Registered for fr.neatmonster.nocheatplus.stats.Counters: fr.neatmonster.nocheatplus.stats.Counters
17-04-29 16:14:22 [INFO] [GenericInstanceRegistry] Registered for fr.neatmonster.nocheatplus.checks.workaround.WRPT: fr.neatmonster.nocheatplus.checks.workaround.WRPT
17-04-29 16:14:22 [INFO] [GenericInstanceRegistry] Registered for fr.neatmonster.nocheatplus.checks.moving.location.tracking.LocationTrace$TraceEntryPool: fr.neatmonster.nocheatplus.checks.moving.location.tracking.LocationTrace$TraceEntryPool
17-04-29 16:14:22 [INFO] [GenericInstanceRegistry] Registered for fr.neatmonster.nocheatplus.utilities.entity.PassengerUtil: fr.neatmonster.nocheatplus.utilities.entity.PassengerUtil
17-04-29 16:14:22 [INFO] [GenericInstanceRegistry] Registered for java.util.Random: java.util.Random
17-04-29 16:14:22 [INFO] [GenericInstanceRegistry] Registered for fr.neatmonster.nocheatplus.compat.IBridgeCrossPlugin: fr.neatmonster.nocheatplus.compat.meta.BridgeCrossPlugin
17-04-29 16:14:22 [INFO] [GenericInstanceRegistry] Registered for fr.neatmonster.nocheatplus.compat.MCAccess: fr.neatmonster.nocheatplus.compat.cbdev.MCAccessCBDev
17-04-29 16:14:22 [INFO] [GenericInstanceRegistry] Registered for fr.neatmonster.nocheatplus.utilities.map.BlockCache: fr.neatmonster.nocheatplus.compat.cbdev.BlockCacheCBDev
17-04-29 16:14:22 [INFO] [GenericInstanceRegistry] Registered for fr.neatmonster.nocheatplus.components.modifier.IAttributeAccess: fr.neatmonster.nocheatplus.compat.cbdev.AttributeAccess
17-04-29 16:14:22 [INFO] [GenericInstanceRegistry] Registered for fr.neatmonster.nocheatplus.components.entity.IEntityAccessLastPositionAndLook: fr.neatmonster.nocheatplus.compat.cbdev.EntityAccessLastPositionAndLook
17-04-29 16:14:22 [INFO] [GenericInstanceRegistry] Registered for fr.neatmonster.nocheatplus.components.entity.IEntityAccessVehicle: fr.neatmonster.nocheatplus.compat.bukkit.EntityAccessVehicleMultiPassenger
17-04-29 16:14:22 [INFO] [GenericInstanceRegistry] Registered for fr.neatmonster.nocheatplus.checks.moving.util.AuxMoving: fr.neatmonster.nocheatplus.checks.moving.util.AuxMoving
17-04-29 16:14:22 [INFO] Added hook: AllViolations(NCP) [1.0].
17-04-29 16:14:23 [INFO] Post-enable running...
17-04-29 16:14:23 [INFO] Post-enable finished.
17-04-29 16:14:23 [INFO] ---- Version information ----
#### Server ####
git-Spigot-9ba269b-c19c293 ~MC: 1.11.2~
  detected: 1.11.2
#### NoCheatPlus ####
Plugin: 3.15.0-SNAPSHOT-sMD5NET-b1082
MCAccess: 1.11-1.11.2 / Spigot-CB-1.11_R1
Features:
  blocks: BlocksMC1_4 | BlocksMC1_5 | BlocksMC1_6_1 | BlocksMC1_7_2 | BlocksMC1_8 | BlocksMC1_9 | BlocksMC1_10 | BlocksMC1_11
  checks: FastConsume | Gutenberg | HotFixFallingBlockPortalEnter
  defaults: pvpKnockBackVelocity
Hooks: AllViolations~NCP~ 1.0
17-05-05 16:24:00 [INFO] Removed hook: AllViolations(NCP) [1.0].
17-05-05 16:24:00 [FINE] | canceldead 0 | illegalitem 0 | boatsanywhere 0 | throwenderpearl 0 | fakeinvulnerable 0 | eggonentity 0 | event.player.move.handled 78 (78/0) | event.player.move.handled.pos 18 (18/0) | event.player.move.handled.look 28 (28/0) | event.player.move.handled.pos_look 32 (32/0) |
17-05-05 16:24:00 [INFO] [GenericInstanceRegistry] Registry cleared.
17-05-05 16:24:09 [INFO] Logger started.
17-05-05 16:24:09 [INFO] Logging system initialized.
17-05-05 16:24:09 [INFO] Detected Minecraft version: 1.11.2
17-05-05 16:24:14 [INFO] McAccess set to: 1.11-1.11.2 / Spigot-CB-1.11_R1
17-05-05 16:24:14 [INFO] Added block-info for Minecraft 1.5 blocks.
17-05-05 16:24:14 [INFO] Added block-info for Minecraft 1.6.1 blocks.
17-05-05 16:24:14 [INFO] Added block-info for Minecraft 1.7.2 blocks.
17-05-05 16:24:14 [INFO] Added block-info for Minecraft 1.8 blocks.
17-05-05 16:24:14 [INFO] Added block-info for Minecraft 1.9 blocks.
17-05-05 16:24:14 [INFO] Added block-info for Minecraft 1.10 blocks.
17-05-05 16:24:14 [INFO] Added block-info for Minecraft 1.11 blocks.
17-05-05 16:24:14 [INFO] Inventory checks: FastConsume is available, disabled InstantEat.
17-05-05 16:24:14 [INFO] Packet level access: ProtocolLib is not available.
17-05-05 16:24:14 [INFO] Force disable FastHeal on Minecraft 1.9 and later.
17-05-05 16:24:14 [INFO] Version 3.15.0-SNAPSHOT-sMD5NET-b1082 is enabled.
17-05-05 16:24:15 [INFO] [GenericInstanceRegistry] Registered for fr.neatmonster.nocheatplus.stats.Counters: fr.neatmonster.nocheatplus.stats.Counters
17-05-05 16:24:15 [INFO] [GenericInstanceRegistry] Registered for fr.neatmonster.nocheatplus.checks.workaround.WRPT: fr.neatmonster.nocheatplus.checks.workaround.WRPT
17-05-05 16:24:15 [INFO] [GenericInstanceRegistry] Registered for fr.neatmonster.nocheatplus.checks.moving.location.tracking.LocationTrace$TraceEntryPool: fr.neatmonster.nocheatplus.checks.moving.location.tracking.LocationTrace$TraceEntryPool
17-05-05 16:24:15 [INFO] [GenericInstanceRegistry] Registered for fr.neatmonster.nocheatplus.utilities.entity.PassengerUtil: fr.neatmonster.nocheatplus.utilities.entity.PassengerUtil
17-05-05 16:24:15 [INFO] [GenericInstanceRegistry] Registered for java.util.Random: java.util.Random
17-05-05 16:24:15 [INFO] [GenericInstanceRegistry] Registered for fr.neatmonster.nocheatplus.compat.IBridgeCrossPlugin: fr.neatmonster.nocheatplus.compat.meta.BridgeCrossPlugin
17-05-05 16:24:15 [INFO] [GenericInstanceRegistry] Registered for fr.neatmonster.nocheatplus.compat.MCAccess: fr.neatmonster.nocheatplus.compat.cbdev.MCAccessCBDev
17-05-05 16:24:15 [INFO] [GenericInstanceRegistry] Registered for fr.neatmonster.nocheatplus.utilities.map.BlockCache: fr.neatmonster.nocheatplus.compat.cbdev.BlockCacheCBDev
17-05-05 16:24:15 [INFO] [GenericInstanceRegistry] Registered for fr.neatmonster.nocheatplus.components.modifier.IAttributeAccess: fr.neatmonster.nocheatplus.compat.cbdev.AttributeAccess
17-05-05 16:24:15 [INFO] [GenericInstanceRegistry] Registered for fr.neatmonster.nocheatplus.components.entity.IEntityAccessLastPositionAndLook: fr.neatmonster.nocheatplus.compat.cbdev.EntityAccessLastPositionAndLook
17-05-05 16:24:15 [INFO] [GenericInstanceRegistry] Registered for fr.neatmonster.nocheatplus.components.entity.IEntityAccessVehicle: fr.neatmonster.nocheatplus.compat.bukkit.EntityAccessVehicleMultiPassenger
17-05-05 16:24:15 [INFO] [GenericInstanceRegistry] Registered for fr.neatmonster.nocheatplus.checks.moving.util.AuxMoving: fr.neatmonster.nocheatplus.checks.moving.util.AuxMoving
17-05-05 16:24:15 [INFO] Added hook: AllViolations(NCP) [1.0].
17-05-05 16:24:15 [INFO] Post-enable running...
17-05-05 16:24:15 [INFO] Post-enable finished.
17-05-05 16:24:15 [INFO] ---- Version information ----
#### Server ####
git-Spigot-9ba269b-c19c293 ~MC: 1.11.2~
  detected: 1.11.2
#### NoCheatPlus ####
Plugin: 3.15.0-SNAPSHOT-sMD5NET-b1082
MCAccess: 1.11-1.11.2 / Spigot-CB-1.11_R1
Features:
  blocks: BlocksMC1_4 | BlocksMC1_5 | BlocksMC1_6_1 | BlocksMC1_7_2 | BlocksMC1_8 | BlocksMC1_9 | BlocksMC1_10 | BlocksMC1_11
  checks: FastConsume | Gutenberg | HotFixFallingBlockPortalEnter
  defaults: pvpKnockBackVelocity
Hooks: AllViolations~NCP~ 1.0
17-05-07 00:28:03 [WARNING] System time ran backwards (1494131294199->1494131277727), clear all data and history...
17-05-08 04:00:52 [WARNING] System time ran backwards (1494230454220->1494230451894), clear all data and history...
17-05-09 04:39:40 [WARNING] System time ran backwards (1494319180947->1494319178860), clear all data and history...
17-05-28 15:34:01 [INFO] Logger started.
17-05-28 15:34:01 [INFO] Logging system initialized.
17-05-28 15:34:01 [INFO] Detected Minecraft version: 1.11.2
17-05-28 15:34:05 [INFO] McAccess set to: 1.11-1.11.2 / Spigot-CB-1.11_R1
17-05-28 15:34:05 [INFO] Added block-info for Minecraft 1.5 blocks.
17-05-28 15:34:05 [INFO] Added block-info for Minecraft 1.6.1 blocks.
17-05-28 15:34:05 [INFO] Added block-info for Minecraft 1.7.2 blocks.
17-05-28 15:34:05 [INFO] Added block-info for Minecraft 1.8 blocks.
17-05-28 15:34:05 [INFO] Added block-info for Minecraft 1.9 blocks.
17-05-28 15:34:05 [INFO] Added block-info for Minecraft 1.10 blocks.
17-05-28 15:34:05 [INFO] Added block-info for Minecraft 1.11 blocks.
17-05-28 15:34:06 [INFO] Inventory checks: FastConsume is available, disabled InstantEat.
17-05-28 15:34:06 [INFO] Packet level access: ProtocolLib is not available.
17-05-28 15:34:06 [INFO] Force disable FastHeal on Minecraft 1.9 and later.
17-05-28 15:34:06 [INFO] Version 3.15.0-SNAPSHOT-sMD5NET-b1082 is enabled.
17-05-28 15:34:06 [INFO] [GenericInstanceRegistry] Registered for fr.neatmonster.nocheatplus.stats.Counters: fr.neatmonster.nocheatplus.stats.Counters
17-05-28 15:34:06 [INFO] [GenericInstanceRegistry] Registered for fr.neatmonster.nocheatplus.checks.workaround.WRPT: fr.neatmonster.nocheatplus.checks.workaround.WRPT
17-05-28 15:34:06 [INFO] [GenericInstanceRegistry] Registered for fr.neatmonster.nocheatplus.checks.moving.location.tracking.LocationTrace$TraceEntryPool: fr.neatmonster.nocheatplus.checks.moving.location.tracking.LocationTrace$TraceEntryPool
17-05-28 15:34:06 [INFO] [GenericInstanceRegistry] Registered for fr.neatmonster.nocheatplus.utilities.entity.PassengerUtil: fr.neatmonster.nocheatplus.utilities.entity.PassengerUtil
17-05-28 15:34:06 [INFO] [GenericInstanceRegistry] Registered for java.util.Random: java.util.Random
17-05-28 15:34:06 [INFO] [GenericInstanceRegistry] Registered for fr.neatmonster.nocheatplus.compat.IBridgeCrossPlugin: fr.neatmonster.nocheatplus.compat.meta.BridgeCrossPlugin
17-05-28 15:34:06 [INFO] [GenericInstanceRegistry] Registered for fr.neatmonster.nocheatplus.compat.MCAccess: fr.neatmonster.nocheatplus.compat.cbdev.MCAccessCBDev
17-05-28 15:34:06 [INFO] [GenericInstanceRegistry] Registered for fr.neatmonster.nocheatplus.utilities.map.BlockCache: fr.neatmonster.nocheatplus.compat.cbdev.BlockCacheCBDev
17-05-28 15:34:06 [INFO] [GenericInstanceRegistry] Registered for fr.neatmonster.nocheatplus.components.modifier.IAttributeAccess: fr.neatmonster.nocheatplus.compat.cbdev.AttributeAccess
17-05-28 15:34:06 [INFO] [GenericInstanceRegistry] Registered for fr.neatmonster.nocheatplus.components.entity.IEntityAccessLastPositionAndLook: fr.neatmonster.nocheatplus.compat.cbdev.EntityAccessLastPositionAndLook
17-05-28 15:34:06 [INFO] [GenericInstanceRegistry] Registered for fr.neatmonster.nocheatplus.components.entity.IEntityAccessVehicle: fr.neatmonster.nocheatplus.compat.bukkit.EntityAccessVehicleMultiPassenger
17-05-28 15:34:06 [INFO] [GenericInstanceRegistry] Registered for fr.neatmonster.nocheatplus.checks.moving.util.AuxMoving: fr.neatmonster.nocheatplus.checks.moving.util.AuxMoving
17-05-28 15:34:06 [INFO] Added hook: AllViolations(NCP) [1.0].
17-05-28 15:34:06 [INFO] Post-enable running...
17-05-28 15:34:06 [INFO] Post-enable finished.
17-05-28 15:34:07 [INFO] ---- Version information ----
#### Server ####
git-Spigot-9ba269b-c19c293 ~MC: 1.11.2~
  detected: 1.11.2
#### NoCheatPlus ####
Plugin: 3.15.0-SNAPSHOT-sMD5NET-b1082
MCAccess: 1.11-1.11.2 / Spigot-CB-1.11_R1
Features:
  blocks: BlocksMC1_4 | BlocksMC1_5 | BlocksMC1_6_1 | BlocksMC1_7_2 | BlocksMC1_8 | BlocksMC1_9 | BlocksMC1_10 | BlocksMC1_11
  checks: FastConsume | Gutenberg | HotFixFallingBlockPortalEnter
  defaults: pvpKnockBackVelocity
Hooks: AllViolations~NCP~ 1.0
