[15:22:39] [Server thread/INFO]: Starting minecraft server version 1.11.2
[15:22:40] [Server thread/INFO]: Loading properties
[15:22:40] [Server thread/INFO]: Default game type: SURVIVAL
[15:22:40] [Server thread/INFO]: This server is running CraftBukkit version git-Spigot-9ba269b-c19c293 (MC: 1.11.2) (Implementing API version 1.11.2-R0.1-SNAPSHOT)
[15:22:40] [Server thread/INFO]: Debug logging is disabled
[15:22:40] [Server thread/INFO]: Server Ping Player Sample Count: 12
[15:22:40] [Server thread/INFO]: Using 4 threads for Netty based IO
[15:22:40] [Server thread/INFO]: Generating keypair
[15:22:40] [Server thread/INFO]: Starting Minecraft server on *:25566
[15:22:40] [Server thread/INFO]: Using default channel type
[15:22:41] [Server thread/INFO]: Set PluginClassLoader as parallel capable
[15:22:41] [Server thread/INFO]: [AsyncWorldEditInjector] Loading AsyncWorldEditInjector v3.4.9
[15:22:41] [Server thread/INFO]: [NoCheatPlus] Loading NoCheatPlus v3.15.0-SNAPSHOT-sMD5NET-b1082
[15:22:41] [Server thread/INFO]: [NoCheatPlus] onLoad: Early set up of static API, configuration, logging.
[15:22:42] [Server thread/INFO]: [NoCheatPlus] Logging system initialized.
[15:22:42] [Server thread/INFO]: [NoCheatPlus] Detected Minecraft version: 1.11.2
[15:22:42] [Server thread/INFO]: [AsyncWorldEdit] Loading AsyncWorldEdit v3.4.9
[15:22:42] [Server thread/INFO]: [SimplyPortals] Loading SimplyPortals v1.4
[15:22:42] [Server thread/INFO]: [WorldEdit] Loading WorldEdit v6.1.5;4651611
[15:22:42] [Server thread/INFO]: [AsyncWorldEditInjector] Enabling AsyncWorldEditInjector v3.4.9
[15:22:42] [Server thread/INFO]: [AsyncWorldEditInjector] Injector platform set to: InjectorBukkit
[15:22:42] [Server thread/INFO]: [AsyncWorldEditInjector] Injecting WorldEdit classes...
[15:22:42] [Server thread/INFO]: [AsyncWorldEditInjector] Class com.sk89q.worldedit.EditSession injected.
[15:22:42] [Server thread/INFO]: [AsyncWorldEditInjector] Class com.sk89q.worldedit.function.operation.Operations injected.
[15:22:42] [Server thread/INFO]: [AsyncWorldEditInjector] Class com.sk89q.worldedit.function.operation.ForwardExtentCopy injected.
[15:22:42] [Server thread/INFO]: [AsyncWorldEditInjector] Class com.sk89q.worldedit.extent.clipboard.BlockArrayClipboard injected.
[15:22:42] [Server thread/INFO]: [AsyncWorldEditInjector] Class com.sk89q.worldedit.command.FlattenedClipboardTransform injected.
[15:22:42] [Server thread/INFO]: [AsyncWorldEditInjector] Class com.sk89q.worldedit.extent.clipboard.io.ClipboardFormat injected.
[15:22:42] [Server thread/INFO]: [AsyncWorldEditInjector] Enabled
[15:22:42] [Server thread/INFO]: [AsyncWorldEdit] Enabling AsyncWorldEdit v3.4.9
[15:22:42] [Server thread/INFO]: [AsyncWorldEdit] Plugin installed
[15:22:43] [Server thread/INFO]: [AsyncWorldEdit] Platform set to Bukkit API
[15:22:43] [Server thread/INFO]: [AsyncWorldEdit] DirectChunkAPI adapter set to Spigot v1.11 R1
[15:22:43] [Server thread/INFO]: [AsyncWorldEdit] PlotMeFix set to class org.primesoft.asyncworldedit.plotme.NullFix.
[15:22:43] [Server thread/INFO]: [AsyncWorldEditInjector] New class factory set to: org.primesoft.asyncworldedit.injector.async.AsyncClassFactory
[15:22:43] [Server thread/INFO]: [AsyncWorldEdit] Enabled
[15:22:43] [Server thread/WARN]: **** SERVER IS RUNNING IN OFFLINE/INSECURE MODE!
[15:22:43] [Server thread/WARN]: The server will make no attempt to authenticate usernames. Beware.
[15:22:43] [Server thread/WARN]: Whilst this makes it possible to use BungeeCord, unless access to your server is properly restricted, it also opens up the ability for hackers to connect with any username they choose.
[15:22:43] [Server thread/WARN]: Please see http://www.spigotmc.org/wiki/firewall-guide/ for further information.
[15:22:43] [Server thread/WARN]: To change this, set "online-mode" to "true" in the server.properties file.
[15:22:43] [Server thread/INFO]: **** Beginning UUID conversion, this may take A LONG time ****
[15:22:43] [Server thread/INFO]: Preparing level "Hub"
[15:22:43] [Server thread/INFO]: -------- World Settings For [Hub] --------
[15:22:43] [Server thread/INFO]: Item Despawn Rate: 6000
[15:22:43] [Server thread/INFO]: Item Merge Radius: 2.5
[15:22:43] [Server thread/INFO]: Arrow Despawn Rate: 1200
[15:22:43] [Server thread/INFO]: Allow Zombie Pigmen to spawn from portal blocks: true
[15:22:43] [Server thread/INFO]: View Distance: 10
[15:22:43] [Server thread/INFO]: Experience Merge Radius: 3.0
[15:22:43] [Server thread/INFO]: Nerfing mobs spawned from spawners: false
[15:22:43] [Server thread/INFO]: Zombie Aggressive Towards Villager: true
[15:22:43] [Server thread/INFO]: Custom Map Seeds:  Village: 10387312 Feature: 14357617 Monument: 10387313 Slime: 987234911
[15:22:43] [Server thread/INFO]: Structure Info Saving: true
[15:22:43] [Server thread/INFO]: Cactus Growth Modifier: 100%
[15:22:43] [Server thread/INFO]: Cane Growth Modifier: 100%
[15:22:43] [Server thread/INFO]: Melon Growth Modifier: 100%
[15:22:43] [Server thread/INFO]: Mushroom Growth Modifier: 100%
[15:22:43] [Server thread/INFO]: Pumpkin Growth Modifier: 100%
[15:22:43] [Server thread/INFO]: Sapling Growth Modifier: 100%
[15:22:43] [Server thread/INFO]: Wheat Growth Modifier: 100%
[15:22:43] [Server thread/INFO]: NetherWart Growth Modifier: 100%
[15:22:43] [Server thread/INFO]: Vine Growth Modifier: 100%
[15:22:43] [Server thread/INFO]: Cocoa Growth Modifier: 100%
[15:22:43] [Server thread/INFO]: Entity Tracking Range: Pl 48 / An 48 / Mo 48 / Mi 32 / Other 64
[15:22:43] [Server thread/INFO]: Entity Activation Range: An 32 / Mo 32 / Mi 16
[15:22:43] [Server thread/INFO]: Hopper Transfer: 8 Hopper Check: 1 Hopper Amount: 1
[15:22:43] [Server thread/INFO]: Mob Spawn Range: 4
[15:22:43] [Server thread/INFO]: Random Lighting Updates: false
[15:22:43] [Server thread/INFO]: Max TNT Explosions: 100
[15:22:43] [Server thread/INFO]: Tile Max Tick Time: 50ms Entity max Tick Time: 50ms
[15:22:43] [Thread-8/INFO]: [AsyncWorldEdit] You have the latest version of the plugin.
[15:22:44] [Server thread/INFO]: -------- World Settings For [Hub_nether] --------
[15:22:44] [Server thread/INFO]: Item Despawn Rate: 6000
[15:22:44] [Server thread/INFO]: Item Merge Radius: 2.5
[15:22:44] [Server thread/INFO]: Arrow Despawn Rate: 1200
[15:22:44] [Server thread/INFO]: Allow Zombie Pigmen to spawn from portal blocks: true
[15:22:44] [Server thread/INFO]: View Distance: 10
[15:22:44] [Server thread/INFO]: Experience Merge Radius: 3.0
[15:22:44] [Server thread/INFO]: Nerfing mobs spawned from spawners: false
[15:22:44] [Server thread/INFO]: Zombie Aggressive Towards Villager: true
[15:22:44] [Server thread/INFO]: Custom Map Seeds:  Village: 10387312 Feature: 14357617 Monument: 10387313 Slime: 987234911
[15:22:44] [Server thread/INFO]: Structure Info Saving: true
[15:22:44] [Server thread/INFO]: Cactus Growth Modifier: 100%
[15:22:44] [Server thread/INFO]: Cane Growth Modifier: 100%
[15:22:44] [Server thread/INFO]: Melon Growth Modifier: 100%
[15:22:44] [Server thread/INFO]: Mushroom Growth Modifier: 100%
[15:22:44] [Server thread/INFO]: Pumpkin Growth Modifier: 100%
[15:22:44] [Server thread/INFO]: Sapling Growth Modifier: 100%
[15:22:44] [Server thread/INFO]: Wheat Growth Modifier: 100%
[15:22:44] [Server thread/INFO]: NetherWart Growth Modifier: 100%
[15:22:44] [Server thread/INFO]: Vine Growth Modifier: 100%
[15:22:44] [Server thread/INFO]: Cocoa Growth Modifier: 100%
[15:22:44] [Server thread/INFO]: Entity Tracking Range: Pl 48 / An 48 / Mo 48 / Mi 32 / Other 64
[15:22:44] [Server thread/INFO]: Entity Activation Range: An 32 / Mo 32 / Mi 16
[15:22:44] [Server thread/INFO]: Hopper Transfer: 8 Hopper Check: 1 Hopper Amount: 1
[15:22:44] [Server thread/INFO]: Mob Spawn Range: 4
[15:22:44] [Server thread/INFO]: Random Lighting Updates: false
[15:22:44] [Server thread/INFO]: Max TNT Explosions: 100
[15:22:44] [Server thread/INFO]: Tile Max Tick Time: 50ms Entity max Tick Time: 50ms
[15:22:44] [Server thread/INFO]: -------- World Settings For [Hub_the_end] --------
[15:22:44] [Server thread/INFO]: Item Despawn Rate: 6000
[15:22:44] [Server thread/INFO]: Item Merge Radius: 2.5
[15:22:44] [Server thread/INFO]: Arrow Despawn Rate: 1200
[15:22:44] [Server thread/INFO]: Allow Zombie Pigmen to spawn from portal blocks: true
[15:22:44] [Server thread/INFO]: View Distance: 10
[15:22:44] [Server thread/INFO]: Experience Merge Radius: 3.0
[15:22:44] [Server thread/INFO]: Nerfing mobs spawned from spawners: false
[15:22:44] [Server thread/INFO]: Zombie Aggressive Towards Villager: true
[15:22:44] [Server thread/INFO]: Custom Map Seeds:  Village: 10387312 Feature: 14357617 Monument: 10387313 Slime: 987234911
[15:22:44] [Server thread/INFO]: Structure Info Saving: true
[15:22:44] [Server thread/INFO]: Cactus Growth Modifier: 100%
[15:22:44] [Server thread/INFO]: Cane Growth Modifier: 100%
[15:22:44] [Server thread/INFO]: Melon Growth Modifier: 100%
[15:22:44] [Server thread/INFO]: Mushroom Growth Modifier: 100%
[15:22:44] [Server thread/INFO]: Pumpkin Growth Modifier: 100%
[15:22:44] [Server thread/INFO]: Sapling Growth Modifier: 100%
[15:22:44] [Server thread/INFO]: Wheat Growth Modifier: 100%
[15:22:44] [Server thread/INFO]: NetherWart Growth Modifier: 100%
[15:22:44] [Server thread/INFO]: Vine Growth Modifier: 100%
[15:22:44] [Server thread/INFO]: Cocoa Growth Modifier: 100%
[15:22:44] [Server thread/INFO]: Entity Tracking Range: Pl 48 / An 48 / Mo 48 / Mi 32 / Other 64
[15:22:44] [Server thread/INFO]: Entity Activation Range: An 32 / Mo 32 / Mi 16
[15:22:44] [Server thread/INFO]: Hopper Transfer: 8 Hopper Check: 1 Hopper Amount: 1
[15:22:44] [Server thread/INFO]: Mob Spawn Range: 4
[15:22:44] [Server thread/INFO]: Random Lighting Updates: false
[15:22:44] [Server thread/INFO]: Max TNT Explosions: 100
[15:22:44] [Server thread/INFO]: Tile Max Tick Time: 50ms Entity max Tick Time: 50ms
[15:22:44] [Server thread/INFO]: Preparing start region for level 0 (Seed: 4748830656081302063)
[15:22:45] [Server thread/INFO]: Preparing start region for level 1 (Seed: -9138182989204858159)
[15:22:46] [Server thread/INFO]: Preparing spawn area: 75%
[15:22:46] [Server thread/INFO]: Preparing start region for level 2 (Seed: -9138182989204858159)
[15:22:47] [Server thread/INFO]: [NoCheatPlus] Enabling NoCheatPlus v3.15.0-SNAPSHOT-sMD5NET-b1082
[15:22:47] [Server thread/INFO]: [NoCheatPlus] McAccess set to: 1.11-1.11.2 / Spigot-CB-1.11_R1
[15:22:47] [Server thread/INFO]: [NoCheatPlus] Added block-info for Minecraft 1.5 blocks.
[15:22:47] [Server thread/INFO]: [NoCheatPlus] Added block-info for Minecraft 1.6.1 blocks.
[15:22:47] [Server thread/INFO]: [NoCheatPlus] Added block-info for Minecraft 1.7.2 blocks.
[15:22:47] [Server thread/INFO]: [NoCheatPlus] Added block-info for Minecraft 1.8 blocks.
[15:22:47] [Server thread/INFO]: [NoCheatPlus] Added block-info for Minecraft 1.9 blocks.
[15:22:47] [Server thread/INFO]: [NoCheatPlus] Added block-info for Minecraft 1.10 blocks.
[15:22:47] [Server thread/INFO]: [NoCheatPlus] Added block-info for Minecraft 1.11 blocks.
[15:22:47] [Server thread/INFO]: [NoCheatPlus] Inventory checks: FastConsume is available, disabled InstantEat.
[15:22:47] [Server thread/INFO]: [NoCheatPlus] Packet level access: ProtocolLib is not available.
[15:22:47] [Server thread/INFO]: [NoCheatPlus] Force disable FastHeal on Minecraft 1.9 and later.
[15:22:47] [Server thread/INFO]: [NoCheatPlus] Version 3.15.0-SNAPSHOT-sMD5NET-b1082 is enabled.
[15:22:47] [Server thread/INFO]: [SimplyPortals] Enabling SimplyPortals v1.4
[15:22:47] [Server thread/INFO]: [SimplyPortals] BungeeCord Plugin Channel registered!
[15:22:47] [Server thread/INFO]: [SimplyPortals] Listeners registered!
[15:22:47] [Server thread/INFO]: [SimplyPortals] Commands registered!
[15:22:47] [Server thread/WARN]: INVALID ARGUMENTS
[15:22:47] [Server thread/WARN]: Portal null has no locations! Deleting...
[15:22:47] [Server thread/INFO]: [WorldEdit] Enabling WorldEdit v6.1.5;4651611
[15:22:48] [Server thread/INFO]: WEPIF: Using the Bukkit Permissions API.
[15:22:48] [Server thread/INFO]: [WorldEdit] Using com.sk89q.worldedit.bukkit.adapter.impl.Spigot_v1_11_R1 as the Bukkit adapter
[15:22:48] [Server thread/INFO]: [AsyncWorldEdit] Initializing WorldEdit.
[15:22:48] [Server thread/INFO]: [AsyncWorldEdit] Direct chunk commands...enabled
[15:22:48] [Server thread/INFO]: Server permissions file permissions.yml is empty, ignoring it
[15:22:48] [Server thread/INFO]: Done (4.781s)! For help, type "help" or "?"
[15:22:48] [Server thread/INFO]: [AsyncWorldEdit] Loading plugins...
[15:22:48] [Craft Scheduler Thread - 2/INFO]: [NoCheatPlus] Added hook: AllViolations(NCP) [1.0].
[15:22:48] [Server thread/INFO]: [NoCheatPlus] Post-enable running...
[15:22:48] [Server thread/INFO]: [NoCheatPlus] Post-enable finished.
