17-04-22 15:15:54 [INFO] Logger started.
17-04-22 15:15:54 [INFO] Logging system initialized.
17-04-22 15:15:54 [INFO] Detected Minecraft version: 1.11.2
17-04-22 15:15:58 [INFO] McAccess set to: 1.11-1.11.2 / Spigot-CB-1.11_R1
17-04-22 15:15:58 [INFO] Added block-info for Minecraft 1.5 blocks.
17-04-22 15:15:58 [INFO] Added block-info for Minecraft 1.6.1 blocks.
17-04-22 15:15:58 [INFO] Added block-info for Minecraft 1.7.2 blocks.
17-04-22 15:15:58 [INFO] Added block-info for Minecraft 1.8 blocks.
17-04-22 15:15:58 [INFO] Added block-info for Minecraft 1.9 blocks.
17-04-22 15:15:58 [INFO] Added block-info for Minecraft 1.10 blocks.
17-04-22 15:15:58 [INFO] Added block-info for Minecraft 1.11 blocks.
17-04-22 15:15:58 [INFO] Inventory checks: FastConsume is available, disabled InstantEat.
17-04-22 15:15:58 [INFO] Packet level access: ProtocolLib is not available.
17-04-22 15:15:58 [INFO] Force disable FastHeal on Minecraft 1.9 and later.
17-04-22 15:15:58 [INFO] Version 3.15.0-SNAPSHOT-sMD5NET-b1082 is enabled.
17-04-22 15:15:59 [INFO] Post-enable running...
17-04-22 15:15:59 [INFO] [GenericInstanceRegistry] Registered for fr.neatmonster.nocheatplus.stats.Counters: fr.neatmonster.nocheatplus.stats.Counters
17-04-22 15:15:59 [INFO] [GenericInstanceRegistry] Registered for fr.neatmonster.nocheatplus.checks.workaround.WRPT: fr.neatmonster.nocheatplus.checks.workaround.WRPT
17-04-22 15:15:59 [INFO] [GenericInstanceRegistry] Registered for fr.neatmonster.nocheatplus.checks.moving.location.tracking.LocationTrace$TraceEntryPool: fr.neatmonster.nocheatplus.checks.moving.location.tracking.LocationTrace$TraceEntryPool
17-04-22 15:15:59 [INFO] [GenericInstanceRegistry] Registered for fr.neatmonster.nocheatplus.utilities.entity.PassengerUtil: fr.neatmonster.nocheatplus.utilities.entity.PassengerUtil
17-04-22 15:15:59 [INFO] [GenericInstanceRegistry] Registered for java.util.Random: java.util.Random
17-04-22 15:15:59 [INFO] [GenericInstanceRegistry] Registered for fr.neatmonster.nocheatplus.compat.IBridgeCrossPlugin: fr.neatmonster.nocheatplus.compat.meta.BridgeCrossPlugin
17-04-22 15:15:59 [INFO] [GenericInstanceRegistry] Registered for fr.neatmonster.nocheatplus.compat.MCAccess: fr.neatmonster.nocheatplus.compat.cbdev.MCAccessCBDev
17-04-22 15:15:59 [INFO] [GenericInstanceRegistry] Registered for fr.neatmonster.nocheatplus.utilities.map.BlockCache: fr.neatmonster.nocheatplus.compat.cbdev.BlockCacheCBDev
17-04-22 15:15:59 [INFO] [GenericInstanceRegistry] Registered for fr.neatmonster.nocheatplus.components.modifier.IAttributeAccess: fr.neatmonster.nocheatplus.compat.cbdev.AttributeAccess
17-04-22 15:15:59 [INFO] [GenericInstanceRegistry] Registered for fr.neatmonster.nocheatplus.components.entity.IEntityAccessLastPositionAndLook: fr.neatmonster.nocheatplus.compat.cbdev.EntityAccessLastPositionAndLook
17-04-22 15:15:59 [INFO] [GenericInstanceRegistry] Registered for fr.neatmonster.nocheatplus.components.entity.IEntityAccessVehicle: fr.neatmonster.nocheatplus.compat.bukkit.EntityAccessVehicleMultiPassenger
17-04-22 15:15:59 [INFO] [GenericInstanceRegistry] Registered for fr.neatmonster.nocheatplus.checks.moving.util.AuxMoving: fr.neatmonster.nocheatplus.checks.moving.util.AuxMoving
17-04-22 15:15:59 [INFO] Added hook: AllViolations(NCP) [1.0].
17-04-22 15:16:00 [INFO] Post-enable finished.
17-04-22 15:16:00 [INFO] ---- Version information ----
#### Server ####
git-Spigot-625bc00-41a7d14 ~MC: 1.11.2~
  detected: 1.11.2
#### NoCheatPlus ####
Plugin: 3.15.0-SNAPSHOT-sMD5NET-b1082
MCAccess: 1.11-1.11.2 / Spigot-CB-1.11_R1
Features:
  blocks: BlocksMC1_4 | BlocksMC1_5 | BlocksMC1_6_1 | BlocksMC1_7_2 | BlocksMC1_8 | BlocksMC1_9 | BlocksMC1_10 | BlocksMC1_11
  checks: FastConsume | Gutenberg | HotFixFallingBlockPortalEnter
  defaults: pvpKnockBackVelocity
Hooks: AllViolations~NCP~ 1.0
17-04-29 16:15:16 [INFO] Logger started.
17-04-29 16:15:16 [INFO] Logging system initialized.
17-04-29 16:15:16 [INFO] Detected Minecraft version: 1.11.2
17-04-29 16:15:21 [INFO] McAccess set to: 1.11-1.11.2 / Spigot-CB-1.11_R1
17-04-29 16:15:21 [INFO] Added block-info for Minecraft 1.5 blocks.
17-04-29 16:15:21 [INFO] Added block-info for Minecraft 1.6.1 blocks.
17-04-29 16:15:21 [INFO] Added block-info for Minecraft 1.7.2 blocks.
17-04-29 16:15:21 [INFO] Added block-info for Minecraft 1.8 blocks.
17-04-29 16:15:21 [INFO] Added block-info for Minecraft 1.9 blocks.
17-04-29 16:15:21 [INFO] Added block-info for Minecraft 1.10 blocks.
17-04-29 16:15:21 [INFO] Added block-info for Minecraft 1.11 blocks.
17-04-29 16:15:21 [INFO] Inventory checks: FastConsume is available, disabled InstantEat.
17-04-29 16:15:21 [INFO] Packet level access: ProtocolLib is not available.
17-04-29 16:15:21 [INFO] Force disable FastHeal on Minecraft 1.9 and later.
17-04-29 16:15:21 [INFO] Version 3.15.0-SNAPSHOT-sMD5NET-b1082 is enabled.
17-04-29 16:15:22 [INFO] Post-enable running...
17-04-29 16:15:22 [INFO] [GenericInstanceRegistry] Registered for fr.neatmonster.nocheatplus.stats.Counters: fr.neatmonster.nocheatplus.stats.Counters
17-04-29 16:15:22 [INFO] [GenericInstanceRegistry] Registered for fr.neatmonster.nocheatplus.checks.workaround.WRPT: fr.neatmonster.nocheatplus.checks.workaround.WRPT
17-04-29 16:15:22 [INFO] [GenericInstanceRegistry] Registered for fr.neatmonster.nocheatplus.checks.moving.location.tracking.LocationTrace$TraceEntryPool: fr.neatmonster.nocheatplus.checks.moving.location.tracking.LocationTrace$TraceEntryPool
17-04-29 16:15:22 [INFO] [GenericInstanceRegistry] Registered for fr.neatmonster.nocheatplus.utilities.entity.PassengerUtil: fr.neatmonster.nocheatplus.utilities.entity.PassengerUtil
17-04-29 16:15:22 [INFO] [GenericInstanceRegistry] Registered for java.util.Random: java.util.Random
17-04-29 16:15:22 [INFO] [GenericInstanceRegistry] Registered for fr.neatmonster.nocheatplus.compat.IBridgeCrossPlugin: fr.neatmonster.nocheatplus.compat.meta.BridgeCrossPlugin
17-04-29 16:15:22 [INFO] [GenericInstanceRegistry] Registered for fr.neatmonster.nocheatplus.compat.MCAccess: fr.neatmonster.nocheatplus.compat.cbdev.MCAccessCBDev
17-04-29 16:15:22 [INFO] [GenericInstanceRegistry] Registered for fr.neatmonster.nocheatplus.utilities.map.BlockCache: fr.neatmonster.nocheatplus.compat.cbdev.BlockCacheCBDev
17-04-29 16:15:22 [INFO] [GenericInstanceRegistry] Registered for fr.neatmonster.nocheatplus.components.modifier.IAttributeAccess: fr.neatmonster.nocheatplus.compat.cbdev.AttributeAccess
17-04-29 16:15:22 [INFO] [GenericInstanceRegistry] Registered for fr.neatmonster.nocheatplus.components.entity.IEntityAccessLastPositionAndLook: fr.neatmonster.nocheatplus.compat.cbdev.EntityAccessLastPositionAndLook
17-04-29 16:15:22 [INFO] [GenericInstanceRegistry] Registered for fr.neatmonster.nocheatplus.components.entity.IEntityAccessVehicle: fr.neatmonster.nocheatplus.compat.bukkit.EntityAccessVehicleMultiPassenger
17-04-29 16:15:22 [INFO] [GenericInstanceRegistry] Registered for fr.neatmonster.nocheatplus.checks.moving.util.AuxMoving: fr.neatmonster.nocheatplus.checks.moving.util.AuxMoving
17-04-29 16:15:22 [INFO] Added hook: AllViolations(NCP) [1.0].
17-04-29 16:15:23 [INFO] Post-enable finished.
17-04-29 16:15:23 [INFO] ---- Version information ----
#### Server ####
git-Spigot-9ba269b-c19c293 ~MC: 1.11.2~
  detected: 1.11.2
#### NoCheatPlus ####
Plugin: 3.15.0-SNAPSHOT-sMD5NET-b1082
MCAccess: 1.11-1.11.2 / Spigot-CB-1.11_R1
Features:
  blocks: BlocksMC1_4 | BlocksMC1_5 | BlocksMC1_6_1 | BlocksMC1_7_2 | BlocksMC1_8 | BlocksMC1_9 | BlocksMC1_10 | BlocksMC1_11
  checks: FastConsume | Gutenberg | HotFixFallingBlockPortalEnter
  defaults: pvpKnockBackVelocity
Hooks: AllViolations~NCP~ 1.0
17-04-30 18:39:10 [INFO] jamesdabeast50 failed SurvivalFly: tried to move: 1.34, 152.02, 254.44 -> 1.34, 152.42, 254.44, d=0.40 (vdistrel+lowjump+ychincfly+vacc). VL 145.
17-04-30 19:01:37 [INFO] jamesdabeast50 failed SurvivalFly: tried to move: 6.30, 150.00, 254.50 -> (HOVER), d=0.0(HOVER) (hover). VL 500.
17-04-30 19:41:35 [INFO] Removed hook: AllViolations(NCP) [1.0].
17-04-30 19:41:35 [FINE] | canceldead 0 | illegalitem 0 | boatsanywhere 0 | throwenderpearl 0 | fakeinvulnerable 0 | eggonentity 0 | event.player.move.handled 98581 (98581/0) | event.player.move.handled.pos 43615 (43615/0) | event.player.move.handled.look 9172 (9172/0) | event.player.move.handled.pos_look 45779 (45779/0) |
17-04-30 19:41:35 [INFO] [GenericInstanceRegistry] Registry cleared.
17-04-30 19:42:01 [INFO] Logger started.
17-04-30 19:42:01 [INFO] Logging system initialized.
17-04-30 19:42:01 [INFO] Detected Minecraft version: 1.11.2
17-04-30 19:42:05 [INFO] McAccess set to: 1.11-1.11.2 / Spigot-CB-1.11_R1
17-04-30 19:42:05 [INFO] Added block-info for Minecraft 1.5 blocks.
17-04-30 19:42:05 [INFO] Added block-info for Minecraft 1.6.1 blocks.
17-04-30 19:42:05 [INFO] Added block-info for Minecraft 1.7.2 blocks.
17-04-30 19:42:05 [INFO] Added block-info for Minecraft 1.8 blocks.
17-04-30 19:42:05 [INFO] Added block-info for Minecraft 1.9 blocks.
17-04-30 19:42:05 [INFO] Added block-info for Minecraft 1.10 blocks.
17-04-30 19:42:05 [INFO] Added block-info for Minecraft 1.11 blocks.
17-04-30 19:42:05 [INFO] Inventory checks: FastConsume is available, disabled InstantEat.
17-04-30 19:42:05 [INFO] Packet level access: ProtocolLib is not available.
17-04-30 19:42:05 [INFO] Force disable FastHeal on Minecraft 1.9 and later.
17-04-30 19:42:05 [INFO] Version 3.15.0-SNAPSHOT-sMD5NET-b1082 is enabled.
17-04-30 19:42:08 [INFO] Post-enable running...
17-04-30 19:42:08 [INFO] [GenericInstanceRegistry] Registered for fr.neatmonster.nocheatplus.stats.Counters: fr.neatmonster.nocheatplus.stats.Counters
17-04-30 19:42:08 [INFO] [GenericInstanceRegistry] Registered for fr.neatmonster.nocheatplus.checks.workaround.WRPT: fr.neatmonster.nocheatplus.checks.workaround.WRPT
17-04-30 19:42:08 [INFO] [GenericInstanceRegistry] Registered for fr.neatmonster.nocheatplus.checks.moving.location.tracking.LocationTrace$TraceEntryPool: fr.neatmonster.nocheatplus.checks.moving.location.tracking.LocationTrace$TraceEntryPool
17-04-30 19:42:08 [INFO] [GenericInstanceRegistry] Registered for fr.neatmonster.nocheatplus.utilities.entity.PassengerUtil: fr.neatmonster.nocheatplus.utilities.entity.PassengerUtil
17-04-30 19:42:08 [INFO] [GenericInstanceRegistry] Registered for java.util.Random: java.util.Random
17-04-30 19:42:08 [INFO] [GenericInstanceRegistry] Registered for fr.neatmonster.nocheatplus.compat.IBridgeCrossPlugin: fr.neatmonster.nocheatplus.compat.meta.BridgeCrossPlugin
17-04-30 19:42:08 [INFO] [GenericInstanceRegistry] Registered for fr.neatmonster.nocheatplus.compat.MCAccess: fr.neatmonster.nocheatplus.compat.cbdev.MCAccessCBDev
17-04-30 19:42:08 [INFO] [GenericInstanceRegistry] Registered for fr.neatmonster.nocheatplus.utilities.map.BlockCache: fr.neatmonster.nocheatplus.compat.cbdev.BlockCacheCBDev
17-04-30 19:42:08 [INFO] [GenericInstanceRegistry] Registered for fr.neatmonster.nocheatplus.components.modifier.IAttributeAccess: fr.neatmonster.nocheatplus.compat.cbdev.AttributeAccess
17-04-30 19:42:08 [INFO] [GenericInstanceRegistry] Registered for fr.neatmonster.nocheatplus.components.entity.IEntityAccessLastPositionAndLook: fr.neatmonster.nocheatplus.compat.cbdev.EntityAccessLastPositionAndLook
17-04-30 19:42:08 [INFO] [GenericInstanceRegistry] Registered for fr.neatmonster.nocheatplus.components.entity.IEntityAccessVehicle: fr.neatmonster.nocheatplus.compat.bukkit.EntityAccessVehicleMultiPassenger
17-04-30 19:42:08 [INFO] [GenericInstanceRegistry] Registered for fr.neatmonster.nocheatplus.checks.moving.util.AuxMoving: fr.neatmonster.nocheatplus.checks.moving.util.AuxMoving
17-04-30 19:42:09 [INFO] Added hook: AllViolations(NCP) [1.0].
17-04-30 19:42:09 [INFO] Post-enable finished.
17-04-30 19:42:09 [INFO] ---- Version information ----
#### Server ####
git-Spigot-9ba269b-c19c293 ~MC: 1.11.2~
  detected: 1.11.2
#### NoCheatPlus ####
Plugin: 3.15.0-SNAPSHOT-sMD5NET-b1082
MCAccess: 1.11-1.11.2 / Spigot-CB-1.11_R1
Features:
  blocks: BlocksMC1_4 | BlocksMC1_5 | BlocksMC1_6_1 | BlocksMC1_7_2 | BlocksMC1_8 | BlocksMC1_9 | BlocksMC1_10 | BlocksMC1_11
  checks: FastConsume | Gutenberg | HotFixFallingBlockPortalEnter
  defaults: pvpKnockBackVelocity
Hooks: AllViolations~NCP~ 1.0
17-05-01 20:13:14 [INFO] Removed hook: AllViolations(NCP) [1.0].
17-05-01 20:13:14 [FINE] | canceldead 0 | illegalitem 0 | boatsanywhere 0 | throwenderpearl 0 | fakeinvulnerable 0 | eggonentity 0 | event.player.move.handled 655 (655/0) | event.player.move.handled.pos 270 (270/0) | event.player.move.handled.look 61 (61/0) | event.player.move.handled.pos_look 324 (324/0) |
17-05-01 20:13:14 [INFO] [GenericInstanceRegistry] Registry cleared.
17-05-01 20:13:29 [INFO] Logger started.
17-05-01 20:13:29 [INFO] Logging system initialized.
17-05-01 20:13:29 [INFO] Detected Minecraft version: 1.11.2
17-05-01 20:13:33 [INFO] McAccess set to: 1.11-1.11.2 / Spigot-CB-1.11_R1
17-05-01 20:13:33 [INFO] Added block-info for Minecraft 1.5 blocks.
17-05-01 20:13:33 [INFO] Added block-info for Minecraft 1.6.1 blocks.
17-05-01 20:13:33 [INFO] Added block-info for Minecraft 1.7.2 blocks.
17-05-01 20:13:33 [INFO] Added block-info for Minecraft 1.8 blocks.
17-05-01 20:13:33 [INFO] Added block-info for Minecraft 1.9 blocks.
17-05-01 20:13:33 [INFO] Added block-info for Minecraft 1.10 blocks.
17-05-01 20:13:33 [INFO] Added block-info for Minecraft 1.11 blocks.
17-05-01 20:13:33 [INFO] Inventory checks: FastConsume is available, disabled InstantEat.
17-05-01 20:13:33 [INFO] Packet level access: ProtocolLib is not available.
17-05-01 20:13:33 [INFO] Force disable FastHeal on Minecraft 1.9 and later.
17-05-01 20:13:33 [INFO] Version 3.15.0-SNAPSHOT-sMD5NET-b1082 is enabled.
17-05-01 20:13:36 [INFO] Post-enable running...
17-05-01 20:13:36 [INFO] [GenericInstanceRegistry] Registered for fr.neatmonster.nocheatplus.stats.Counters: fr.neatmonster.nocheatplus.stats.Counters
17-05-01 20:13:36 [INFO] [GenericInstanceRegistry] Registered for fr.neatmonster.nocheatplus.checks.workaround.WRPT: fr.neatmonster.nocheatplus.checks.workaround.WRPT
17-05-01 20:13:36 [INFO] [GenericInstanceRegistry] Registered for fr.neatmonster.nocheatplus.checks.moving.location.tracking.LocationTrace$TraceEntryPool: fr.neatmonster.nocheatplus.checks.moving.location.tracking.LocationTrace$TraceEntryPool
17-05-01 20:13:36 [INFO] [GenericInstanceRegistry] Registered for fr.neatmonster.nocheatplus.utilities.entity.PassengerUtil: fr.neatmonster.nocheatplus.utilities.entity.PassengerUtil
17-05-01 20:13:36 [INFO] [GenericInstanceRegistry] Registered for java.util.Random: java.util.Random
17-05-01 20:13:36 [INFO] [GenericInstanceRegistry] Registered for fr.neatmonster.nocheatplus.compat.IBridgeCrossPlugin: fr.neatmonster.nocheatplus.compat.meta.BridgeCrossPlugin
17-05-01 20:13:36 [INFO] [GenericInstanceRegistry] Registered for fr.neatmonster.nocheatplus.compat.MCAccess: fr.neatmonster.nocheatplus.compat.cbdev.MCAccessCBDev
17-05-01 20:13:36 [INFO] [GenericInstanceRegistry] Registered for fr.neatmonster.nocheatplus.utilities.map.BlockCache: fr.neatmonster.nocheatplus.compat.cbdev.BlockCacheCBDev
17-05-01 20:13:36 [INFO] [GenericInstanceRegistry] Registered for fr.neatmonster.nocheatplus.components.modifier.IAttributeAccess: fr.neatmonster.nocheatplus.compat.cbdev.AttributeAccess
17-05-01 20:13:36 [INFO] [GenericInstanceRegistry] Registered for fr.neatmonster.nocheatplus.components.entity.IEntityAccessLastPositionAndLook: fr.neatmonster.nocheatplus.compat.cbdev.EntityAccessLastPositionAndLook
17-05-01 20:13:36 [INFO] [GenericInstanceRegistry] Registered for fr.neatmonster.nocheatplus.components.entity.IEntityAccessVehicle: fr.neatmonster.nocheatplus.compat.bukkit.EntityAccessVehicleMultiPassenger
17-05-01 20:13:36 [INFO] [GenericInstanceRegistry] Registered for fr.neatmonster.nocheatplus.checks.moving.util.AuxMoving: fr.neatmonster.nocheatplus.checks.moving.util.AuxMoving
17-05-01 20:13:36 [INFO] Added hook: AllViolations(NCP) [1.0].
17-05-01 20:13:36 [INFO] Post-enable finished.
17-05-01 20:13:37 [INFO] ---- Version information ----
#### Server ####
git-Spigot-9ba269b-c19c293 ~MC: 1.11.2~
  detected: 1.11.2
#### NoCheatPlus ####
Plugin: 3.15.0-SNAPSHOT-sMD5NET-b1082
MCAccess: 1.11-1.11.2 / Spigot-CB-1.11_R1
Features:
  blocks: BlocksMC1_4 | BlocksMC1_5 | BlocksMC1_6_1 | BlocksMC1_7_2 | BlocksMC1_8 | BlocksMC1_9 | BlocksMC1_10 | BlocksMC1_11
  checks: FastConsume | Gutenberg | HotFixFallingBlockPortalEnter
  defaults: pvpKnockBackVelocity
Hooks: AllViolations~NCP~ 1.0
17-05-01 20:15:13 [INFO] Removed hook: AllViolations(NCP) [1.0].
17-05-01 20:15:13 [FINE] | canceldead 0 | illegalitem 0 | boatsanywhere 0 | throwenderpearl 0 | fakeinvulnerable 0 | eggonentity 0 | event.player.move.handled 601 (601/0) | event.player.move.handled.pos 268 (268/0) | event.player.move.handled.look 24 (24/0) | event.player.move.handled.pos_look 309 (309/0) |
17-05-01 20:15:13 [INFO] [GenericInstanceRegistry] Registry cleared.
17-05-01 20:15:30 [INFO] Logger started.
17-05-01 20:15:30 [INFO] Logging system initialized.
17-05-01 20:15:30 [INFO] Detected Minecraft version: 1.11.2
17-05-01 20:15:34 [INFO] McAccess set to: 1.11-1.11.2 / Spigot-CB-1.11_R1
17-05-01 20:15:34 [INFO] Added block-info for Minecraft 1.5 blocks.
17-05-01 20:15:34 [INFO] Added block-info for Minecraft 1.6.1 blocks.
17-05-01 20:15:34 [INFO] Added block-info for Minecraft 1.7.2 blocks.
17-05-01 20:15:34 [INFO] Added block-info for Minecraft 1.8 blocks.
17-05-01 20:15:34 [INFO] Added block-info for Minecraft 1.9 blocks.
17-05-01 20:15:34 [INFO] Added block-info for Minecraft 1.10 blocks.
17-05-01 20:15:34 [INFO] Added block-info for Minecraft 1.11 blocks.
17-05-01 20:15:34 [INFO] Inventory checks: FastConsume is available, disabled InstantEat.
17-05-01 20:15:34 [INFO] Packet level access: ProtocolLib is not available.
17-05-01 20:15:34 [INFO] Force disable FastHeal on Minecraft 1.9 and later.
17-05-01 20:15:34 [INFO] Version 3.15.0-SNAPSHOT-sMD5NET-b1082 is enabled.
17-05-01 20:15:35 [INFO] [GenericInstanceRegistry] Registered for fr.neatmonster.nocheatplus.stats.Counters: fr.neatmonster.nocheatplus.stats.Counters
17-05-01 20:15:35 [INFO] [GenericInstanceRegistry] Registered for fr.neatmonster.nocheatplus.checks.workaround.WRPT: fr.neatmonster.nocheatplus.checks.workaround.WRPT
17-05-01 20:15:35 [INFO] [GenericInstanceRegistry] Registered for fr.neatmonster.nocheatplus.checks.moving.location.tracking.LocationTrace$TraceEntryPool: fr.neatmonster.nocheatplus.checks.moving.location.tracking.LocationTrace$TraceEntryPool
17-05-01 20:15:35 [INFO] [GenericInstanceRegistry] Registered for fr.neatmonster.nocheatplus.utilities.entity.PassengerUtil: fr.neatmonster.nocheatplus.utilities.entity.PassengerUtil
17-05-01 20:15:35 [INFO] [GenericInstanceRegistry] Registered for java.util.Random: java.util.Random
17-05-01 20:15:35 [INFO] [GenericInstanceRegistry] Registered for fr.neatmonster.nocheatplus.compat.IBridgeCrossPlugin: fr.neatmonster.nocheatplus.compat.meta.BridgeCrossPlugin
17-05-01 20:15:35 [INFO] [GenericInstanceRegistry] Registered for fr.neatmonster.nocheatplus.compat.MCAccess: fr.neatmonster.nocheatplus.compat.cbdev.MCAccessCBDev
17-05-01 20:15:35 [INFO] [GenericInstanceRegistry] Registered for fr.neatmonster.nocheatplus.utilities.map.BlockCache: fr.neatmonster.nocheatplus.compat.cbdev.BlockCacheCBDev
17-05-01 20:15:35 [INFO] [GenericInstanceRegistry] Registered for fr.neatmonster.nocheatplus.components.modifier.IAttributeAccess: fr.neatmonster.nocheatplus.compat.cbdev.AttributeAccess
17-05-01 20:15:35 [INFO] [GenericInstanceRegistry] Registered for fr.neatmonster.nocheatplus.components.entity.IEntityAccessLastPositionAndLook: fr.neatmonster.nocheatplus.compat.cbdev.EntityAccessLastPositionAndLook
17-05-01 20:15:35 [INFO] [GenericInstanceRegistry] Registered for fr.neatmonster.nocheatplus.components.entity.IEntityAccessVehicle: fr.neatmonster.nocheatplus.compat.bukkit.EntityAccessVehicleMultiPassenger
17-05-01 20:15:35 [INFO] [GenericInstanceRegistry] Registered for fr.neatmonster.nocheatplus.checks.moving.util.AuxMoving: fr.neatmonster.nocheatplus.checks.moving.util.AuxMoving
17-05-01 20:15:35 [INFO] Added hook: AllViolations(NCP) [1.0].
17-05-01 20:15:35 [INFO] Post-enable running...
17-05-01 20:15:35 [INFO] Post-enable finished.
17-05-01 20:15:35 [INFO] ---- Version information ----
#### Server ####
git-Spigot-9ba269b-c19c293 ~MC: 1.11.2~
  detected: 1.11.2
#### NoCheatPlus ####
Plugin: 3.15.0-SNAPSHOT-sMD5NET-b1082
MCAccess: 1.11-1.11.2 / Spigot-CB-1.11_R1
Features:
  blocks: BlocksMC1_4 | BlocksMC1_5 | BlocksMC1_6_1 | BlocksMC1_7_2 | BlocksMC1_8 | BlocksMC1_9 | BlocksMC1_10 | BlocksMC1_11
  checks: FastConsume | Gutenberg | HotFixFallingBlockPortalEnter
  defaults: pvpKnockBackVelocity
Hooks: AllViolations~NCP~ 1.0
17-05-05 16:28:19 [INFO] Removed hook: AllViolations(NCP) [1.0].
17-05-05 16:28:19 [FINE] | canceldead 0 | illegalitem 0 | boatsanywhere 0 | throwenderpearl 0 | fakeinvulnerable 0 | eggonentity 0 | event.player.move.handled 2581 (2581/0) | event.player.move.handled.pos 1202 (1202/0) | event.player.move.handled.look 227 (227/0) | event.player.move.handled.pos_look 1152 (1152/0) |
17-05-05 16:28:19 [INFO] [GenericInstanceRegistry] Registry cleared.
17-05-05 16:28:29 [INFO] Logger started.
17-05-05 16:28:29 [INFO] Logging system initialized.
17-05-05 16:28:29 [INFO] Detected Minecraft version: 1.11.2
17-05-05 16:28:33 [INFO] McAccess set to: 1.11-1.11.2 / Spigot-CB-1.11_R1
17-05-05 16:28:33 [INFO] Added block-info for Minecraft 1.5 blocks.
17-05-05 16:28:33 [INFO] Added block-info for Minecraft 1.6.1 blocks.
17-05-05 16:28:33 [INFO] Added block-info for Minecraft 1.7.2 blocks.
17-05-05 16:28:33 [INFO] Added block-info for Minecraft 1.8 blocks.
17-05-05 16:28:33 [INFO] Added block-info for Minecraft 1.9 blocks.
17-05-05 16:28:33 [INFO] Added block-info for Minecraft 1.10 blocks.
17-05-05 16:28:33 [INFO] Added block-info for Minecraft 1.11 blocks.
17-05-05 16:28:33 [INFO] Inventory checks: FastConsume is available, disabled InstantEat.
17-05-05 16:28:33 [INFO] Packet level access: ProtocolLib is not available.
17-05-05 16:28:33 [INFO] Force disable FastHeal on Minecraft 1.9 and later.
17-05-05 16:28:33 [INFO] Version 3.15.0-SNAPSHOT-sMD5NET-b1082 is enabled.
17-05-05 16:28:35 [INFO] [GenericInstanceRegistry] Registered for fr.neatmonster.nocheatplus.stats.Counters: fr.neatmonster.nocheatplus.stats.Counters
17-05-05 16:28:35 [INFO] [GenericInstanceRegistry] Registered for fr.neatmonster.nocheatplus.checks.workaround.WRPT: fr.neatmonster.nocheatplus.checks.workaround.WRPT
17-05-05 16:28:35 [INFO] [GenericInstanceRegistry] Registered for fr.neatmonster.nocheatplus.checks.moving.location.tracking.LocationTrace$TraceEntryPool: fr.neatmonster.nocheatplus.checks.moving.location.tracking.LocationTrace$TraceEntryPool
17-05-05 16:28:35 [INFO] [GenericInstanceRegistry] Registered for fr.neatmonster.nocheatplus.utilities.entity.PassengerUtil: fr.neatmonster.nocheatplus.utilities.entity.PassengerUtil
17-05-05 16:28:35 [INFO] [GenericInstanceRegistry] Registered for java.util.Random: java.util.Random
17-05-05 16:28:35 [INFO] [GenericInstanceRegistry] Registered for fr.neatmonster.nocheatplus.compat.IBridgeCrossPlugin: fr.neatmonster.nocheatplus.compat.meta.BridgeCrossPlugin
17-05-05 16:28:35 [INFO] [GenericInstanceRegistry] Registered for fr.neatmonster.nocheatplus.compat.MCAccess: fr.neatmonster.nocheatplus.compat.cbdev.MCAccessCBDev
17-05-05 16:28:35 [INFO] [GenericInstanceRegistry] Registered for fr.neatmonster.nocheatplus.utilities.map.BlockCache: fr.neatmonster.nocheatplus.compat.cbdev.BlockCacheCBDev
17-05-05 16:28:35 [INFO] [GenericInstanceRegistry] Registered for fr.neatmonster.nocheatplus.components.modifier.IAttributeAccess: fr.neatmonster.nocheatplus.compat.cbdev.AttributeAccess
17-05-05 16:28:35 [INFO] [GenericInstanceRegistry] Registered for fr.neatmonster.nocheatplus.components.entity.IEntityAccessLastPositionAndLook: fr.neatmonster.nocheatplus.compat.cbdev.EntityAccessLastPositionAndLook
17-05-05 16:28:35 [INFO] [GenericInstanceRegistry] Registered for fr.neatmonster.nocheatplus.components.entity.IEntityAccessVehicle: fr.neatmonster.nocheatplus.compat.bukkit.EntityAccessVehicleMultiPassenger
17-05-05 16:28:35 [INFO] [GenericInstanceRegistry] Registered for fr.neatmonster.nocheatplus.checks.moving.util.AuxMoving: fr.neatmonster.nocheatplus.checks.moving.util.AuxMoving
17-05-05 16:28:35 [INFO] Added hook: AllViolations(NCP) [1.0].
17-05-05 16:28:35 [INFO] Post-enable running...
17-05-05 16:28:35 [INFO] Post-enable finished.
17-05-05 16:28:35 [INFO] ---- Version information ----
#### Server ####
git-Spigot-9ba269b-c19c293 ~MC: 1.11.2~
  detected: 1.11.2
#### NoCheatPlus ####
Plugin: 3.15.0-SNAPSHOT-sMD5NET-b1082
MCAccess: 1.11-1.11.2 / Spigot-CB-1.11_R1
Features:
  blocks: BlocksMC1_4 | BlocksMC1_5 | BlocksMC1_6_1 | BlocksMC1_7_2 | BlocksMC1_8 | BlocksMC1_9 | BlocksMC1_10 | BlocksMC1_11
  checks: FastConsume | Gutenberg | HotFixFallingBlockPortalEnter
  defaults: pvpKnockBackVelocity
Hooks: AllViolations~NCP~ 1.0
17-05-07 00:28:01 [WARNING] System time ran backwards (1494131294200->1494131277728), clear all data and history...
17-05-08 04:00:53 [WARNING] System time ran backwards (1494230454246->1494230451948), clear all data and history...
17-05-09 04:39:40 [WARNING] System time ran backwards (1494319180932->1494319178845), clear all data and history...
17-05-28 16:02:06 [INFO] Logger started.
17-05-28 16:02:06 [INFO] Logging system initialized.
17-05-28 16:02:06 [INFO] Detected Minecraft version: 1.11.2
17-05-28 16:02:10 [INFO] McAccess set to: 1.11-1.11.2 / Spigot-CB-1.11_R1
17-05-28 16:02:10 [INFO] Added block-info for Minecraft 1.5 blocks.
17-05-28 16:02:10 [INFO] Added block-info for Minecraft 1.6.1 blocks.
17-05-28 16:02:10 [INFO] Added block-info for Minecraft 1.7.2 blocks.
17-05-28 16:02:10 [INFO] Added block-info for Minecraft 1.8 blocks.
17-05-28 16:02:10 [INFO] Added block-info for Minecraft 1.9 blocks.
17-05-28 16:02:10 [INFO] Added block-info for Minecraft 1.10 blocks.
17-05-28 16:02:10 [INFO] Added block-info for Minecraft 1.11 blocks.
17-05-28 16:02:10 [INFO] Inventory checks: FastConsume is available, disabled InstantEat.
17-05-28 16:02:10 [INFO] Packet level access: ProtocolLib is not available.
17-05-28 16:02:10 [INFO] Force disable FastHeal on Minecraft 1.9 and later.
17-05-28 16:02:10 [INFO] Version 3.15.0-SNAPSHOT-sMD5NET-b1082 is enabled.
17-05-28 16:02:11 [INFO] [GenericInstanceRegistry] Registered for fr.neatmonster.nocheatplus.stats.Counters: fr.neatmonster.nocheatplus.stats.Counters
17-05-28 16:02:11 [INFO] [GenericInstanceRegistry] Registered for fr.neatmonster.nocheatplus.checks.workaround.WRPT: fr.neatmonster.nocheatplus.checks.workaround.WRPT
17-05-28 16:02:11 [INFO] [GenericInstanceRegistry] Registered for fr.neatmonster.nocheatplus.checks.moving.location.tracking.LocationTrace$TraceEntryPool: fr.neatmonster.nocheatplus.checks.moving.location.tracking.LocationTrace$TraceEntryPool
17-05-28 16:02:11 [INFO] [GenericInstanceRegistry] Registered for fr.neatmonster.nocheatplus.utilities.entity.PassengerUtil: fr.neatmonster.nocheatplus.utilities.entity.PassengerUtil
17-05-28 16:02:11 [INFO] [GenericInstanceRegistry] Registered for java.util.Random: java.util.Random
17-05-28 16:02:11 [INFO] [GenericInstanceRegistry] Registered for fr.neatmonster.nocheatplus.compat.IBridgeCrossPlugin: fr.neatmonster.nocheatplus.compat.meta.BridgeCrossPlugin
17-05-28 16:02:11 [INFO] [GenericInstanceRegistry] Registered for fr.neatmonster.nocheatplus.compat.MCAccess: fr.neatmonster.nocheatplus.compat.cbdev.MCAccessCBDev
17-05-28 16:02:11 [INFO] [GenericInstanceRegistry] Registered for fr.neatmonster.nocheatplus.utilities.map.BlockCache: fr.neatmonster.nocheatplus.compat.cbdev.BlockCacheCBDev
17-05-28 16:02:11 [INFO] [GenericInstanceRegistry] Registered for fr.neatmonster.nocheatplus.components.modifier.IAttributeAccess: fr.neatmonster.nocheatplus.compat.cbdev.AttributeAccess
17-05-28 16:02:11 [INFO] [GenericInstanceRegistry] Registered for fr.neatmonster.nocheatplus.components.entity.IEntityAccessLastPositionAndLook: fr.neatmonster.nocheatplus.compat.cbdev.EntityAccessLastPositionAndLook
17-05-28 16:02:11 [INFO] [GenericInstanceRegistry] Registered for fr.neatmonster.nocheatplus.components.entity.IEntityAccessVehicle: fr.neatmonster.nocheatplus.compat.bukkit.EntityAccessVehicleMultiPassenger
17-05-28 16:02:11 [INFO] [GenericInstanceRegistry] Registered for fr.neatmonster.nocheatplus.checks.moving.util.AuxMoving: fr.neatmonster.nocheatplus.checks.moving.util.AuxMoving
17-05-28 16:02:11 [INFO] Added hook: AllViolations(NCP) [1.0].
17-05-28 16:02:11 [INFO] Post-enable running...
17-05-28 16:02:11 [INFO] Post-enable finished.
17-05-28 16:02:11 [INFO] ---- Version information ----
#### Server ####
git-Spigot-9ba269b-c19c293 ~MC: 1.11.2~
  detected: 1.11.2
#### NoCheatPlus ####
Plugin: 3.15.0-SNAPSHOT-sMD5NET-b1082
MCAccess: 1.11-1.11.2 / Spigot-CB-1.11_R1
Features:
  blocks: BlocksMC1_4 | BlocksMC1_5 | BlocksMC1_6_1 | BlocksMC1_7_2 | BlocksMC1_8 | BlocksMC1_9 | BlocksMC1_10 | BlocksMC1_11
  checks: FastConsume | Gutenberg | HotFixFallingBlockPortalEnter
  defaults: pvpKnockBackVelocity
Hooks: AllViolations~NCP~ 1.0
