17-04-22 14:52:47 [INFO] Logger started.
17-04-22 14:52:47 [INFO] Logging system initialized.
17-04-22 14:52:47 [INFO] Detected Minecraft version: 1.11.2
17-04-22 14:52:51 [INFO] McAccess set to: 1.11-1.11.2 / Spigot-CB-1.11_R1
17-04-22 14:52:51 [INFO] Added block-info for Minecraft 1.5 blocks.
17-04-22 14:52:51 [INFO] Added block-info for Minecraft 1.6.1 blocks.
17-04-22 14:52:51 [INFO] Added block-info for Minecraft 1.7.2 blocks.
17-04-22 14:52:51 [INFO] Added block-info for Minecraft 1.8 blocks.
17-04-22 14:52:51 [INFO] Added block-info for Minecraft 1.9 blocks.
17-04-22 14:52:51 [INFO] Added block-info for Minecraft 1.10 blocks.
17-04-22 14:52:51 [INFO] Added block-info for Minecraft 1.11 blocks.
17-04-22 14:52:51 [INFO] Inventory checks: FastConsume is available, disabled InstantEat.
17-04-22 14:52:51 [INFO] Packet level access: ProtocolLib is not available.
17-04-22 14:52:51 [INFO] Force disable FastHeal on Minecraft 1.9 and later.
17-04-22 14:52:51 [INFO] Version 3.15.0-SNAPSHOT-sMD5NET-b1082 is enabled.
17-04-22 14:52:53 [INFO] Post-enable running...
17-04-22 14:52:53 [INFO] [GenericInstanceRegistry] Registered for fr.neatmonster.nocheatplus.stats.Counters: fr.neatmonster.nocheatplus.stats.Counters
17-04-22 14:52:53 [INFO] [GenericInstanceRegistry] Registered for fr.neatmonster.nocheatplus.checks.workaround.WRPT: fr.neatmonster.nocheatplus.checks.workaround.WRPT
17-04-22 14:52:53 [INFO] [GenericInstanceRegistry] Registered for fr.neatmonster.nocheatplus.checks.moving.location.tracking.LocationTrace$TraceEntryPool: fr.neatmonster.nocheatplus.checks.moving.location.tracking.LocationTrace$TraceEntryPool
17-04-22 14:52:53 [INFO] [GenericInstanceRegistry] Registered for fr.neatmonster.nocheatplus.utilities.entity.PassengerUtil: fr.neatmonster.nocheatplus.utilities.entity.PassengerUtil
17-04-22 14:52:53 [INFO] [GenericInstanceRegistry] Registered for java.util.Random: java.util.Random
17-04-22 14:52:53 [INFO] [GenericInstanceRegistry] Registered for fr.neatmonster.nocheatplus.compat.IBridgeCrossPlugin: fr.neatmonster.nocheatplus.compat.meta.BridgeCrossPlugin
17-04-22 14:52:53 [INFO] [GenericInstanceRegistry] Registered for fr.neatmonster.nocheatplus.compat.MCAccess: fr.neatmonster.nocheatplus.compat.cbdev.MCAccessCBDev
17-04-22 14:52:53 [INFO] [GenericInstanceRegistry] Registered for fr.neatmonster.nocheatplus.utilities.map.BlockCache: fr.neatmonster.nocheatplus.compat.cbdev.BlockCacheCBDev
17-04-22 14:52:53 [INFO] [GenericInstanceRegistry] Registered for fr.neatmonster.nocheatplus.components.modifier.IAttributeAccess: fr.neatmonster.nocheatplus.compat.cbdev.AttributeAccess
17-04-22 14:52:53 [INFO] [GenericInstanceRegistry] Registered for fr.neatmonster.nocheatplus.components.entity.IEntityAccessLastPositionAndLook: fr.neatmonster.nocheatplus.compat.cbdev.EntityAccessLastPositionAndLook
17-04-22 14:52:53 [INFO] [GenericInstanceRegistry] Registered for fr.neatmonster.nocheatplus.components.entity.IEntityAccessVehicle: fr.neatmonster.nocheatplus.compat.bukkit.EntityAccessVehicleMultiPassenger
17-04-22 14:52:53 [INFO] [GenericInstanceRegistry] Registered for fr.neatmonster.nocheatplus.checks.moving.util.AuxMoving: fr.neatmonster.nocheatplus.checks.moving.util.AuxMoving
17-04-22 14:52:53 [INFO] Added hook: AllViolations(NCP) [1.0].
17-04-22 14:52:53 [INFO] Post-enable finished.
17-04-22 14:52:53 [INFO] ---- Version information ----
#### Server ####
git-Spigot-625bc00-41a7d14 ~MC: 1.11.2~
  detected: 1.11.2
#### NoCheatPlus ####
Plugin: 3.15.0-SNAPSHOT-sMD5NET-b1082
MCAccess: 1.11-1.11.2 / Spigot-CB-1.11_R1
Features:
  blocks: BlocksMC1_4 | BlocksMC1_5 | BlocksMC1_6_1 | BlocksMC1_7_2 | BlocksMC1_8 | BlocksMC1_9 | BlocksMC1_10 | BlocksMC1_11
  checks: FastConsume | Gutenberg | HotFixFallingBlockPortalEnter
  defaults: pvpKnockBackVelocity
Hooks: AllViolations~NCP~ 1.0
17-04-29 16:15:02 [INFO] Logger started.
17-04-29 16:15:02 [INFO] Logging system initialized.
17-04-29 16:15:02 [INFO] Detected Minecraft version: 1.11.2
17-04-29 16:15:06 [INFO] McAccess set to: 1.11-1.11.2 / Spigot-CB-1.11_R1
17-04-29 16:15:06 [INFO] Added block-info for Minecraft 1.5 blocks.
17-04-29 16:15:06 [INFO] Added block-info for Minecraft 1.6.1 blocks.
17-04-29 16:15:06 [INFO] Added block-info for Minecraft 1.7.2 blocks.
17-04-29 16:15:06 [INFO] Added block-info for Minecraft 1.8 blocks.
17-04-29 16:15:06 [INFO] Added block-info for Minecraft 1.9 blocks.
17-04-29 16:15:06 [INFO] Added block-info for Minecraft 1.10 blocks.
17-04-29 16:15:06 [INFO] Added block-info for Minecraft 1.11 blocks.
17-04-29 16:15:06 [INFO] Inventory checks: FastConsume is available, disabled InstantEat.
17-04-29 16:15:06 [INFO] Packet level access: ProtocolLib is not available.
17-04-29 16:15:06 [INFO] Force disable FastHeal on Minecraft 1.9 and later.
17-04-29 16:15:06 [INFO] Version 3.15.0-SNAPSHOT-sMD5NET-b1082 is enabled.
17-04-29 16:15:07 [INFO] [GenericInstanceRegistry] Registered for fr.neatmonster.nocheatplus.stats.Counters: fr.neatmonster.nocheatplus.stats.Counters
17-04-29 16:15:07 [INFO] [GenericInstanceRegistry] Registered for fr.neatmonster.nocheatplus.checks.workaround.WRPT: fr.neatmonster.nocheatplus.checks.workaround.WRPT
17-04-29 16:15:07 [INFO] [GenericInstanceRegistry] Registered for fr.neatmonster.nocheatplus.checks.moving.location.tracking.LocationTrace$TraceEntryPool: fr.neatmonster.nocheatplus.checks.moving.location.tracking.LocationTrace$TraceEntryPool
17-04-29 16:15:07 [INFO] [GenericInstanceRegistry] Registered for fr.neatmonster.nocheatplus.utilities.entity.PassengerUtil: fr.neatmonster.nocheatplus.utilities.entity.PassengerUtil
17-04-29 16:15:07 [INFO] [GenericInstanceRegistry] Registered for java.util.Random: java.util.Random
17-04-29 16:15:07 [INFO] [GenericInstanceRegistry] Registered for fr.neatmonster.nocheatplus.compat.IBridgeCrossPlugin: fr.neatmonster.nocheatplus.compat.meta.BridgeCrossPlugin
17-04-29 16:15:07 [INFO] [GenericInstanceRegistry] Registered for fr.neatmonster.nocheatplus.compat.MCAccess: fr.neatmonster.nocheatplus.compat.cbdev.MCAccessCBDev
17-04-29 16:15:07 [INFO] [GenericInstanceRegistry] Registered for fr.neatmonster.nocheatplus.utilities.map.BlockCache: fr.neatmonster.nocheatplus.compat.cbdev.BlockCacheCBDev
17-04-29 16:15:07 [INFO] [GenericInstanceRegistry] Registered for fr.neatmonster.nocheatplus.components.modifier.IAttributeAccess: fr.neatmonster.nocheatplus.compat.cbdev.AttributeAccess
17-04-29 16:15:07 [INFO] [GenericInstanceRegistry] Registered for fr.neatmonster.nocheatplus.components.entity.IEntityAccessLastPositionAndLook: fr.neatmonster.nocheatplus.compat.cbdev.EntityAccessLastPositionAndLook
17-04-29 16:15:07 [INFO] [GenericInstanceRegistry] Registered for fr.neatmonster.nocheatplus.components.entity.IEntityAccessVehicle: fr.neatmonster.nocheatplus.compat.bukkit.EntityAccessVehicleMultiPassenger
17-04-29 16:15:07 [INFO] [GenericInstanceRegistry] Registered for fr.neatmonster.nocheatplus.checks.moving.util.AuxMoving: fr.neatmonster.nocheatplus.checks.moving.util.AuxMoving
17-04-29 16:15:07 [INFO] Added hook: AllViolations(NCP) [1.0].
17-04-29 16:15:07 [INFO] Post-enable running...
17-04-29 16:15:07 [INFO] Post-enable finished.
17-04-29 16:15:08 [INFO] ---- Version information ----
#### Server ####
git-Spigot-9ba269b-c19c293 ~MC: 1.11.2~
  detected: 1.11.2
#### NoCheatPlus ####
Plugin: 3.15.0-SNAPSHOT-sMD5NET-b1082
MCAccess: 1.11-1.11.2 / Spigot-CB-1.11_R1
Features:
  blocks: BlocksMC1_4 | BlocksMC1_5 | BlocksMC1_6_1 | BlocksMC1_7_2 | BlocksMC1_8 | BlocksMC1_9 | BlocksMC1_10 | BlocksMC1_11
  checks: FastConsume | Gutenberg | HotFixFallingBlockPortalEnter
  defaults: pvpKnockBackVelocity
Hooks: AllViolations~NCP~ 1.0
17-05-05 16:27:18 [INFO] Removed hook: AllViolations(NCP) [1.0].
17-05-05 16:27:18 [FINE] | canceldead 0 | illegalitem 0 | boatsanywhere 0 | throwenderpearl 0 | fakeinvulnerable 0 | eggonentity 0 | event.player.move.handled 1079 (1079/0) | event.player.move.handled.pos 663 (663/0) | event.player.move.handled.look 47 (47/0) | event.player.move.handled.pos_look 369 (369/0) |
17-05-05 16:27:18 [INFO] [GenericInstanceRegistry] Registry cleared.
17-05-05 16:27:28 [INFO] Logger started.
17-05-05 16:27:28 [INFO] Logging system initialized.
17-05-05 16:27:28 [INFO] Detected Minecraft version: 1.11.2
17-05-05 16:27:31 [INFO] McAccess set to: 1.11-1.11.2 / Spigot-CB-1.11_R1
17-05-05 16:27:31 [INFO] Added block-info for Minecraft 1.5 blocks.
17-05-05 16:27:31 [INFO] Added block-info for Minecraft 1.6.1 blocks.
17-05-05 16:27:31 [INFO] Added block-info for Minecraft 1.7.2 blocks.
17-05-05 16:27:31 [INFO] Added block-info for Minecraft 1.8 blocks.
17-05-05 16:27:31 [INFO] Added block-info for Minecraft 1.9 blocks.
17-05-05 16:27:31 [INFO] Added block-info for Minecraft 1.10 blocks.
17-05-05 16:27:31 [INFO] Added block-info for Minecraft 1.11 blocks.
17-05-05 16:27:31 [INFO] Inventory checks: FastConsume is available, disabled InstantEat.
17-05-05 16:27:31 [INFO] Packet level access: ProtocolLib is not available.
17-05-05 16:27:31 [INFO] Force disable FastHeal on Minecraft 1.9 and later.
17-05-05 16:27:31 [INFO] Version 3.15.0-SNAPSHOT-sMD5NET-b1082 is enabled.
17-05-05 16:27:32 [INFO] [GenericInstanceRegistry] Registered for fr.neatmonster.nocheatplus.stats.Counters: fr.neatmonster.nocheatplus.stats.Counters
17-05-05 16:27:32 [INFO] [GenericInstanceRegistry] Registered for fr.neatmonster.nocheatplus.checks.workaround.WRPT: fr.neatmonster.nocheatplus.checks.workaround.WRPT
17-05-05 16:27:32 [INFO] [GenericInstanceRegistry] Registered for fr.neatmonster.nocheatplus.checks.moving.location.tracking.LocationTrace$TraceEntryPool: fr.neatmonster.nocheatplus.checks.moving.location.tracking.LocationTrace$TraceEntryPool
17-05-05 16:27:32 [INFO] [GenericInstanceRegistry] Registered for fr.neatmonster.nocheatplus.utilities.entity.PassengerUtil: fr.neatmonster.nocheatplus.utilities.entity.PassengerUtil
17-05-05 16:27:32 [INFO] [GenericInstanceRegistry] Registered for java.util.Random: java.util.Random
17-05-05 16:27:32 [INFO] [GenericInstanceRegistry] Registered for fr.neatmonster.nocheatplus.compat.IBridgeCrossPlugin: fr.neatmonster.nocheatplus.compat.meta.BridgeCrossPlugin
17-05-05 16:27:32 [INFO] [GenericInstanceRegistry] Registered for fr.neatmonster.nocheatplus.compat.MCAccess: fr.neatmonster.nocheatplus.compat.cbdev.MCAccessCBDev
17-05-05 16:27:32 [INFO] [GenericInstanceRegistry] Registered for fr.neatmonster.nocheatplus.utilities.map.BlockCache: fr.neatmonster.nocheatplus.compat.cbdev.BlockCacheCBDev
17-05-05 16:27:32 [INFO] [GenericInstanceRegistry] Registered for fr.neatmonster.nocheatplus.components.modifier.IAttributeAccess: fr.neatmonster.nocheatplus.compat.cbdev.AttributeAccess
17-05-05 16:27:32 [INFO] [GenericInstanceRegistry] Registered for fr.neatmonster.nocheatplus.components.entity.IEntityAccessLastPositionAndLook: fr.neatmonster.nocheatplus.compat.cbdev.EntityAccessLastPositionAndLook
17-05-05 16:27:32 [INFO] [GenericInstanceRegistry] Registered for fr.neatmonster.nocheatplus.components.entity.IEntityAccessVehicle: fr.neatmonster.nocheatplus.compat.bukkit.EntityAccessVehicleMultiPassenger
17-05-05 16:27:32 [INFO] [GenericInstanceRegistry] Registered for fr.neatmonster.nocheatplus.checks.moving.util.AuxMoving: fr.neatmonster.nocheatplus.checks.moving.util.AuxMoving
17-05-05 16:27:32 [INFO] Added hook: AllViolations(NCP) [1.0].
17-05-05 16:27:32 [INFO] Post-enable running...
17-05-05 16:27:32 [INFO] Post-enable finished.
17-05-05 16:27:33 [INFO] ---- Version information ----
#### Server ####
git-Spigot-9ba269b-c19c293 ~MC: 1.11.2~
  detected: 1.11.2
#### NoCheatPlus ####
Plugin: 3.15.0-SNAPSHOT-sMD5NET-b1082
MCAccess: 1.11-1.11.2 / Spigot-CB-1.11_R1
Features:
  blocks: BlocksMC1_4 | BlocksMC1_5 | BlocksMC1_6_1 | BlocksMC1_7_2 | BlocksMC1_8 | BlocksMC1_9 | BlocksMC1_10 | BlocksMC1_11
  checks: FastConsume | Gutenberg | HotFixFallingBlockPortalEnter
  defaults: pvpKnockBackVelocity
Hooks: AllViolations~NCP~ 1.0
17-05-07 00:28:00 [WARNING] System time ran backwards (1494131294181->1494131277712), clear all data and history...
17-05-08 04:00:52 [WARNING] System time ran backwards (1494230454225->1494230451899), clear all data and history...
17-05-09 04:39:39 [WARNING] System time ran backwards (1494319180953->1494319178866), clear all data and history...
17-05-28 16:01:24 [INFO] Logger started.
17-05-28 16:01:24 [INFO] Logging system initialized.
17-05-28 16:01:24 [INFO] Detected Minecraft version: 1.11.2
17-05-28 16:01:27 [INFO] McAccess set to: 1.11-1.11.2 / Spigot-CB-1.11_R1
17-05-28 16:01:27 [INFO] Added block-info for Minecraft 1.5 blocks.
17-05-28 16:01:27 [INFO] Added block-info for Minecraft 1.6.1 blocks.
17-05-28 16:01:27 [INFO] Added block-info for Minecraft 1.7.2 blocks.
17-05-28 16:01:27 [INFO] Added block-info for Minecraft 1.8 blocks.
17-05-28 16:01:27 [INFO] Added block-info for Minecraft 1.9 blocks.
17-05-28 16:01:27 [INFO] Added block-info for Minecraft 1.10 blocks.
17-05-28 16:01:27 [INFO] Added block-info for Minecraft 1.11 blocks.
17-05-28 16:01:27 [INFO] Inventory checks: FastConsume is available, disabled InstantEat.
17-05-28 16:01:27 [INFO] Packet level access: ProtocolLib is not available.
17-05-28 16:01:27 [INFO] Force disable FastHeal on Minecraft 1.9 and later.
17-05-28 16:01:27 [INFO] Version 3.15.0-SNAPSHOT-sMD5NET-b1082 is enabled.
17-05-28 16:01:28 [INFO] [GenericInstanceRegistry] Registered for fr.neatmonster.nocheatplus.stats.Counters: fr.neatmonster.nocheatplus.stats.Counters
17-05-28 16:01:28 [INFO] [GenericInstanceRegistry] Registered for fr.neatmonster.nocheatplus.checks.workaround.WRPT: fr.neatmonster.nocheatplus.checks.workaround.WRPT
17-05-28 16:01:28 [INFO] [GenericInstanceRegistry] Registered for fr.neatmonster.nocheatplus.checks.moving.location.tracking.LocationTrace$TraceEntryPool: fr.neatmonster.nocheatplus.checks.moving.location.tracking.LocationTrace$TraceEntryPool
17-05-28 16:01:28 [INFO] [GenericInstanceRegistry] Registered for fr.neatmonster.nocheatplus.utilities.entity.PassengerUtil: fr.neatmonster.nocheatplus.utilities.entity.PassengerUtil
17-05-28 16:01:28 [INFO] [GenericInstanceRegistry] Registered for java.util.Random: java.util.Random
17-05-28 16:01:28 [INFO] [GenericInstanceRegistry] Registered for fr.neatmonster.nocheatplus.compat.IBridgeCrossPlugin: fr.neatmonster.nocheatplus.compat.meta.BridgeCrossPlugin
17-05-28 16:01:28 [INFO] [GenericInstanceRegistry] Registered for fr.neatmonster.nocheatplus.compat.MCAccess: fr.neatmonster.nocheatplus.compat.cbdev.MCAccessCBDev
17-05-28 16:01:28 [INFO] [GenericInstanceRegistry] Registered for fr.neatmonster.nocheatplus.utilities.map.BlockCache: fr.neatmonster.nocheatplus.compat.cbdev.BlockCacheCBDev
17-05-28 16:01:28 [INFO] [GenericInstanceRegistry] Registered for fr.neatmonster.nocheatplus.components.modifier.IAttributeAccess: fr.neatmonster.nocheatplus.compat.cbdev.AttributeAccess
17-05-28 16:01:28 [INFO] [GenericInstanceRegistry] Registered for fr.neatmonster.nocheatplus.components.entity.IEntityAccessLastPositionAndLook: fr.neatmonster.nocheatplus.compat.cbdev.EntityAccessLastPositionAndLook
17-05-28 16:01:28 [INFO] [GenericInstanceRegistry] Registered for fr.neatmonster.nocheatplus.components.entity.IEntityAccessVehicle: fr.neatmonster.nocheatplus.compat.bukkit.EntityAccessVehicleMultiPassenger
17-05-28 16:01:28 [INFO] [GenericInstanceRegistry] Registered for fr.neatmonster.nocheatplus.checks.moving.util.AuxMoving: fr.neatmonster.nocheatplus.checks.moving.util.AuxMoving
17-05-28 16:01:28 [INFO] Added hook: AllViolations(NCP) [1.0].
17-05-28 16:01:28 [INFO] Post-enable running...
17-05-28 16:01:28 [INFO] Post-enable finished.
17-05-28 16:01:29 [INFO] ---- Version information ----
#### Server ####
git-Spigot-9ba269b-c19c293 ~MC: 1.11.2~
  detected: 1.11.2
#### NoCheatPlus ####
Plugin: 3.15.0-SNAPSHOT-sMD5NET-b1082
MCAccess: 1.11-1.11.2 / Spigot-CB-1.11_R1
Features:
  blocks: BlocksMC1_4 | BlocksMC1_5 | BlocksMC1_6_1 | BlocksMC1_7_2 | BlocksMC1_8 | BlocksMC1_9 | BlocksMC1_10 | BlocksMC1_11
  checks: FastConsume | Gutenberg | HotFixFallingBlockPortalEnter
  defaults: pvpKnockBackVelocity
Hooks: AllViolations~NCP~ 1.0
