17-04-22 15:14:55 [INFO] Logger started.
17-04-22 15:14:55 [INFO] Logging system initialized.
17-04-22 15:14:55 [INFO] Detected Minecraft version: 1.11.2
17-04-22 15:15:00 [INFO] McAccess set to: 1.11-1.11.2 / Spigot-CB-1.11_R1
17-04-22 15:15:00 [INFO] Added block-info for Minecraft 1.5 blocks.
17-04-22 15:15:00 [INFO] Added block-info for Minecraft 1.6.1 blocks.
17-04-22 15:15:00 [INFO] Added block-info for Minecraft 1.7.2 blocks.
17-04-22 15:15:00 [INFO] Added block-info for Minecraft 1.8 blocks.
17-04-22 15:15:00 [INFO] Added block-info for Minecraft 1.9 blocks.
17-04-22 15:15:00 [INFO] Added block-info for Minecraft 1.10 blocks.
17-04-22 15:15:00 [INFO] Added block-info for Minecraft 1.11 blocks.
17-04-22 15:15:00 [INFO] Inventory checks: FastConsume is available, disabled InstantEat.
17-04-22 15:15:00 [INFO] Packet level access: ProtocolLib is not available.
17-04-22 15:15:00 [INFO] Force disable FastHeal on Minecraft 1.9 and later.
17-04-22 15:15:00 [INFO] Version 3.15.0-SNAPSHOT-sMD5NET-b1082 is enabled.
17-04-22 15:15:01 [INFO] [GenericInstanceRegistry] Registered for fr.neatmonster.nocheatplus.stats.Counters: fr.neatmonster.nocheatplus.stats.Counters
17-04-22 15:15:01 [INFO] [GenericInstanceRegistry] Registered for fr.neatmonster.nocheatplus.checks.workaround.WRPT: fr.neatmonster.nocheatplus.checks.workaround.WRPT
17-04-22 15:15:01 [INFO] [GenericInstanceRegistry] Registered for fr.neatmonster.nocheatplus.checks.moving.location.tracking.LocationTrace$TraceEntryPool: fr.neatmonster.nocheatplus.checks.moving.location.tracking.LocationTrace$TraceEntryPool
17-04-22 15:15:01 [INFO] [GenericInstanceRegistry] Registered for fr.neatmonster.nocheatplus.utilities.entity.PassengerUtil: fr.neatmonster.nocheatplus.utilities.entity.PassengerUtil
17-04-22 15:15:01 [INFO] [GenericInstanceRegistry] Registered for java.util.Random: java.util.Random
17-04-22 15:15:01 [INFO] [GenericInstanceRegistry] Registered for fr.neatmonster.nocheatplus.compat.IBridgeCrossPlugin: fr.neatmonster.nocheatplus.compat.meta.BridgeCrossPlugin
17-04-22 15:15:01 [INFO] [GenericInstanceRegistry] Registered for fr.neatmonster.nocheatplus.compat.MCAccess: fr.neatmonster.nocheatplus.compat.cbdev.MCAccessCBDev
17-04-22 15:15:01 [INFO] [GenericInstanceRegistry] Registered for fr.neatmonster.nocheatplus.utilities.map.BlockCache: fr.neatmonster.nocheatplus.compat.cbdev.BlockCacheCBDev
17-04-22 15:15:01 [INFO] [GenericInstanceRegistry] Registered for fr.neatmonster.nocheatplus.components.modifier.IAttributeAccess: fr.neatmonster.nocheatplus.compat.cbdev.AttributeAccess
17-04-22 15:15:01 [INFO] [GenericInstanceRegistry] Registered for fr.neatmonster.nocheatplus.components.entity.IEntityAccessLastPositionAndLook: fr.neatmonster.nocheatplus.compat.cbdev.EntityAccessLastPositionAndLook
17-04-22 15:15:01 [INFO] [GenericInstanceRegistry] Registered for fr.neatmonster.nocheatplus.components.entity.IEntityAccessVehicle: fr.neatmonster.nocheatplus.compat.bukkit.EntityAccessVehicleMultiPassenger
17-04-22 15:15:01 [INFO] [GenericInstanceRegistry] Registered for fr.neatmonster.nocheatplus.checks.moving.util.AuxMoving: fr.neatmonster.nocheatplus.checks.moving.util.AuxMoving
17-04-22 15:15:01 [INFO] Added hook: AllViolations(NCP) [1.0].
17-04-22 15:15:01 [INFO] Post-enable running...
17-04-22 15:15:01 [INFO] Post-enable finished.
17-04-22 15:15:01 [INFO] ---- Version information ----
#### Server ####
git-Spigot-625bc00-41a7d14 ~MC: 1.11.2~
  detected: 1.11.2
#### NoCheatPlus ####
Plugin: 3.15.0-SNAPSHOT-sMD5NET-b1082
MCAccess: 1.11-1.11.2 / Spigot-CB-1.11_R1
Features:
  blocks: BlocksMC1_4 | BlocksMC1_5 | BlocksMC1_6_1 | BlocksMC1_7_2 | BlocksMC1_8 | BlocksMC1_9 | BlocksMC1_10 | BlocksMC1_11
  checks: FastConsume | Gutenberg | HotFixFallingBlockPortalEnter
  defaults: pvpKnockBackVelocity
Hooks: AllViolations~NCP~ 1.0
17-04-29 16:14:42 [INFO] Logger started.
17-04-29 16:14:42 [INFO] Logging system initialized.
17-04-29 16:14:42 [INFO] Detected Minecraft version: 1.11.2
17-04-29 16:14:47 [INFO] McAccess set to: 1.11-1.11.2 / Spigot-CB-1.11_R1
17-04-29 16:14:47 [INFO] Added block-info for Minecraft 1.5 blocks.
17-04-29 16:14:47 [INFO] Added block-info for Minecraft 1.6.1 blocks.
17-04-29 16:14:47 [INFO] Added block-info for Minecraft 1.7.2 blocks.
17-04-29 16:14:47 [INFO] Added block-info for Minecraft 1.8 blocks.
17-04-29 16:14:47 [INFO] Added block-info for Minecraft 1.9 blocks.
17-04-29 16:14:47 [INFO] Added block-info for Minecraft 1.10 blocks.
17-04-29 16:14:47 [INFO] Added block-info for Minecraft 1.11 blocks.
17-04-29 16:14:48 [INFO] Inventory checks: FastConsume is available, disabled InstantEat.
17-04-29 16:14:48 [INFO] Packet level access: ProtocolLib is not available.
17-04-29 16:14:48 [INFO] Force disable FastHeal on Minecraft 1.9 and later.
17-04-29 16:14:48 [INFO] Version 3.15.0-SNAPSHOT-sMD5NET-b1082 is enabled.
17-04-29 16:14:48 [INFO] [GenericInstanceRegistry] Registered for fr.neatmonster.nocheatplus.stats.Counters: fr.neatmonster.nocheatplus.stats.Counters
17-04-29 16:14:48 [INFO] [GenericInstanceRegistry] Registered for fr.neatmonster.nocheatplus.checks.workaround.WRPT: fr.neatmonster.nocheatplus.checks.workaround.WRPT
17-04-29 16:14:48 [INFO] [GenericInstanceRegistry] Registered for fr.neatmonster.nocheatplus.checks.moving.location.tracking.LocationTrace$TraceEntryPool: fr.neatmonster.nocheatplus.checks.moving.location.tracking.LocationTrace$TraceEntryPool
17-04-29 16:14:48 [INFO] [GenericInstanceRegistry] Registered for fr.neatmonster.nocheatplus.utilities.entity.PassengerUtil: fr.neatmonster.nocheatplus.utilities.entity.PassengerUtil
17-04-29 16:14:48 [INFO] [GenericInstanceRegistry] Registered for java.util.Random: java.util.Random
17-04-29 16:14:48 [INFO] [GenericInstanceRegistry] Registered for fr.neatmonster.nocheatplus.compat.IBridgeCrossPlugin: fr.neatmonster.nocheatplus.compat.meta.BridgeCrossPlugin
17-04-29 16:14:48 [INFO] [GenericInstanceRegistry] Registered for fr.neatmonster.nocheatplus.compat.MCAccess: fr.neatmonster.nocheatplus.compat.cbdev.MCAccessCBDev
17-04-29 16:14:48 [INFO] [GenericInstanceRegistry] Registered for fr.neatmonster.nocheatplus.utilities.map.BlockCache: fr.neatmonster.nocheatplus.compat.cbdev.BlockCacheCBDev
17-04-29 16:14:48 [INFO] [GenericInstanceRegistry] Registered for fr.neatmonster.nocheatplus.components.modifier.IAttributeAccess: fr.neatmonster.nocheatplus.compat.cbdev.AttributeAccess
17-04-29 16:14:48 [INFO] [GenericInstanceRegistry] Registered for fr.neatmonster.nocheatplus.components.entity.IEntityAccessLastPositionAndLook: fr.neatmonster.nocheatplus.compat.cbdev.EntityAccessLastPositionAndLook
17-04-29 16:14:48 [INFO] [GenericInstanceRegistry] Registered for fr.neatmonster.nocheatplus.components.entity.IEntityAccessVehicle: fr.neatmonster.nocheatplus.compat.bukkit.EntityAccessVehicleMultiPassenger
17-04-29 16:14:48 [INFO] [GenericInstanceRegistry] Registered for fr.neatmonster.nocheatplus.checks.moving.util.AuxMoving: fr.neatmonster.nocheatplus.checks.moving.util.AuxMoving
17-04-29 16:14:48 [INFO] Added hook: AllViolations(NCP) [1.0].
17-04-29 16:14:48 [INFO] Post-enable running...
17-04-29 16:14:49 [INFO] Post-enable finished.
17-04-29 16:14:49 [INFO] ---- Version information ----
#### Server ####
git-Spigot-9ba269b-c19c293 ~MC: 1.11.2~
  detected: 1.11.2
#### NoCheatPlus ####
Plugin: 3.15.0-SNAPSHOT-sMD5NET-b1082
MCAccess: 1.11-1.11.2 / Spigot-CB-1.11_R1
Features:
  blocks: BlocksMC1_4 | BlocksMC1_5 | BlocksMC1_6_1 | BlocksMC1_7_2 | BlocksMC1_8 | BlocksMC1_9 | BlocksMC1_10 | BlocksMC1_11
  checks: FastConsume | Gutenberg | HotFixFallingBlockPortalEnter
  defaults: pvpKnockBackVelocity
Hooks: AllViolations~NCP~ 1.0
17-05-05 16:25:09 [INFO] Removed hook: AllViolations(NCP) [1.0].
17-05-05 16:25:09 [FINE] | canceldead 0 | illegalitem 0 | boatsanywhere 0 | throwenderpearl 0 | fakeinvulnerable 0 | eggonentity 0 | event.player.move.handled 222 (222/0) | event.player.move.handled.pos 131 (131/0) | event.player.move.handled.look 15 (15/0) | event.player.move.handled.pos_look 76 (76/0) |
17-05-05 16:25:09 [INFO] [GenericInstanceRegistry] Registry cleared.
17-05-05 16:25:18 [INFO] Logger started.
17-05-05 16:25:18 [INFO] Logging system initialized.
17-05-05 16:25:18 [INFO] Detected Minecraft version: 1.11.2
17-05-05 16:25:23 [INFO] McAccess set to: 1.11-1.11.2 / Spigot-CB-1.11_R1
17-05-05 16:25:23 [INFO] Added block-info for Minecraft 1.5 blocks.
17-05-05 16:25:23 [INFO] Added block-info for Minecraft 1.6.1 blocks.
17-05-05 16:25:23 [INFO] Added block-info for Minecraft 1.7.2 blocks.
17-05-05 16:25:23 [INFO] Added block-info for Minecraft 1.8 blocks.
17-05-05 16:25:23 [INFO] Added block-info for Minecraft 1.9 blocks.
17-05-05 16:25:23 [INFO] Added block-info for Minecraft 1.10 blocks.
17-05-05 16:25:23 [INFO] Added block-info for Minecraft 1.11 blocks.
17-05-05 16:25:23 [INFO] Inventory checks: FastConsume is available, disabled InstantEat.
17-05-05 16:25:23 [INFO] Packet level access: ProtocolLib is not available.
17-05-05 16:25:23 [INFO] Force disable FastHeal on Minecraft 1.9 and later.
17-05-05 16:25:23 [INFO] Version 3.15.0-SNAPSHOT-sMD5NET-b1082 is enabled.
17-05-05 16:25:23 [INFO] [GenericInstanceRegistry] Registered for fr.neatmonster.nocheatplus.stats.Counters: fr.neatmonster.nocheatplus.stats.Counters
17-05-05 16:25:23 [INFO] [GenericInstanceRegistry] Registered for fr.neatmonster.nocheatplus.checks.workaround.WRPT: fr.neatmonster.nocheatplus.checks.workaround.WRPT
17-05-05 16:25:23 [INFO] [GenericInstanceRegistry] Registered for fr.neatmonster.nocheatplus.checks.moving.location.tracking.LocationTrace$TraceEntryPool: fr.neatmonster.nocheatplus.checks.moving.location.tracking.LocationTrace$TraceEntryPool
17-05-05 16:25:23 [INFO] [GenericInstanceRegistry] Registered for fr.neatmonster.nocheatplus.utilities.entity.PassengerUtil: fr.neatmonster.nocheatplus.utilities.entity.PassengerUtil
17-05-05 16:25:23 [INFO] [GenericInstanceRegistry] Registered for java.util.Random: java.util.Random
17-05-05 16:25:23 [INFO] [GenericInstanceRegistry] Registered for fr.neatmonster.nocheatplus.compat.IBridgeCrossPlugin: fr.neatmonster.nocheatplus.compat.meta.BridgeCrossPlugin
17-05-05 16:25:23 [INFO] [GenericInstanceRegistry] Registered for fr.neatmonster.nocheatplus.compat.MCAccess: fr.neatmonster.nocheatplus.compat.cbdev.MCAccessCBDev
17-05-05 16:25:23 [INFO] [GenericInstanceRegistry] Registered for fr.neatmonster.nocheatplus.utilities.map.BlockCache: fr.neatmonster.nocheatplus.compat.cbdev.BlockCacheCBDev
17-05-05 16:25:23 [INFO] [GenericInstanceRegistry] Registered for fr.neatmonster.nocheatplus.components.modifier.IAttributeAccess: fr.neatmonster.nocheatplus.compat.cbdev.AttributeAccess
17-05-05 16:25:23 [INFO] [GenericInstanceRegistry] Registered for fr.neatmonster.nocheatplus.components.entity.IEntityAccessLastPositionAndLook: fr.neatmonster.nocheatplus.compat.cbdev.EntityAccessLastPositionAndLook
17-05-05 16:25:23 [INFO] [GenericInstanceRegistry] Registered for fr.neatmonster.nocheatplus.components.entity.IEntityAccessVehicle: fr.neatmonster.nocheatplus.compat.bukkit.EntityAccessVehicleMultiPassenger
17-05-05 16:25:23 [INFO] [GenericInstanceRegistry] Registered for fr.neatmonster.nocheatplus.checks.moving.util.AuxMoving: fr.neatmonster.nocheatplus.checks.moving.util.AuxMoving
17-05-05 16:25:23 [INFO] Added hook: AllViolations(NCP) [1.0].
17-05-05 16:25:23 [INFO] Post-enable running...
17-05-05 16:25:24 [INFO] Post-enable finished.
17-05-05 16:25:24 [INFO] ---- Version information ----
#### Server ####
git-Spigot-9ba269b-c19c293 ~MC: 1.11.2~
  detected: 1.11.2
#### NoCheatPlus ####
Plugin: 3.15.0-SNAPSHOT-sMD5NET-b1082
MCAccess: 1.11-1.11.2 / Spigot-CB-1.11_R1
Features:
  blocks: BlocksMC1_4 | BlocksMC1_5 | BlocksMC1_6_1 | BlocksMC1_7_2 | BlocksMC1_8 | BlocksMC1_9 | BlocksMC1_10 | BlocksMC1_11
  checks: FastConsume | Gutenberg | HotFixFallingBlockPortalEnter
  defaults: pvpKnockBackVelocity
Hooks: AllViolations~NCP~ 1.0
17-05-07 00:28:04 [WARNING] System time ran backwards (1494131294181->1494131277712), clear all data and history...
17-05-08 04:00:52 [WARNING] System time ran backwards (1494230454204->1494230451887), clear all data and history...
17-05-09 04:39:39 [WARNING] System time ran backwards (1494319180934->1494319178847), clear all data and history...
17-05-28 15:40:56 [INFO] Logger started.
17-05-28 15:40:56 [INFO] Logging system initialized.
17-05-28 15:40:56 [INFO] Detected Minecraft version: 1.11.2
17-05-28 15:41:01 [INFO] McAccess set to: 1.11-1.11.2 / Spigot-CB-1.11_R1
17-05-28 15:41:01 [INFO] Added block-info for Minecraft 1.5 blocks.
17-05-28 15:41:01 [INFO] Added block-info for Minecraft 1.6.1 blocks.
17-05-28 15:41:01 [INFO] Added block-info for Minecraft 1.7.2 blocks.
17-05-28 15:41:01 [INFO] Added block-info for Minecraft 1.8 blocks.
17-05-28 15:41:01 [INFO] Added block-info for Minecraft 1.9 blocks.
17-05-28 15:41:01 [INFO] Added block-info for Minecraft 1.10 blocks.
17-05-28 15:41:01 [INFO] Added block-info for Minecraft 1.11 blocks.
17-05-28 15:41:01 [INFO] Inventory checks: FastConsume is available, disabled InstantEat.
17-05-28 15:41:01 [INFO] Packet level access: ProtocolLib is not available.
17-05-28 15:41:01 [INFO] Force disable FastHeal on Minecraft 1.9 and later.
17-05-28 15:41:01 [INFO] Version 3.15.0-SNAPSHOT-sMD5NET-b1082 is enabled.
17-05-28 15:41:02 [INFO] [GenericInstanceRegistry] Registered for fr.neatmonster.nocheatplus.stats.Counters: fr.neatmonster.nocheatplus.stats.Counters
17-05-28 15:41:02 [INFO] [GenericInstanceRegistry] Registered for fr.neatmonster.nocheatplus.checks.workaround.WRPT: fr.neatmonster.nocheatplus.checks.workaround.WRPT
17-05-28 15:41:02 [INFO] [GenericInstanceRegistry] Registered for fr.neatmonster.nocheatplus.checks.moving.location.tracking.LocationTrace$TraceEntryPool: fr.neatmonster.nocheatplus.checks.moving.location.tracking.LocationTrace$TraceEntryPool
17-05-28 15:41:02 [INFO] [GenericInstanceRegistry] Registered for fr.neatmonster.nocheatplus.utilities.entity.PassengerUtil: fr.neatmonster.nocheatplus.utilities.entity.PassengerUtil
17-05-28 15:41:02 [INFO] [GenericInstanceRegistry] Registered for java.util.Random: java.util.Random
17-05-28 15:41:02 [INFO] [GenericInstanceRegistry] Registered for fr.neatmonster.nocheatplus.compat.IBridgeCrossPlugin: fr.neatmonster.nocheatplus.compat.meta.BridgeCrossPlugin
17-05-28 15:41:02 [INFO] [GenericInstanceRegistry] Registered for fr.neatmonster.nocheatplus.compat.MCAccess: fr.neatmonster.nocheatplus.compat.cbdev.MCAccessCBDev
17-05-28 15:41:02 [INFO] [GenericInstanceRegistry] Registered for fr.neatmonster.nocheatplus.utilities.map.BlockCache: fr.neatmonster.nocheatplus.compat.cbdev.BlockCacheCBDev
17-05-28 15:41:02 [INFO] [GenericInstanceRegistry] Registered for fr.neatmonster.nocheatplus.components.modifier.IAttributeAccess: fr.neatmonster.nocheatplus.compat.cbdev.AttributeAccess
17-05-28 15:41:02 [INFO] [GenericInstanceRegistry] Registered for fr.neatmonster.nocheatplus.components.entity.IEntityAccessLastPositionAndLook: fr.neatmonster.nocheatplus.compat.cbdev.EntityAccessLastPositionAndLook
17-05-28 15:41:02 [INFO] [GenericInstanceRegistry] Registered for fr.neatmonster.nocheatplus.components.entity.IEntityAccessVehicle: fr.neatmonster.nocheatplus.compat.bukkit.EntityAccessVehicleMultiPassenger
17-05-28 15:41:02 [INFO] [GenericInstanceRegistry] Registered for fr.neatmonster.nocheatplus.checks.moving.util.AuxMoving: fr.neatmonster.nocheatplus.checks.moving.util.AuxMoving
17-05-28 15:41:02 [INFO] Added hook: AllViolations(NCP) [1.0].
17-05-28 15:41:02 [INFO] Post-enable running...
17-05-28 15:41:02 [INFO] Post-enable finished.
17-05-28 15:41:02 [INFO] ---- Version information ----
#### Server ####
git-Spigot-3fb9445-6e3cec8 ~MC: 1.11.2~
  detected: 1.11.2
#### NoCheatPlus ####
Plugin: 3.15.0-SNAPSHOT-sMD5NET-b1082
MCAccess: 1.11-1.11.2 / Spigot-CB-1.11_R1
Features:
  blocks: BlocksMC1_4 | BlocksMC1_5 | BlocksMC1_6_1 | BlocksMC1_7_2 | BlocksMC1_8 | BlocksMC1_9 | BlocksMC1_10 | BlocksMC1_11
  checks: FastConsume | Gutenberg | HotFixFallingBlockPortalEnter
  defaults: pvpKnockBackVelocity
Hooks: AllViolations~NCP~ 1.0
