#
# There is insufficient memory for the Java Runtime Environment to continue.
# Native memory allocation (malloc) failed to allocate 12288 bytes for committing reserved memory.
# Possible reasons:
#   The system is out of physical RAM or swap space
#   In 32 bit mode, the process size limit was hit
# Possible solutions:
#   Reduce memory load on the system
#   Increase physical memory or swap space
#   Check if swap backing store is full
#   Use 64 bit Java on a 64 bit OS
#   Decrease Java heap size (-Xmx/-Xms)
#   Decrease number of Java threads
#   Decrease Java thread stack sizes (-Xss)
#   Set larger code cache with -XX:ReservedCodeCacheSize=
# This output file may be truncated or incomplete.
#
#  Out of Memory Error (os_linux.cpp:2827), pid=18599, tid=139641791887104
#
# JRE version: OpenJDK Runtime Environment (7.0_95) (build 1.7.0_95-b00)
# Java VM: OpenJDK 64-Bit Server VM (24.95-b01 mixed mode linux-amd64 compressed oops)
# Derivative: IcedTea 2.6.4
# Distribution: Ubuntu 14.04.3 LTS, package 7u95-2.6.4-0ubuntu0.14.04.1
# Failed to write core dump. Core dumps have been disabled. To enable core dumping, try "ulimit -c unlimited" before starting Java again
#

---------------  T H R E A D  ---------------

Current thread (0x0000000001a12800):  JavaThread "Keep-Alive-Timer" daemon [_thread_new, id=24663, stack(0x00007f00e356b000,0x00007f00e366c000)]

Stack: [0x00007f00e356b000,0x00007f00e366c000],  sp=0x00007f00e366abe0,  free space=1022k
Native frames: (J=compiled Java code, j=interpreted, Vv=VM code, C=native code)
V  [libjvm.so+0x9550e5]
V  [libjvm.so+0x4902b4]
V  [libjvm.so+0x7cf44b]
V  [libjvm.so+0x7ca1df]
V  [libjvm.so+0x7d02e0]
V  [libjvm.so+0x907f16]
V  [libjvm.so+0x7cc682]


---------------  P R O C E S S  ---------------

Java Threads: ( => current thread )
=>0x0000000001a12800 JavaThread "Keep-Alive-Timer" daemon [_thread_new, id=24663, stack(0x00007f00e356b000,0x00007f00e366c000)]
  0x00007f00e4106000 JavaThread "Netty Epoll Server IO #3" daemon [_thread_in_native, id=24330, stack(0x00007f00deb64000,0x00007f00dec65000)]
  0x00007f00e4745000 JavaThread "Netty Epoll Server IO #2" daemon [_thread_in_native, id=24298, stack(0x00007f00ded66000,0x00007f00dee67000)]
  0x00007f00f8229800 JavaThread "Chunk I/O Executor Thread-1" daemon [_thread_blocked, id=24258, stack(0x00007f00e346a000,0x00007f00e356b000)]
  0x00007f00e4078800 JavaThread "Netty Epoll Server IO #1" daemon [_thread_in_native, id=24250, stack(0x00007f00dee67000,0x00007f00def68000)]
  0x00007f00f8b50000 JavaThread "File IO Thread" [_thread_blocked, id=18807, stack(0x00007f00e3dfe000,0x00007f00e3eff000)]
  0x00007f00f94da800 JavaThread "Timer-1" [_thread_blocked, id=18640, stack(0x00007f00e366c000,0x00007f00e376d000)]
  0x00007f00f9438800 JavaThread "Timer-0" [_thread_blocked, id=18639, stack(0x00007f00e39f5000,0x00007f00e3af6000)]
  0x00007f00f80ed000 JavaThread "Netty Epoll Server IO #0" daemon [_thread_in_native, id=18634, stack(0x00007f00e3af6000,0x00007f00e3bf7000)]
  0x00007f00f80aa000 JavaThread "Spigot Metrics Thread" daemon [_thread_blocked, id=18628, stack(0x00007f00e3eff000,0x00007f00e4000000)]
  0x00007f00f80a8800 JavaThread "Spigot Watchdog Thread" [_thread_blocked, id=18627, stack(0x00007f01000d2000,0x00007f01001d3000)]
  0x00007f00f8004800 JavaThread "Server console handler" daemon [_thread_in_native, id=18626, stack(0x00007f01001d3000,0x00007f01002d4000)]
  0x00007f00f8003800 JavaThread "Thread-5" [_thread_blocked, id=18625, stack(0x00007f01002d4000,0x00007f01003d5000)]
  0x00007f0104007800 JavaThread "DestroyJavaVM" [_thread_blocked, id=18600, stack(0x00007f010d72a000,0x00007f010d82b000)]
  0x00007f0104493800 JavaThread "Server thread" [_thread_blocked, id=18624, stack(0x00007f01003d5000,0x00007f01004d6000)]
  0x00007f0104491000 JavaThread "Server Infinisleeper" daemon [_thread_blocked, id=18623, stack(0x00007f01004d6000,0x00007f01005d7000)]
  0x00007f010448e800 JavaThread "NonBlockingInputStreamThread" daemon [_thread_blocked, id=18622, stack(0x00007f01005d7000,0x00007f01006d8000)]
  0x00007f01043eb800 JavaThread "Snooper Timer" daemon [_thread_blocked, id=18611, stack(0x00007f01006d8000,0x00007f01007d9000)]
  0x00007f01040ca800 JavaThread "Service Thread" daemon [_thread_blocked, id=18607, stack(0x00007f0109ccb000,0x00007f0109dcc000)]
  0x00007f01040c8000 JavaThread "C2 CompilerThread1" daemon [_thread_blocked, id=18606, stack(0x00007f0109dcc000,0x00007f0109ecd000)]
  0x00007f01040c5800 JavaThread "C2 CompilerThread0" daemon [_thread_blocked, id=18605, stack(0x00007f0109ecd000,0x00007f0109fce000)]
  0x00007f01040c3800 JavaThread "Signal Dispatcher" daemon [_thread_blocked, id=18604, stack(0x00007f0109fce000,0x00007f010a0cf000)]
  0x00007f0104097000 JavaThread "Finalizer" daemon [_thread_blocked, id=18603, stack(0x00007f010a258000,0x00007f010a359000)]
  0x00007f0104095000 JavaThread "Reference Handler" daemon [_thread_blocked, id=18602, stack(0x00007f010a359000,0x00007f010a45a000)]

Other Threads:
  0x00007f0104090800 VMThread [stack: 0x00007f010a45a000,0x00007f010a55b000] [id=18601]
  0x00007f01040d5800 WatcherThread [stack: 0x00007f0109bca000,0x00007f0109ccb000] [id=18608]

VM state:not at safepoint (normal execution)

VM Mutex/Monitor currently owned by a thread: None

Heap
 def new generation   total 69824K, used 59057K [0x00000000bfc00000, 0x00000000c47c0000, 0x00000000d1b50000)
  eden space 62080K,  95% used [0x00000000bfc00000, 0x00000000c35a0138, 0x00000000c38a0000)
  from space 7744K,   0% used [0x00000000c4030000, 0x00000000c403c6b0, 0x00000000c47c0000)
  to   space 7744K,   0% used [0x00000000c38a0000, 0x00000000c38a0000, 0x00000000c4030000)
 tenured generation   total 154960K, used 85746K [0x00000000d1b50000, 0x00000000db2a4000, 0x00000000f5a00000)
   the space 154960K,  55% used [0x00000000d1b50000, 0x00000000d6f0c958, 0x00000000d6f0ca00, 0x00000000db2a4000)
 compacting perm gen  total 39296K, used 39010K [0x00000000f5a00000, 0x00000000f8060000, 0x0000000100000000)
   the space 39296K,  99% used [0x00000000f5a00000, 0x00000000f8018ab8, 0x00000000f8018c00, 0x00000000f8060000)
No shared spaces configured.

Card table byte_map: [0x00007f010a99b000,0x00007f010ab9e000] byte_map_base: 0x00007f010a39d000

Polling page: 0x00007f010d84c000

Code Cache  [0x00007f0101000000, 0x00007f0101400000, 0x00007f0104000000)
 total_blobs=1910 nmethods=1337 adapters=525 free_code_cache=45137Kb largest_free_block=46142656

Compilation events (10 events):
Event: 36843.223 Thread 0x00007f01040c8000 1657             java.lang.Math::min (12 bytes)
Event: 36843.224 Thread 0x00007f01040c8000 nmethod 1657 0x00007f01012f9850 code [0x00007f01012f9980, 0x00007f01012f99d8]
Event: 36850.006 Thread 0x00007f01040c8000 1658             io.netty.util.concurrent.SingleThreadEventExecutor::isShuttingDown (17 bytes)
Event: 36850.007 Thread 0x00007f01040c8000 nmethod 1658 0x00007f0101308c50 code [0x00007f0101308da0, 0x00007f0101308e38]
Event: 36920.064 Thread 0x00007f01040c8000 1659             io.netty.util.concurrent.SingleThreadEventExecutor::delayNanos (27 bytes)
Event: 36920.065 Thread 0x00007f01040c8000 nmethod 1659 0x00007f0101265dd0 code [0x00007f0101265f20, 0x00007f0101266038]
Event: 36998.325 Thread 0x00007f01040c8000 1660             net.minecraft.server.v1_8_R3.MinecraftServer::A (435 bytes)
Event: 36998.357 Thread 0x00007f01040c8000 nmethod 1660 0x00007f010137f1d0 code [0x00007f010137f500, 0x00007f0101380278]
Event: 37025.242 Thread 0x00007f01040c5800 1661             net.minecraft.server.v1_8_R3.WorldProvider::a (88 bytes)
Event: 37025.243 Thread 0x00007f01040c5800 nmethod 1661 0x00007f01012a5190 code [0x00007f01012a5340, 0x00007f01012a54b8]

GC Heap History (10 events):
Event: 36401.919 GC heap before
{Heap before GC invocations=45 (full 4):
 def new generation   total 69824K, used 67399K [0x00000000bfc00000, 0x00000000c47c0000, 0x00000000d1b50000)
  eden space 62080K, 100% used [0x00000000bfc00000, 0x00000000c38a0000, 0x00000000c38a0000)
  from space 7744K,  68% used [0x00000000c38a0000, 0x00000000c3dd1c50, 0x00000000c4030000)
  to   space 7744K,   0% used [0x00000000c4030000, 0x00000000c4030000, 0x00000000c47c0000)
 tenured generation   total 154960K, used 74630K [0x00000000d1b50000, 0x00000000db2a4000, 0x00000000f5a00000)
   the space 154960K,  48% used [0x00000000d1b50000, 0x00000000d6431818, 0x00000000d6431a00, 0x00000000db2a4000)
 compacting perm gen  total 38976K, used 38916K [0x00000000f5a00000, 0x00000000f8010000, 0x0000000100000000)
   the space 38976K,  99% used [0x00000000f5a00000, 0x00000000f80013b0, 0x00000000f8001400, 0x00000000f8010000)
No shared spaces configured.
Event: 36401.925 GC heap after
Heap after GC invocations=46 (full 4):
 def new generation   total 69824K, used 7744K [0x00000000bfc00000, 0x00000000c47c0000, 0x00000000d1b50000)
  eden space 62080K,   0% used [0x00000000bfc00000, 0x00000000bfc00000, 0x00000000c38a0000)
  from space 7744K, 100% used [0x00000000c4030000, 0x00000000c47c0000, 0x00000000c47c0000)
  to   space 7744K,   0% used [0x00000000c38a0000, 0x00000000c38a0000, 0x00000000c4030000)
 tenured generation   total 154960K, used 76140K [0x00000000d1b50000, 0x00000000db2a4000, 0x00000000f5a00000)
   the space 154960K,  49% used [0x00000000d1b50000, 0x00000000d65ab148, 0x00000000d65ab200, 0x00000000db2a4000)
 compacting perm gen  total 38976K, used 38916K [0x00000000f5a00000, 0x00000000f8010000, 0x0000000100000000)
   the space 38976K,  99% used [0x00000000f5a00000, 0x00000000f80013b0, 0x00000000f8001400, 0x00000000f8010000)
No shared spaces configured.
}
Event: 36414.593 GC heap before
{Heap before GC invocations=46 (full 4):
 def new generation   total 69824K, used 69824K [0x00000000bfc00000, 0x00000000c47c0000, 0x00000000d1b50000)
  eden space 62080K, 100% used [0x00000000bfc00000, 0x00000000c38a0000, 0x00000000c38a0000)
  from space 7744K, 100% used [0x00000000c4030000, 0x00000000c47c0000, 0x00000000c47c0000)
  to   space 7744K,   0% used [0x00000000c38a0000, 0x00000000c38a0000, 0x00000000c4030000)
 tenured generation   total 154960K, used 76140K [0x00000000d1b50000, 0x00000000db2a4000, 0x00000000f5a00000)
   the space 154960K,  49% used [0x00000000d1b50000, 0x00000000d65ab148, 0x00000000d65ab200, 0x00000000db2a4000)
 compacting perm gen  total 38976K, used 38931K [0x00000000f5a00000, 0x00000000f8010000, 0x0000000100000000)
   the space 38976K,  99% used [0x00000000f5a00000, 0x00000000f8004ee8, 0x00000000f8005000, 0x00000000f8010000)
No shared spaces configured.
Event: 36414.605 GC heap after
Heap after GC invocations=47 (full 4):
 def new generation   total 69824K, used 6393K [0x00000000bfc00000, 0x00000000c47c0000, 0x00000000d1b50000)
  eden space 62080K,   0% used [0x00000000bfc00000, 0x00000000bfc00000, 0x00000000c38a0000)
  from space 7744K,  82% used [0x00000000c38a0000, 0x00000000c3ede590, 0x00000000c4030000)
  to   space 7744K,   0% used [0x00000000c4030000, 0x00000000c4030000, 0x00000000c47c0000)
 tenured generation   total 154960K, used 80941K [0x00000000d1b50000, 0x00000000db2a4000, 0x00000000f5a00000)
   the space 154960K,  52% used [0x00000000d1b50000, 0x00000000d6a5b508, 0x00000000d6a5b600, 0x00000000db2a4000)
 compacting perm gen  total 38976K, used 38931K [0x00000000f5a00000, 0x00000000f8010000, 0x0000000100000000)
   the space 38976K,  99% used [0x00000000f5a00000, 0x00000000f8004ee8, 0x00000000f8005000, 0x00000000f8010000)
No shared spaces configured.
}
Event: 36436.622 GC heap before
{Heap before GC invocations=47 (full 4):
 def new generation   total 69824K, used 68473K [0x00000000bfc00000, 0x00000000c47c0000, 0x00000000d1b50000)
  eden space 62080K, 100% used [0x00000000bfc00000, 0x00000000c38a0000, 0x00000000c38a0000)
  from space 7744K,  82% used [0x00000000c38a0000, 0x00000000c3ede590, 0x00000000c4030000)
  to   space 7744K,   0% used [0x00000000c4030000, 0x00000000c4030000, 0x00000000c47c0000)
 tenured generation   total 154960K, used 80941K [0x00000000d1b50000, 0x00000000db2a4000, 0x00000000f5a00000)
   the space 154960K,  52% used [0x00000000d1b50000, 0x00000000d6a5b508, 0x00000000d6a5b600, 0x00000000db2a4000)
 compacting perm gen  total 38976K, used 38974K [0x00000000f5a00000, 0x00000000f8010000, 0x0000000100000000)
   the space 38976K,  99% used [0x00000000f5a00000, 0x00000000f800f870, 0x00000000f800fa00, 0x00000000f8010000)
No shared spaces configured.
Event: 36436.631 GC heap after
Heap after GC invocations=48 (full 4):
 def new generation   total 69824K, used 6180K [0x00000000bfc00000, 0x00000000c47c0000, 0x00000000d1b50000)
  eden space 62080K,   0% used [0x00000000bfc00000, 0x00000000bfc00000, 0x00000000c38a0000)
  from space 7744K,  79% used [0x00000000c4030000, 0x00000000c4639270, 0x00000000c47c0000)
  to   space 7744K,   0% used [0x00000000c38a0000, 0x00000000c38a0000, 0x00000000c4030000)
 tenured generation   total 154960K, used 85702K [0x00000000d1b50000, 0x00000000db2a4000, 0x00000000f5a00000)
   the space 154960K,  55% used [0x00000000d1b50000, 0x00000000d6f01b58, 0x00000000d6f01c00, 0x00000000db2a4000)
 compacting perm gen  total 38976K, used 38974K [0x00000000f5a00000, 0x00000000f8010000, 0x0000000100000000)
   the space 38976K,  99% used [0x00000000f5a00000, 0x00000000f800f870, 0x00000000f800fa00, 0x00000000f8010000)
No shared spaces configured.
}
Event: 36495.235 GC heap before
{Heap before GC invocations=48 (full 4):
 def new generation   total 69824K, used 68260K [0x00000000bfc00000, 0x00000000c47c0000, 0x00000000d1b50000)
  eden space 62080K, 100% used [0x00000000bfc00000, 0x00000000c38a0000, 0x00000000c38a0000)
  from space 7744K,  79% used [0x00000000c4030000, 0x00000000c4639270, 0x00000000c47c0000)
  to   space 7744K,   0% used [0x00000000c38a0000, 0x00000000c38a0000, 0x00000000c4030000)
 tenured generation   total 154960K, used 85702K [0x00000000d1b50000, 0x00000000db2a4000, 0x00000000f5a00000)
   the space 154960K,  55% used [0x00000000d1b50000, 0x00000000d6f01b58, 0x00000000d6f01c00, 0x00000000db2a4000)
 compacting perm gen  total 39296K, used 39010K [0x00000000f5a00000, 0x00000000f8060000, 0x0000000100000000)
   the space 39296K,  99% used [0x00000000f5a00000, 0x00000000f80188b8, 0x00000000f8018a00, 0x00000000f8060000)
No shared spaces configured.
Event: 36495.238 GC heap after
Heap after GC invocations=49 (full 4):
 def new generation   total 69824K, used 204K [0x00000000bfc00000, 0x00000000c47c0000, 0x00000000d1b50000)
  eden space 62080K,   0% used [0x00000000bfc00000, 0x00000000bfc00000, 0x00000000c38a0000)
  from space 7744K,   2% used [0x00000000c38a0000, 0x00000000c38d3070, 0x00000000c4030000)
  to   space 7744K,   0% used [0x00000000c4030000, 0x00000000c4030000, 0x00000000c47c0000)
 tenured generation   total 154960K, used 85746K [0x00000000d1b50000, 0x00000000db2a4000, 0x00000000f5a00000)
   the space 154960K,  55% used [0x00000000d1b50000, 0x00000000d6f0c958, 0x00000000d6f0ca00, 0x00000000db2a4000)
 compacting perm gen  total 39296K, used 39010K [0x00000000f5a00000, 0x00000000f8060000, 0x0000000100000000)
   the space 39296K,  99% used [0x00000000f5a00000, 0x00000000f80188b8, 0x00000000f8018a00, 0x00000000f8060000)
No shared spaces configured.
}
Event: 36805.767 GC heap before
{Heap before GC invocations=49 (full 4):
 def new generation   total 69824K, used 62284K [0x00000000bfc00000, 0x00000000c47c0000, 0x00000000d1b50000)
  eden space 62080K, 100% used [0x00000000bfc00000, 0x00000000c38a0000, 0x00000000c38a0000)
  from space 7744K,   2% used [0x00000000c38a0000, 0x00000000c38d3070, 0x00000000c4030000)
  to   space 7744K,   0% used [0x00000000c4030000, 0x00000000c4030000, 0x00000000c47c0000)
 tenured generation   total 154960K, used 85746K [0x00000000d1b50000, 0x00000000db2a4000, 0x00000000f5a00000)
   the space 154960K,  55% used [0x00000000d1b50000, 0x00000000d6f0c958, 0x00000000d6f0ca00, 0x00000000db2a4000)
 compacting perm gen  total 39296K, used 39010K [0x00000000f5a00000, 0x00000000f8060000, 0x0000000100000000)
   the space 39296K,  99% used [0x00000000f5a00000, 0x00000000f8018a98, 0x00000000f8018c00, 0x00000000f8060000)
No shared spaces configured.
Event: 36805.768 GC heap after
Heap after GC invocations=50 (full 4):
 def new generation   total 69824K, used 49K [0x00000000bfc00000, 0x00000000c47c0000, 0x00000000d1b50000)
  eden space 62080K,   0% used [0x00000000bfc00000, 0x00000000bfc00000, 0x00000000c38a0000)
  from space 7744K,   0% used [0x00000000c4030000, 0x00000000c403c6b0, 0x00000000c47c0000)
  to   space 7744K,   0% used [0x00000000c38a0000, 0x00000000c38a0000, 0x00000000c4030000)
 tenured generation   total 154960K, used 85746K [0x00000000d1b50000, 0x00000000db2a4000, 0x00000000f5a00000)
   the space 154960K,  55% used [0x00000000d1b50000, 0x00000000d6f0c958, 0x00000000d6f0ca00, 0x00000000db2a4000)
 compacting perm gen  total 39296K, used 39010K [0x00000000f5a00000, 0x00000000f8060000, 0x0000000100000000)
   the space 39296K,  99% used [0x00000000f5a00000, 0x00000000f8018a98, 0x00000000f8018c00, 0x00000000f8060000)
No shared spaces configured.
}

Deoptimization events (10 events):
Event: 36435.672 Thread 0x00007f0104493800 Uncommon trap: reason=class_check action=maybe_recompile pc=0x00007f01011d1904 method=com.google.common.collect.RegularImmutableSet.contains(Ljava/lang/Object;)Z @ 34
Event: 36436.372 Thread 0x00007f0104493800 Uncommon trap: reason=class_check action=maybe_recompile pc=0x00007f01013336b0 method=com.google.common.collect.SingletonImmutableBiMap.containsKey(Ljava/lang/Object;)Z @ 5
Event: 36436.372 Thread 0x00007f0104493800 Uncommon trap: reason=class_check action=maybe_recompile pc=0x00007f01011d1904 method=com.google.common.collect.RegularImmutableSet.contains(Ljava/lang/Object;)Z @ 34
Event: 36458.734 Thread 0x00007f0104493800 Uncommon trap: reason=bimorphic action=maybe_recompile pc=0x00007f0101345890 method=net.minecraft.server.v1_8_R3.BlockFlowing.g(Lnet/minecraft/server/v1_8_R3/World;Lnet/minecraft/server/v1_8_R3/BlockPosition;Lnet/minecraft/server/v1_8_R3/IBlockData;)Z @ 6
Event: 36458.734 Thread 0x00007f0104493800 Uncommon trap: reason=unstable_if action=reinterpret pc=0x00007f0101271494 method=com.wbt.portals.Portal.containsLoc(Lorg/bukkit/Location;)Z @ 49
Event: 36458.734 Thread 0x00007f0104493800 Uncommon trap: reason=bimorphic action=maybe_recompile pc=0x00007f0101345890 method=net.minecraft.server.v1_8_R3.BlockFlowing.g(Lnet/minecraft/server/v1_8_R3/World;Lnet/minecraft/server/v1_8_R3/BlockPosition;Lnet/minecraft/server/v1_8_R3/IBlockData;)Z @ 6
Event: 36458.734 Thread 0x00007f0104493800 Uncommon trap: reason=bimorphic action=maybe_recompile pc=0x00007f0101345890 method=net.minecraft.server.v1_8_R3.BlockFlowing.g(Lnet/minecraft/server/v1_8_R3/World;Lnet/minecraft/server/v1_8_R3/BlockPosition;Lnet/minecraft/server/v1_8_R3/IBlockData;)Z @ 6
Event: 36460.624 Thread 0x00007f0104493800 Uncommon trap: reason=unstable_if action=reinterpret pc=0x00007f01010dfacc method=java.util.TreeMap.getFirstEntry()Ljava/util/TreeMap$Entry; @ 6
Event: 36460.933 Thread 0x00007f0104493800 Uncommon trap: reason=unstable_if action=reinterpret pc=0x00007f01012a3e34 method=java.util.LinkedList.remove(Ljava/lang/Object;)Z @ 56
Event: 36628.277 Thread 0x00007f0104493800 Uncommon trap: reason=class_check action=maybe_recompile pc=0x00007f010138acbc method=org.bukkit.craftbukkit.v1_8_R3.scheduler.CraftScheduler.mainThreadHeartbeat(I)V @ 24

Internal exceptions (10 events):
Event: 36628.279 Thread 0x00007f00f8b59800 Threw 0x00000000c1aa4d40 at /build/openjdk-7-2FOwCu/openjdk-7-7u95-2.6.4/build/openjdk/hotspot/src/share/vm/prims/jvm.cpp:1322
Event: 36628.279 Thread 0x00007f00f8b59800 Threw 0x00000000c1aa5160 at /build/openjdk-7-2FOwCu/openjdk-7-7u95-2.6.4/build/openjdk/hotspot/src/share/vm/prims/jvm.cpp:1322
Event: 36628.279 Thread 0x00007f00f8b59800 Threw 0x00000000c1aa5560 at /build/openjdk-7-2FOwCu/openjdk-7-7u95-2.6.4/build/openjdk/hotspot/src/share/vm/prims/jvm.cpp:1322
Event: 36628.279 Thread 0x00007f00f8b59800 Threw 0x00000000c1aa5960 at /build/openjdk-7-2FOwCu/openjdk-7-7u95-2.6.4/build/openjdk/hotspot/src/share/vm/prims/jvm.cpp:1322
Event: 36628.279 Thread 0x00007f00f8b59800 Threw 0x00000000c1aa5d60 at /build/openjdk-7-2FOwCu/openjdk-7-7u95-2.6.4/build/openjdk/hotspot/src/share/vm/prims/jvm.cpp:1322
Event: 36628.279 Thread 0x00007f00f8b59800 Threw 0x00000000c1aa6160 at /build/openjdk-7-2FOwCu/openjdk-7-7u95-2.6.4/build/openjdk/hotspot/src/share/vm/prims/jvm.cpp:1322
Event: 36628.281 Thread 0x00007f00f8b59800 Threw 0x00000000c1aa6560 at /build/openjdk-7-2FOwCu/openjdk-7-7u95-2.6.4/build/openjdk/hotspot/src/share/vm/prims/jvm.cpp:1322
Event: 36628.281 Thread 0x00007f00f8b59800 Threw 0x00000000c1aa6960 at /build/openjdk-7-2FOwCu/openjdk-7-7u95-2.6.4/build/openjdk/hotspot/src/share/vm/prims/jvm.cpp:1322
Event: 37213.271 Thread 0x00007f00f80aa000 Threw 0x00000000c31f6180 at /build/openjdk-7-2FOwCu/openjdk-7-7u95-2.6.4/build/openjdk/hotspot/src/share/vm/prims/jvm.cpp:1322
Event: 37213.889 Thread 0x00007f00f80aa000 Threw 0x00000000c31f6580 at /build/openjdk-7-2FOwCu/openjdk-7-7u95-2.6.4/build/openjdk/hotspot/src/share/vm/prims/jvm.cpp:1322

Events (10 events):
Event: 36923.134 Executing VM operation: RevokeBias
Event: 36923.134 Executing VM operation: RevokeBias done
Event: 36928.134 Executing VM operation: RevokeBias
Event: 36928.134 Executing VM operation: RevokeBias done
Event: 36928.134 Executing VM operation: RevokeBias
Event: 36928.134 Executing VM operation: RevokeBias done
Event: 36928.134 Thread 0x00007f00e4746000 Thread exited: 0x00007f00e4746000
Event: 37212.719 loading class 0x0000000001a045f0
Event: 37212.860 loading class 0x0000000001a045f0 done
Event: 37224.669 Thread 0x0000000001a12800 Thread added: 0x0000000001a12800


Dynamic libraries:
00400000-00401000 r-xp 00000000 08:01 135184                             /usr/lib/jvm/java-7-openjdk-amd64/jre/bin/java
00600000-00601000 r--p 00000000 08:01 135184                             /usr/lib/jvm/java-7-openjdk-amd64/jre/bin/java
00601000-00602000 rw-p 00001000 08:01 135184                             /usr/lib/jvm/java-7-openjdk-amd64/jre/bin/java
01a02000-01a46000 rw-p 00000000 00:00 0                                  [heap]
bfc00000-c47c0000 rw-p 00000000 00:00 0 
c47c0000-d1b50000 rw-p 00000000 00:00 0 
d1b50000-db2a4000 rw-p 00000000 00:00 0 
db2a4000-f5a00000 rw-p 00000000 00:00 0 
f5a00000-f8060000 rw-p 00000000 00:00 0 
f8060000-100000000 rw-p 00000000 00:00 0 
7f00dea63000-7f00dea66000 ---p 00000000 00:00 0 
7f00dea66000-7f00deb64000 rw-p 00000000 00:00 0 
7f00deb64000-7f00deb67000 ---p 00000000 00:00 0 
7f00deb67000-7f00dec65000 rw-p 00000000 00:00 0                          [stack:24330]
7f00dec65000-7f00dec68000 ---p 00000000 00:00 0 
7f00dec68000-7f00ded66000 rw-p 00000000 00:00 0 
7f00ded66000-7f00ded69000 ---p 00000000 00:00 0 
7f00ded69000-7f00dee67000 rw-p 00000000 00:00 0                          [stack:24298]
7f00dee67000-7f00dee6a000 ---p 00000000 00:00 0 
7f00dee6a000-7f00def68000 rw-p 00000000 00:00 0                          [stack:24250]
7f00def68000-7f00defe0000 r-xp 00000000 08:01 135137                     /usr/lib/x86_64-linux-gnu/nss/libfreebl3.so
7f00defe0000-7f00df1e0000 ---p 00078000 08:01 135137                     /usr/lib/x86_64-linux-gnu/nss/libfreebl3.so
7f00df1e0000-7f00df1e2000 r--p 00078000 08:01 135137                     /usr/lib/x86_64-linux-gnu/nss/libfreebl3.so
7f00df1e2000-7f00df1e3000 rw-p 0007a000 08:01 135137                     /usr/lib/x86_64-linux-gnu/nss/libfreebl3.so
7f00df1e3000-7f00df1e7000 rw-p 00000000 00:00 0 
7f00df1e7000-7f00df29b000 r-xp 00000000 08:01 5641                       /usr/lib/x86_64-linux-gnu/libsqlite3.so.0.8.6
7f00df29b000-7f00df49b000 ---p 000b4000 08:01 5641                       /usr/lib/x86_64-linux-gnu/libsqlite3.so.0.8.6
7f00df49b000-7f00df49d000 r--p 000b4000 08:01 5641                       /usr/lib/x86_64-linux-gnu/libsqlite3.so.0.8.6
7f00df49d000-7f00df49f000 rw-p 000b6000 08:01 5641                       /usr/lib/x86_64-linux-gnu/libsqlite3.so.0.8.6
7f00df49f000-7f00df4a0000 rw-p 00000000 00:00 0 
7f00df4a0000-7f00df4e0000 r-xp 00000000 08:01 135134                     /usr/lib/x86_64-linux-gnu/nss/libsoftokn3.so
7f00df4e0000-7f00df6e0000 ---p 00040000 08:01 135134                     /usr/lib/x86_64-linux-gnu/nss/libsoftokn3.so
7f00df6e0000-7f00df6e1000 r--p 00040000 08:01 135134                     /usr/lib/x86_64-linux-gnu/nss/libsoftokn3.so
7f00df6e1000-7f00df6e2000 rw-p 00041000 08:01 135134                     /usr/lib/x86_64-linux-gnu/nss/libsoftokn3.so
7f00df6e2000-7f00df71b000 r-xp 00000000 08:01 69019                      /usr/lib/x86_64-linux-gnu/libnspr4.so
7f00df71b000-7f00df91a000 ---p 00039000 08:01 69019                      /usr/lib/x86_64-linux-gnu/libnspr4.so
7f00df91a000-7f00df91b000 r--p 00038000 08:01 69019                      /usr/lib/x86_64-linux-gnu/libnspr4.so
7f00df91b000-7f00df91c000 rw-p 00039000 08:01 69019                      /usr/lib/x86_64-linux-gnu/libnspr4.so
7f00df91c000-7f00df91f000 rw-p 00000000 00:00 0 
7f00df91f000-7f00df922000 r-xp 00000000 08:01 69018                      /usr/lib/x86_64-linux-gnu/libplds4.so
7f00df922000-7f00dfb21000 ---p 00003000 08:01 69018                      /usr/lib/x86_64-linux-gnu/libplds4.so
7f00dfb21000-7f00dfb22000 r--p 00002000 08:01 69018                      /usr/lib/x86_64-linux-gnu/libplds4.so
7f00dfb22000-7f00dfb23000 rw-p 00003000 08:01 69018                      /usr/lib/x86_64-linux-gnu/libplds4.so
7f00dfb23000-7f00dfb27000 r-xp 00000000 08:01 69020                      /usr/lib/x86_64-linux-gnu/libplc4.so
7f00dfb27000-7f00dfd26000 ---p 00004000 08:01 69020                      /usr/lib/x86_64-linux-gnu/libplc4.so
7f00dfd26000-7f00dfd27000 r--p 00003000 08:01 69020                      /usr/lib/x86_64-linux-gnu/libplc4.so
7f00dfd27000-7f00dfd28000 rw-p 00004000 08:01 69020                      /usr/lib/x86_64-linux-gnu/libplc4.so
7f00dfd28000-7f00dfd4d000 r-xp 00000000 08:01 52719                      /usr/lib/x86_64-linux-gnu/libnssutil3.so
7f00dfd4d000-7f00dff4d000 ---p 00025000 08:01 52719                      /usr/lib/x86_64-linux-gnu/libnssutil3.so
7f00dff4d000-7f00dff53000 r--p 00025000 08:01 52719                      /usr/lib/x86_64-linux-gnu/libnssutil3.so
7f00dff53000-7f00dff54000 rw-p 0002b000 08:01 52719                      /usr/lib/x86_64-linux-gnu/libnssutil3.so
7f00dff54000-7f00e0087000 r-xp 00000000 08:01 52759                      /usr/lib/x86_64-linux-gnu/libnss3.so
7f00e0087000-7f00e0286000 ---p 00133000 08:01 52759                      /usr/lib/x86_64-linux-gnu/libnss3.so
7f00e0286000-7f00e028b000 r--p 00132000 08:01 52759                      /usr/lib/x86_64-linux-gnu/libnss3.so
7f00e028b000-7f00e028d000 rw-p 00137000 08:01 52759                      /usr/lib/x86_64-linux-gnu/libnss3.so
7f00e028d000-7f00e028e000 rw-p 00000000 00:00 0 
7f00e028e000-7f00e029e000 r-xp 00000000 08:01 142687                     /usr/lib/jvm/java-7-openjdk-amd64/jre/lib/amd64/libj2pkcs11.so
7f00e029e000-7f00e049d000 ---p 00010000 08:01 142687                     /usr/lib/jvm/java-7-openjdk-amd64/jre/lib/amd64/libj2pkcs11.so
7f00e049d000-7f00e049e000 r--p 0000f000 08:01 142687                     /usr/lib/jvm/java-7-openjdk-amd64/jre/lib/amd64/libj2pkcs11.so
7f00e049e000-7f00e049f000 rw-p 00010000 08:01 142687                     /usr/lib/jvm/java-7-openjdk-amd64/jre/lib/amd64/libj2pkcs11.so
7f00e049f000-7f00e04a3000 r-xp 00000000 08:01 17515                      /lib/x86_64-linux-gnu/libgpg-error.so.0.10.0
7f00e04a3000-7f00e06a2000 ---p 00004000 08:01 17515                      /lib/x86_64-linux-gnu/libgpg-error.so.0.10.0
7f00e06a2000-7f00e06a3000 r--p 00003000 08:01 17515                      /lib/x86_64-linux-gnu/libgpg-error.so.0.10.0
7f00e06a3000-7f00e06a4000 rw-p 00004000 08:01 17515                      /lib/x86_64-linux-gnu/libgpg-error.so.0.10.0
7f00e06a4000-7f00e06a6000 r-xp 00000000 08:01 5005                       /lib/x86_64-linux-gnu/libkeyutils.so.1.4
7f00e06a6000-7f00e08a6000 ---p 00002000 08:01 5005                       /lib/x86_64-linux-gnu/libkeyutils.so.1.4
7f00e08a6000-7f00e08a7000 r--p 00002000 08:01 5005                       /lib/x86_64-linux-gnu/libkeyutils.so.1.4
7f00e08a7000-7f00e08a8000 rw-p 00003000 08:01 5005                       /lib/x86_64-linux-gnu/libkeyutils.so.1.4
7f00e08a8000-7f00e08cd000 r-xp 00000000 08:01 24047                      /lib/x86_64-linux-gnu/libpng12.so.0.50.0
7f00e08cd000-7f00e0acc000 ---p 00025000 08:01 24047                      /lib/x86_64-linux-gnu/libpng12.so.0.50.0
7f00e0acc000-7f00e0acd000 r--p 00024000 08:01 24047                      /lib/x86_64-linux-gnu/libpng12.so.0.50.0
7f00e0acd000-7f00e0ace000 rw-p 00025000 08:01 24047                      /lib/x86_64-linux-gnu/libpng12.so.0.50.0
7f00e0ace000-7f00e0b12000 r-xp 00000000 08:01 23645                      /lib/x86_64-linux-gnu/libdbus-1.so.3.7.6
7f00e0b12000-7f00e0d11000 ---p 00044000 08:01 23645                      /lib/x86_64-linux-gnu/libdbus-1.so.3.7.6
7f00e0d11000-7f00e0d12000 r--p 00043000 08:01 23645                      /lib/x86_64-linux-gnu/libdbus-1.so.3.7.6
7f00e0d12000-7f00e0d13000 rw-p 00044000 08:01 23645                      /lib/x86_64-linux-gnu/libdbus-1.so.3.7.6
7f00e0d13000-7f00e0d4e000 r-xp 00000000 08:01 71635                      /usr/lib/x86_64-linux-gnu/libp11-kit.so.0.0.0
7f00e0d4e000-7f00e0f4d000 ---p 0003b000 08:01 71635                      /usr/lib/x86_64-linux-gnu/libp11-kit.so.0.0.0
7f00e0f4d000-7f00e0f53000 r--p 0003a000 08:01 71635                      /usr/lib/x86_64-linux-gnu/libp11-kit.so.0.0.0
7f00e0f53000-7f00e0f55000 rw-p 00040000 08:01 71635                      /usr/lib/x86_64-linux-gnu/libp11-kit.so.0.0.0
7f00e0f55000-7f00e0f67000 r-xp 00000000 08:01 1151                       /usr/lib/x86_64-linux-gnu/libtasn1.so.6.2.0
7f00e0f67000-7f00e1167000 ---p 00012000 08:01 1151                       /usr/lib/x86_64-linux-gnu/libtasn1.so.6.2.0
7f00e1167000-7f00e1168000 r--p 00012000 08:01 1151                       /usr/lib/x86_64-linux-gnu/libtasn1.so.6.2.0
7f00e1168000-7f00e1169000 rw-p 00013000 08:01 1151                       /usr/lib/x86_64-linux-gnu/libtasn1.so.6.2.0
7f00e1169000-7f00e11e5000 r-xp 00000000 08:01 20161                      /lib/x86_64-linux-gnu/libgcrypt.so.11.8.2
7f00e11e5000-7f00e13e5000 ---p 0007c000 08:01 20161                      /lib/x86_64-linux-gnu/libgcrypt.so.11.8.2
7f00e13e5000-7f00e13e6000 r--p 0007c000 08:01 20161                      /lib/x86_64-linux-gnu/libgcrypt.so.11.8.2
7f00e13e6000-7f00e13e9000 rw-p 0007d000 08:01 20161                      /lib/x86_64-linux-gnu/libgcrypt.so.11.8.2
7f00e13e9000-7f00e13f3000 r-xp 00000000 08:01 52562                      /usr/lib/x86_64-linux-gnu/libkrb5support.so.0.1
7f00e13f3000-7f00e15f2000 ---p 0000a000 08:01 52562                      /usr/lib/x86_64-linux-gnu/libkrb5support.so.0.1
7f00e15f2000-7f00e15f3000 r--p 00009000 08:01 52562                      /usr/lib/x86_64-linux-gnu/libkrb5support.so.0.1
7f00e15f3000-7f00e15f4000 rw-p 0000a000 08:01 52562                      /usr/lib/x86_64-linux-gnu/libkrb5support.so.0.1
7f00e15f4000-7f00e15f7000 r-xp 00000000 08:01 4958                       /lib/x86_64-linux-gnu/libcom_err.so.2.1
7f00e15f7000-7f00e17f6000 ---p 00003000 08:01 4958                       /lib/x86_64-linux-gnu/libcom_err.so.2.1
7f00e17f6000-7f00e17f7000 r--p 00002000 08:01 4958                       /lib/x86_64-linux-gnu/libcom_err.so.2.1
7f00e17f7000-7f00e17f8000 rw-p 00003000 08:01 4958                       /lib/x86_64-linux-gnu/libcom_err.so.2.1
7f00e17f8000-7f00e1824000 r-xp 00000000 08:01 52130                      /usr/lib/x86_64-linux-gnu/libk5crypto.so.3.1
7f00e1824000-7f00e1a23000 ---p 0002c000 08:01 52130                      /usr/lib/x86_64-linux-gnu/libk5crypto.so.3.1
7f00e1a23000-7f00e1a25000 r--p 0002b000 08:01 52130                      /usr/lib/x86_64-linux-gnu/libk5crypto.so.3.1
7f00e1a25000-7f00e1a26000 rw-p 0002d000 08:01 52130                      /usr/lib/x86_64-linux-gnu/libk5crypto.so.3.1
7f00e1a26000-7f00e1a27000 rw-p 00000000 00:00 0 
7f00e1a27000-7f00e1ae3000 r-xp 00000000 08:01 6829                       /usr/lib/x86_64-linux-gnu/libkrb5.so.3.3
7f00e1ae3000-7f00e1ce3000 ---p 000bc000 08:01 6829                       /usr/lib/x86_64-linux-gnu/libkrb5.so.3.3
7f00e1ce3000-7f00e1cf0000 r--p 000bc000 08:01 6829                       /usr/lib/x86_64-linux-gnu/libkrb5.so.3.3
7f00e1cf0000-7f00e1cf2000 rw-p 000c9000 08:01 6829                       /usr/lib/x86_64-linux-gnu/libkrb5.so.3.3
7f00e1cf2000-7f00e1d19000 r-xp 00000000 08:01 21712                      /lib/x86_64-linux-gnu/libexpat.so.1.6.0
7f00e1d19000-7f00e1f19000 ---p 00027000 08:01 21712                      /lib/x86_64-linux-gnu/libexpat.so.1.6.0
7f00e1f19000-7f00e1f1b000 r--p 00027000 08:01 21712                      /lib/x86_64-linux-gnu/libexpat.so.1.6.0
7f00e1f1b000-7f00e1f1c000 rw-p 00029000 08:01 21712                      /lib/x86_64-linux-gnu/libexpat.so.1.6.0
7f00e1f1c000-7f00e1fb9000 r-xp 00000000 08:01 24039                      /usr/lib/x86_64-linux-gnu/libfreetype.so.6.11.1
7f00e1fb9000-7f00e21b8000 ---p 0009d000 08:01 24039                      /usr/lib/x86_64-linux-gnu/libfreetype.so.6.11.1
7f00e21b8000-7f00e21be000 r--p 0009c000 08:01 24039                      /usr/lib/x86_64-linux-gnu/libfreetype.so.6.11.1
7f00e21be000-7f00e21bf000 rw-p 000a2000 08:01 24039                      /usr/lib/x86_64-linux-gnu/libfreetype.so.6.11.1
7f00e21bf000-7f00e21ce000 r-xp 00000000 08:01 11234                      /usr/lib/x86_64-linux-gnu/libavahi-client.so.3.2.9
7f00e21ce000-7f00e23ce000 ---p 0000f000 08:01 11234                      /usr/lib/x86_64-linux-gnu/libavahi-client.so.3.2.9
7f00e23ce000-7f00e23cf000 r--p 0000f000 08:01 11234                      /usr/lib/x86_64-linux-gnu/libavahi-client.so.3.2.9
7f00e23cf000-7f00e23d0000 rw-p 00010000 08:01 11234                      /usr/lib/x86_64-linux-gnu/libavahi-client.so.3.2.9
7f00e23d0000-7f00e23db000 r-xp 00000000 08:01 4805                       /usr/lib/x86_64-linux-gnu/libavahi-common.so.3.5.3
7f00e23db000-7f00e25da000 ---p 0000b000 08:01 4805                       /usr/lib/x86_64-linux-gnu/libavahi-common.so.3.5.3
7f00e25da000-7f00e25db000 r--p 0000a000 08:01 4805                       /usr/lib/x86_64-linux-gnu/libavahi-common.so.3.5.3
7f00e25db000-7f00e25dc000 rw-p 0000b000 08:01 4805                       /usr/lib/x86_64-linux-gnu/libavahi-common.so.3.5.3
7f00e25dc000-7f00e2693000 r-xp 00000000 08:01 20441                      /usr/lib/x86_64-linux-gnu/libgnutls.so.26.22.6
7f00e2693000-7f00e2892000 ---p 000b7000 08:01 20441                      /usr/lib/x86_64-linux-gnu/libgnutls.so.26.22.6
7f00e2892000-7f00e2898000 r--p 000b6000 08:01 20441                      /usr/lib/x86_64-linux-gnu/libgnutls.so.26.22.6
7f00e2898000-7f00e2899000 rw-p 000bc000 08:01 20441                      /usr/lib/x86_64-linux-gnu/libgnutls.so.26.22.6
7f00e2899000-7f00e289a000 rw-p 00000000 00:00 0 
7f00e289a000-7f00e28de000 r-xp 00000000 08:01 6681                       /usr/lib/x86_64-linux-gnu/libgssapi_krb5.so.2.2
7f00e28de000-7f00e2ade000 ---p 00044000 08:01 6681                       /usr/lib/x86_64-linux-gnu/libgssapi_krb5.so.2.2
7f00e2ade000-7f00e2adf000 r--p 00044000 08:01 6681                       /usr/lib/x86_64-linux-gnu/libgssapi_krb5.so.2.2
7f00e2adf000-7f00e2ae1000 rw-p 00045000 08:01 6681                       /usr/lib/x86_64-linux-gnu/libgssapi_krb5.so.2.2
7f00e2ae1000-7f00e2b1b000 r-xp 00000000 08:01 11337                      /usr/lib/x86_64-linux-gnu/libfontconfig.so.1.8.0
7f00e2b1b000-7f00e2d1a000 ---p 0003a000 08:01 11337                      /usr/lib/x86_64-linux-gnu/libfontconfig.so.1.8.0
7f00e2d1a000-7f00e2d1c000 r--p 00039000 08:01 11337                      /usr/lib/x86_64-linux-gnu/libfontconfig.so.1.8.0
7f00e2d1c000-7f00e2d1d000 rw-p 0003b000 08:01 11337                      /usr/lib/x86_64-linux-gnu/libfontconfig.so.1.8.0
7f00e2d1d000-7f00e2d89000 r-xp 00000000 08:01 11533                      /usr/lib/x86_64-linux-gnu/libcups.so.2
7f00e2d89000-7f00e2f89000 ---p 0006c000 08:01 11533                      /usr/lib/x86_64-linux-gnu/libcups.so.2
7f00e2f89000-7f00e2f90000 r--p 0006c000 08:01 11533                      /usr/lib/x86_64-linux-gnu/libcups.so.2
7f00e2f90000-7f00e2f91000 rw-p 00073000 08:01 11533                      /usr/lib/x86_64-linux-gnu/libcups.so.2
7f00e2f91000-7f00e2f97000 r-xp 00000000 08:01 142689                     /usr/lib/jvm/java-7-openjdk-amd64/jre/lib/amd64/headless/libmawt.so
7f00e2f97000-7f00e3197000 ---p 00006000 08:01 142689                     /usr/lib/jvm/java-7-openjdk-amd64/jre/lib/amd64/headless/libmawt.so
7f00e3197000-7f00e3198000 r--p 00006000 08:01 142689                     /usr/lib/jvm/java-7-openjdk-amd64/jre/lib/amd64/headless/libmawt.so
7f00e3198000-7f00e3199000 rw-p 00007000 08:01 142689                     /usr/lib/jvm/java-7-openjdk-amd64/jre/lib/amd64/headless/libmawt.so
7f00e3199000-7f00e3239000 r-xp 00000000 08:01 142663                     /usr/lib/jvm/java-7-openjdk-amd64/jre/lib/amd64/libawt.so
7f00e3239000-7f00e3439000 ---p 000a0000 08:01 142663                     /usr/lib/jvm/java-7-openjdk-amd64/jre/lib/amd64/libawt.so
7f00e3439000-7f00e343a000 r--p 000a0000 08:01 142663                     /usr/lib/jvm/java-7-openjdk-amd64/jre/lib/amd64/libawt.so
7f00e343a000-7f00e3445000 rw-p 000a1000 08:01 142663                     /usr/lib/jvm/java-7-openjdk-amd64/jre/lib/amd64/libawt.so
7f00e3445000-7f00e346a000 rw-p 00000000 00:00 0 
7f00e346a000-7f00e346d000 ---p 00000000 00:00 0 
7f00e346d000-7f00e356b000 rw-p 00000000 00:00 0                          [stack:24258]
7f00e356e000-7f00e366c000 rw-p 00000000 00:00 0                          [stack:24663]
7f00e366c000-7f00e366f000 ---p 00000000 00:00 0 
7f00e366f000-7f00e376d000 rw-p 00000000 00:00 0                          [stack:18640]
7f00e376d000-7f00e37f1000 r-xp 00000000 08:01 52266                      /tmp/sqlite-3.7.2-libsqlitejdbc.so
7f00e37f1000-7f00e39f1000 ---p 00084000 08:01 52266                      /tmp/sqlite-3.7.2-libsqlitejdbc.so
7f00e39f1000-7f00e39f2000 r--p 00084000 08:01 52266                      /tmp/sqlite-3.7.2-libsqlitejdbc.so
7f00e39f2000-7f00e39f5000 rw-p 00085000 08:01 52266                      /tmp/sqlite-3.7.2-libsqlitejdbc.so
7f00e39f5000-7f00e39f8000 ---p 00000000 00:00 0 
7f00e39f8000-7f00e3af6000 rw-p 00000000 00:00 0                          [stack:18639]
7f00e3af6000-7f00e3af9000 ---p 00000000 00:00 0 
7f00e3af9000-7f00e3bf7000 rw-p 00000000 00:00 0                          [stack:18634]
7f00e3bf7000-7f00e3bfe000 r-xp 00000000 08:01 52317                      /tmp/libnetty-transport-native-epoll1384841462195238533.so
7f00e3bfe000-7f00e3dfd000 ---p 00007000 08:01 52317                      /tmp/libnetty-transport-native-epoll1384841462195238533.so
7f00e3dfd000-7f00e3dfe000 rw-p 00006000 08:01 52317                      /tmp/libnetty-transport-native-epoll1384841462195238533.so
7f00e3dfe000-7f00e3e01000 ---p 00000000 00:00 0 
7f00e3e01000-7f00e3eff000 rw-p 00000000 00:00 0                          [stack:18807]
7f00e3eff000-7f00e3f02000 ---p 00000000 00:00 0 
7f00e3f02000-7f00e4000000 rw-p 00000000 00:00 0                          [stack:18628]
7f00e4000000-7f00e4d3c000 rw-p 00000000 00:00 0 
7f00e4d3c000-7f00e8000000 ---p 00000000 00:00 0 
7f00e8000000-7f00e823a000 rw-p 00000000 00:00 0 
7f00e823a000-7f00ec000000 ---p 00000000 00:00 0 
7f00ec000000-7f00ec021000 rw-p 00000000 00:00 0 
7f00ec021000-7f00f0000000 ---p 00000000 00:00 0 
7f00f0000000-7f00f1116000 rw-p 00000000 00:00 0 
7f00f1116000-7f00f4000000 ---p 00000000 00:00 0 
7f00f4000000-7f00f5815000 rw-p 00000000 00:00 0 
7f00f5815000-7f00f8000000 ---p 00000000 00:00 0 
7f00f8000000-7f00f9543000 rw-p 00000000 00:00 0 
7f00f9543000-7f00fc000000 ---p 00000000 00:00 0 
7f00fc000000-7f00fc1eb000 rw-p 00000000 00:00 0 
7f00fc1eb000-7f0100000000 ---p 00000000 00:00 0 
7f01000d2000-7f01000d5000 ---p 00000000 00:00 0 
7f01000d5000-7f01001d3000 rw-p 00000000 00:00 0                          [stack:18627]
7f01001d3000-7f01001d6000 ---p 00000000 00:00 0 
7f01001d6000-7f01002d4000 rw-p 00000000 00:00 0                          [stack:18626]
7f01002d4000-7f01002d7000 ---p 00000000 00:00 0 
7f01002d7000-7f01003d5000 rw-p 00000000 00:00 0                          [stack:18625]
7f01003d5000-7f01003d8000 ---p 00000000 00:00 0 
7f01003d8000-7f01004d6000 rw-p 00000000 00:00 0                          [stack:18624]
7f01004d6000-7f01004d9000 ---p 00000000 00:00 0 
7f01004d9000-7f01005d7000 rw-p 00000000 00:00 0                          [stack:18623]
7f01005d7000-7f01005da000 ---p 00000000 00:00 0 
7f01005da000-7f01006d8000 rw-p 00000000 00:00 0                          [stack:18622]
7f01006d8000-7f01006db000 ---p 00000000 00:00 0 
7f01006db000-7f01007d9000 rw-p 00000000 00:00 0                          [stack:18611]
7f01007d9000-7f01007de000 r-xp 00000000 08:01 64435                      /lib/x86_64-linux-gnu/libnss_dns-2.19.so
7f01007de000-7f01009dd000 ---p 00005000 08:01 64435                      /lib/x86_64-linux-gnu/libnss_dns-2.19.so
7f01009dd000-7f01009de000 r--p 00004000 08:01 64435                      /lib/x86_64-linux-gnu/libnss_dns-2.19.so
7f01009de000-7f01009df000 rw-p 00005000 08:01 64435                      /lib/x86_64-linux-gnu/libnss_dns-2.19.so
7f01009df000-7f01009e1000 r-xp 00000000 08:01 51397                      /lib/x86_64-linux-gnu/libnss_mdns4_minimal.so.2
7f01009e1000-7f0100be0000 ---p 00002000 08:01 51397                      /lib/x86_64-linux-gnu/libnss_mdns4_minimal.so.2
7f0100be0000-7f0100be1000 r--p 00001000 08:01 51397                      /lib/x86_64-linux-gnu/libnss_mdns4_minimal.so.2
7f0100be1000-7f0100be2000 rw-p 00002000 08:01 51397                      /lib/x86_64-linux-gnu/libnss_mdns4_minimal.so.2
7f0100be2000-7f0100bed000 r-xp 00000000 08:01 65061                      /lib/x86_64-linux-gnu/libnss_files-2.19.so
7f0100bed000-7f0100dec000 ---p 0000b000 08:01 65061                      /lib/x86_64-linux-gnu/libnss_files-2.19.so
7f0100dec000-7f0100ded000 r--p 0000a000 08:01 65061                      /lib/x86_64-linux-gnu/libnss_files-2.19.so
7f0100ded000-7f0100dee000 rw-p 0000b000 08:01 65061                      /lib/x86_64-linux-gnu/libnss_files-2.19.so
7f0100dee000-7f0100dfe000 r-xp 00000000 08:01 142681                     /usr/lib/jvm/java-7-openjdk-amd64/jre/lib/amd64/libnio.so
7f0100dfe000-7f0100ffe000 ---p 00010000 08:01 142681                     /usr/lib/jvm/java-7-openjdk-amd64/jre/lib/amd64/libnio.so
7f0100ffe000-7f0100fff000 r--p 00010000 08:01 142681                     /usr/lib/jvm/java-7-openjdk-amd64/jre/lib/amd64/libnio.so
7f0100fff000-7f0101000000 rw-p 00011000 08:01 142681                     /usr/lib/jvm/java-7-openjdk-amd64/jre/lib/amd64/libnio.so
7f0101000000-7f0101400000 rwxp 00000000 00:00 0 
7f0101400000-7f01045cf000 rw-p 00000000 00:00 0 
7f01045cf000-7f0108000000 ---p 00000000 00:00 0 
7f01080c8000-7f01080cf000 r--s 00043000 08:01 924626                     /home/Rhinorulz/servs/MC/EnderRealm/Spigot-Games/plugins/AsyncWorldEdit.jar
7f01080cf000-7f01080ee000 r--s 00164000 08:01 924655                     /home/Rhinorulz/servs/MC/EnderRealm/Spigot-Games/plugins/worldedit-bukkit-6.1.jar
7f01080ee000-7f010812b000 r-xp 00000000 08:01 20608                      /lib/x86_64-linux-gnu/libpcre.so.3.13.1
7f010812b000-7f010832a000 ---p 0003d000 08:01 20608                      /lib/x86_64-linux-gnu/libpcre.so.3.13.1
7f010832a000-7f010832b000 r--p 0003c000 08:01 20608                      /lib/x86_64-linux-gnu/libpcre.so.3.13.1
7f010832b000-7f010832c000 rw-p 0003d000 08:01 20608                      /lib/x86_64-linux-gnu/libpcre.so.3.13.1
7f010832c000-7f0108333000 r-xp 00000000 08:01 4420                       /usr/lib/x86_64-linux-gnu/libffi.so.6.0.1
7f0108333000-7f0108532000 ---p 00007000 08:01 4420                       /usr/lib/x86_64-linux-gnu/libffi.so.6.0.1
7f0108532000-7f0108533000 r--p 00006000 08:01 4420                       /usr/lib/x86_64-linux-gnu/libffi.so.6.0.1
7f0108533000-7f0108534000 rw-p 00007000 08:01 4420                       /usr/lib/x86_64-linux-gnu/libffi.so.6.0.1
7f0108534000-7f010854b000 r-xp 00000000 08:01 58477                      /lib/x86_64-linux-gnu/libresolv-2.19.so
7f010854b000-7f010874b000 ---p 00017000 08:01 58477                      /lib/x86_64-linux-gnu/libresolv-2.19.so
7f010874b000-7f010874c000 r--p 00017000 08:01 58477                      /lib/x86_64-linux-gnu/libresolv-2.19.so
7f010874c000-7f010874d000 rw-p 00018000 08:01 58477                      /lib/x86_64-linux-gnu/libresolv-2.19.so
7f010874d000-7f010874f000 rw-p 00000000 00:00 0 
7f010874f000-7f010876f000 r-xp 00000000 08:01 3076                       /lib/x86_64-linux-gnu/libselinux.so.1
7f010876f000-7f010896e000 ---p 00020000 08:01 3076                       /lib/x86_64-linux-gnu/libselinux.so.1
7f010896e000-7f010896f000 r--p 0001f000 08:01 3076                       /lib/x86_64-linux-gnu/libselinux.so.1
7f010896f000-7f0108970000 rw-p 00020000 08:01 3076                       /lib/x86_64-linux-gnu/libselinux.so.1
7f0108970000-7f0108972000 rw-p 00000000 00:00 0 
7f0108972000-7f0108975000 r-xp 00000000 08:01 12455                      /usr/lib/x86_64-linux-gnu/libgmodule-2.0.so.0.4002.0
7f0108975000-7f0108b74000 ---p 00003000 08:01 12455                      /usr/lib/x86_64-linux-gnu/libgmodule-2.0.so.0.4002.0
7f0108b74000-7f0108b75000 r--p 00002000 08:01 12455                      /usr/lib/x86_64-linux-gnu/libgmodule-2.0.so.0.4002.0
7f0108b75000-7f0108b76000 rw-p 00003000 08:01 12455                      /usr/lib/x86_64-linux-gnu/libgmodule-2.0.so.0.4002.0
7f0108b76000-7f0108c7c000 r-xp 00000000 08:01 12454                      /lib/x86_64-linux-gnu/libglib-2.0.so.0.4002.0
7f0108c7c000-7f0108e7b000 ---p 00106000 08:01 12454                      /lib/x86_64-linux-gnu/libglib-2.0.so.0.4002.0
7f0108e7b000-7f0108e7c000 r--p 00105000 08:01 12454                      /lib/x86_64-linux-gnu/libglib-2.0.so.0.4002.0
7f0108e7c000-7f0108e7d000 rw-p 00106000 08:01 12454                      /lib/x86_64-linux-gnu/libglib-2.0.so.0.4002.0
7f0108e7d000-7f0108e7e000 rw-p 00000000 00:00 0 
7f0108e7e000-7f0108ecd000 r-xp 00000000 08:01 12461                      /usr/lib/x86_64-linux-gnu/libgobject-2.0.so.0.4002.0
7f0108ecd000-7f01090cd000 ---p 0004f000 08:01 12461                      /usr/lib/x86_64-linux-gnu/libgobject-2.0.so.0.4002.0
7f01090cd000-7f01090ce000 r--p 0004f000 08:01 12461                      /usr/lib/x86_64-linux-gnu/libgobject-2.0.so.0.4002.0
7f01090ce000-7f01090cf000 rw-p 00050000 08:01 12461                      /usr/lib/x86_64-linux-gnu/libgobject-2.0.so.0.4002.0
7f01090cf000-7f010923b000 r-xp 00000000 08:01 12463                      /usr/lib/x86_64-linux-gnu/libgio-2.0.so.0.4002.0
7f010923b000-7f010943a000 ---p 0016c000 08:01 12463                      /usr/lib/x86_64-linux-gnu/libgio-2.0.so.0.4002.0
7f010943a000-7f010943e000 r--p 0016b000 08:01 12463                      /usr/lib/x86_64-linux-gnu/libgio-2.0.so.0.4002.0
7f010943e000-7f0109440000 rw-p 0016f000 08:01 12463                      /usr/lib/x86_64-linux-gnu/libgio-2.0.so.0.4002.0
7f0109440000-7f0109442000 rw-p 00000000 00:00 0 
7f0109444000-7f010945f000 r--s 00127000 08:01 924656                     /home/Rhinorulz/servs/MC/EnderRealm/Spigot-Games/plugins/worldguard-6.1.jar
7f010945f000-7f0109476000 r-xp 00000000 08:01 142714                     /usr/lib/jvm/java-7-openjdk-amd64/jre/lib/amd64/libnet.so
7f0109476000-7f0109675000 ---p 00017000 08:01 142714                     /usr/lib/jvm/java-7-openjdk-amd64/jre/lib/amd64/libnet.so
7f0109675000-7f0109676000 r--p 00016000 08:01 142714                     /usr/lib/jvm/java-7-openjdk-amd64/jre/lib/amd64/libnet.so
7f0109676000-7f0109677000 rw-p 00017000 08:01 142714                     /usr/lib/jvm/java-7-openjdk-amd64/jre/lib/amd64/libnet.so
7f0109677000-7f010967f000 r-xp 00000000 08:01 142691                     /usr/lib/jvm/java-7-openjdk-amd64/jre/lib/amd64/libmanagement.so
7f010967f000-7f010987e000 ---p 00008000 08:01 142691                     /usr/lib/jvm/java-7-openjdk-amd64/jre/lib/amd64/libmanagement.so
7f010987e000-7f010987f000 r--p 00007000 08:01 142691                     /usr/lib/jvm/java-7-openjdk-amd64/jre/lib/amd64/libmanagement.so
7f010987f000-7f0109880000 rw-p 00008000 08:01 142691                     /usr/lib/jvm/java-7-openjdk-amd64/jre/lib/amd64/libmanagement.so
7f0109880000-7f0109881000 r-xp 00000000 08:01 52299                      /tmp/libjansi-64-git-Spigot-fdc1440-53fac9f-3396960168341974119.so
7f0109881000-7f0109a80000 ---p 00001000 08:01 52299                      /tmp/libjansi-64-git-Spigot-fdc1440-53fac9f-3396960168341974119.so
7f0109a80000-7f0109a81000 rw-p 00000000 08:01 52299                      /tmp/libjansi-64-git-Spigot-fdc1440-53fac9f-3396960168341974119.so
7f0109a81000-7f0109a84000 ---p 00000000 00:00 0 
7f0109a84000-7f0109aba000 rw-p 00000000 00:00 0 
7f0109aba000-7f0109bca000 r--s 01197000 08:01 924658                     /home/Rhinorulz/servs/MC/EnderRealm/Spigot-Games/spigot-1.8.8.jar
7f0109bca000-7f0109bcb000 ---p 00000000 00:00 0 
7f0109bcb000-7f0109ccb000 rw-p 00000000 00:00 0                          [stack:18608]
7f0109ccb000-7f0109cce000 ---p 00000000 00:00 0 
7f0109cce000-7f0109dcc000 rw-p 00000000 00:00 0                          [stack:18607]
7f0109dcc000-7f0109dcf000 ---p 00000000 00:00 0 
7f0109dcf000-7f0109ecd000 rw-p 00000000 00:00 0                          [stack:18606]
7f0109ecd000-7f0109ed0000 ---p 00000000 00:00 0 
7f0109ed0000-7f0109fce000 rw-p 00000000 00:00 0                          [stack:18605]
7f0109fce000-7f0109fd1000 ---p 00000000 00:00 0 
7f0109fd1000-7f010a0cf000 rw-p 00000000 00:00 0                          [stack:18604]
7f010a0cf000-7f010a258000 r--p 00000000 08:01 1755                       /usr/lib/locale/locale-archive
7f010a258000-7f010a25b000 ---p 00000000 00:00 0 
7f010a25b000-7f010a359000 rw-p 00000000 00:00 0                          [stack:18603]
7f010a359000-7f010a35c000 ---p 00000000 00:00 0 
7f010a35c000-7f010a45a000 rw-p 00000000 00:00 0                          [stack:18602]
7f010a45a000-7f010a45b000 ---p 00000000 00:00 0 
7f010a45b000-7f010a5a4000 rw-p 00000000 00:00 0                          [stack:18601]
7f010a5a4000-7f010a756000 r--s 01d2f000 08:01 142649                     /usr/lib/jvm/java-7-openjdk-amd64/jre/lib/rt.jar
7f010a756000-7f010a83b000 rw-p 00000000 00:00 0 
7f010a83b000-7f010a87b000 rw-p 00000000 00:00 0 
7f010a87b000-7f010a8c7000 rw-p 00000000 00:00 0 
7f010a8c7000-7f010a99b000 rw-p 00000000 00:00 0 
7f010a99b000-7f010a9c1000 rw-p 00000000 00:00 0 
7f010a9c1000-7f010aa2a000 rw-p 00000000 00:00 0 
7f010aa2a000-7f010aa77000 rw-p 00000000 00:00 0 
7f010aa77000-7f010ab4a000 rw-p 00000000 00:00 0 
7f010ab4a000-7f010ab5e000 rw-p 00000000 00:00 0 
7f010ab5e000-7f010ab9d000 rw-p 00000000 00:00 0 
7f010ab9d000-7f010ab9e000 rw-p 00000000 00:00 0 
7f010ab9e000-7f010aba6000 r-xp 00000000 08:01 142667                     /usr/lib/jvm/java-7-openjdk-amd64/jre/lib/amd64/libzip.so
7f010aba6000-7f010ada5000 ---p 00008000 08:01 142667                     /usr/lib/jvm/java-7-openjdk-amd64/jre/lib/amd64/libzip.so
7f010ada5000-7f010ada6000 r--p 00007000 08:01 142667                     /usr/lib/jvm/java-7-openjdk-amd64/jre/lib/amd64/libzip.so
7f010ada6000-7f010ada7000 rw-p 00008000 08:01 142667                     /usr/lib/jvm/java-7-openjdk-amd64/jre/lib/amd64/libzip.so
7f010ada7000-7f010add2000 r-xp 00000000 08:01 142709                     /usr/lib/jvm/java-7-openjdk-amd64/jre/lib/amd64/libjava.so
7f010add2000-7f010afd2000 ---p 0002b000 08:01 142709                     /usr/lib/jvm/java-7-openjdk-amd64/jre/lib/amd64/libjava.so
7f010afd2000-7f010afd3000 r--p 0002b000 08:01 142709                     /usr/lib/jvm/java-7-openjdk-amd64/jre/lib/amd64/libjava.so
7f010afd3000-7f010afd5000 rw-p 0002c000 08:01 142709                     /usr/lib/jvm/java-7-openjdk-amd64/jre/lib/amd64/libjava.so
7f010afd5000-7f010afe5000 r-xp 00000000 08:01 142677                     /usr/lib/jvm/java-7-openjdk-amd64/jre/lib/amd64/libverify.so
7f010afe5000-7f010b1e4000 ---p 00010000 08:01 142677                     /usr/lib/jvm/java-7-openjdk-amd64/jre/lib/amd64/libverify.so
7f010b1e4000-7f010b1e6000 r--p 0000f000 08:01 142677                     /usr/lib/jvm/java-7-openjdk-amd64/jre/lib/amd64/libverify.so
7f010b1e6000-7f010b1e7000 rw-p 00011000 08:01 142677                     /usr/lib/jvm/java-7-openjdk-amd64/jre/lib/amd64/libverify.so
7f010b1e7000-7f010b1ee000 r-xp 00000000 08:01 64497                      /lib/x86_64-linux-gnu/librt-2.19.so
7f010b1ee000-7f010b3ed000 ---p 00007000 08:01 64497                      /lib/x86_64-linux-gnu/librt-2.19.so
7f010b3ed000-7f010b3ee000 r--p 00006000 08:01 64497                      /lib/x86_64-linux-gnu/librt-2.19.so
7f010b3ee000-7f010b3ef000 rw-p 00007000 08:01 64497                      /lib/x86_64-linux-gnu/librt-2.19.so
7f010b3ef000-7f010b405000 r-xp 00000000 08:01 4414                       /lib/x86_64-linux-gnu/libgcc_s.so.1
7f010b405000-7f010b604000 ---p 00016000 08:01 4414                       /lib/x86_64-linux-gnu/libgcc_s.so.1
7f010b604000-7f010b605000 rw-p 00015000 08:01 4414                       /lib/x86_64-linux-gnu/libgcc_s.so.1
7f010b605000-7f010b70a000 r-xp 00000000 08:01 58479                      /lib/x86_64-linux-gnu/libm-2.19.so
7f010b70a000-7f010b909000 ---p 00105000 08:01 58479                      /lib/x86_64-linux-gnu/libm-2.19.so
7f010b909000-7f010b90a000 r--p 00104000 08:01 58479                      /lib/x86_64-linux-gnu/libm-2.19.so
7f010b90a000-7f010b90b000 rw-p 00105000 08:01 58479                      /lib/x86_64-linux-gnu/libm-2.19.so
7f010b90b000-7f010b9f1000 r-xp 00000000 08:01 53086                      /usr/lib/x86_64-linux-gnu/libstdc++.so.6.0.19
7f010b9f1000-7f010bbf0000 ---p 000e6000 08:01 53086                      /usr/lib/x86_64-linux-gnu/libstdc++.so.6.0.19
7f010bbf0000-7f010bbf8000 r--p 000e5000 08:01 53086                      /usr/lib/x86_64-linux-gnu/libstdc++.so.6.0.19
7f010bbf8000-7f010bbfa000 rw-p 000ed000 08:01 53086                      /usr/lib/x86_64-linux-gnu/libstdc++.so.6.0.19
7f010bbfa000-7f010bc0f000 rw-p 00000000 00:00 0 
7f010bc0f000-7f010c734000 r-xp 00000000 08:01 142669                     /usr/lib/jvm/java-7-openjdk-amd64/jre/lib/amd64/server/libjvm.so
7f010c734000-7f010c934000 ---p 00b25000 08:01 142669                     /usr/lib/jvm/java-7-openjdk-amd64/jre/lib/amd64/server/libjvm.so
7f010c934000-7f010c9ce000 r--p 00b25000 08:01 142669                     /usr/lib/jvm/java-7-openjdk-amd64/jre/lib/amd64/server/libjvm.so
7f010c9ce000-7f010c9f1000 rw-p 00bbf000 08:01 142669                     /usr/lib/jvm/java-7-openjdk-amd64/jre/lib/amd64/server/libjvm.so
7f010c9f1000-7f010ca1f000 rw-p 00000000 00:00 0 
7f010ca1f000-7f010ca37000 r-xp 00000000 08:01 22205                      /lib/x86_64-linux-gnu/libz.so.1.2.8
7f010ca37000-7f010cc36000 ---p 00018000 08:01 22205                      /lib/x86_64-linux-gnu/libz.so.1.2.8
7f010cc36000-7f010cc37000 r--p 00017000 08:01 22205                      /lib/x86_64-linux-gnu/libz.so.1.2.8
7f010cc37000-7f010cc38000 rw-p 00018000 08:01 22205                      /lib/x86_64-linux-gnu/libz.so.1.2.8
7f010cc38000-7f010cc51000 r-xp 00000000 08:01 63375                      /lib/x86_64-linux-gnu/libpthread-2.19.so
7f010cc51000-7f010ce50000 ---p 00019000 08:01 63375                      /lib/x86_64-linux-gnu/libpthread-2.19.so
7f010ce50000-7f010ce51000 r--p 00018000 08:01 63375                      /lib/x86_64-linux-gnu/libpthread-2.19.so
7f010ce51000-7f010ce52000 rw-p 00019000 08:01 63375                      /lib/x86_64-linux-gnu/libpthread-2.19.so
7f010ce52000-7f010ce56000 rw-p 00000000 00:00 0 
7f010ce56000-7f010ce59000 r-xp 00000000 08:01 58481                      /lib/x86_64-linux-gnu/libdl-2.19.so
7f010ce59000-7f010d058000 ---p 00003000 08:01 58481                      /lib/x86_64-linux-gnu/libdl-2.19.so
7f010d058000-7f010d059000 r--p 00002000 08:01 58481                      /lib/x86_64-linux-gnu/libdl-2.19.so
7f010d059000-7f010d05a000 rw-p 00003000 08:01 58481                      /lib/x86_64-linux-gnu/libdl-2.19.so
7f010d05a000-7f010d215000 r-xp 00000000 08:01 64500                      /lib/x86_64-linux-gnu/libc-2.19.so
7f010d215000-7f010d414000 ---p 001bb000 08:01 64500                      /lib/x86_64-linux-gnu/libc-2.19.so
7f010d414000-7f010d418000 r--p 001ba000 08:01 64500                      /lib/x86_64-linux-gnu/libc-2.19.so
7f010d418000-7f010d41a000 rw-p 001be000 08:01 64500                      /lib/x86_64-linux-gnu/libc-2.19.so
7f010d41a000-7f010d41f000 rw-p 00000000 00:00 0 
7f010d41f000-7f010d42c000 r-xp 00000000 08:01 142657                     /usr/lib/jvm/java-7-openjdk-amd64/jre/lib/amd64/jli/libjli.so
7f010d42c000-7f010d62b000 ---p 0000d000 08:01 142657                     /usr/lib/jvm/java-7-openjdk-amd64/jre/lib/amd64/jli/libjli.so
7f010d62b000-7f010d62c000 r--p 0000c000 08:01 142657                     /usr/lib/jvm/java-7-openjdk-amd64/jre/lib/amd64/jli/libjli.so
7f010d62c000-7f010d62d000 rw-p 0000d000 08:01 142657                     /usr/lib/jvm/java-7-openjdk-amd64/jre/lib/amd64/jli/libjli.so
7f010d62d000-7f010d650000 r-xp 00000000 08:01 63381                      /lib/x86_64-linux-gnu/ld-2.19.so
7f010d652000-7f010d654000 r--s 00004000 08:01 924633                     /home/Rhinorulz/servs/MC/EnderRealm/Spigot-Games/plugins/SimplyPortals.jar
7f010d654000-7f010d657000 r--s 00013000 08:01 924638                     /home/Rhinorulz/servs/MC/EnderRealm/Spigot-Games/plugins/ViaVersion-0.4.5.jar
7f010d657000-7f010d659000 r--s 0000e000 08:01 924630                     /home/Rhinorulz/servs/MC/EnderRealm/Spigot-Games/plugins/AsyncWorldEditInjector.jar
7f010d659000-7f010d663000 r--s 000ae000 08:01 138379                     /usr/lib/jvm/java-7-openjdk-amd64/jre/lib/resources.jar
7f010d663000-7f010d667000 r--s 0004f000 08:01 138365                     /usr/lib/jvm/java-7-openjdk-amd64/jre/lib/jsse.jar
7f010d667000-7f010d66a000 r--s 0000f000 08:01 142724                     /usr/lib/jvm/java-7-openjdk-amd64/jre/lib/ext/icedtea-sound.jar
7f010d66a000-7f010d67a000 rw-p 00000000 00:00 0 
7f010d67a000-7f010d72a000 rw-p 00000000 00:00 0 
7f010d72a000-7f010d72d000 ---p 00000000 00:00 0 
7f010d72d000-7f010d830000 rw-p 00000000 00:00 0                          [stack:18600]
7f010d830000-7f010d832000 r--s 00018000 08:01 142717                     /usr/lib/jvm/java-7-openjdk-amd64/jre/lib/jce.jar
7f010d832000-7f010d836000 r--s 00034000 08:01 142720                     /usr/lib/jvm/java-7-openjdk-amd64/jre/lib/ext/sunjce_provider.jar
7f010d836000-7f010d83a000 r--s 00085000 08:01 142719                     /usr/lib/jvm/java-7-openjdk-amd64/jre/lib/ext/localedata.jar
7f010d83a000-7f010d83c000 r--s 00006000 08:01 14575                      /usr/share/java/java-atk-wrapper.jar
7f010d83c000-7f010d83e000 r--s 00012000 08:01 142721                     /usr/lib/jvm/java-7-openjdk-amd64/jre/lib/ext/zipfs.jar
7f010d83e000-7f010d842000 r--s 0003c000 08:01 142722                     /usr/lib/jvm/java-7-openjdk-amd64/jre/lib/ext/sunpkcs11.jar
7f010d842000-7f010d843000 r--s 00002000 08:01 142723                     /usr/lib/jvm/java-7-openjdk-amd64/jre/lib/ext/dnsns.jar
7f010d843000-7f010d84b000 rw-s 00000000 08:01 394051                     /tmp/hsperfdata_Rhinorulz/18599
7f010d84b000-7f010d84c000 rw-p 00000000 00:00 0 
7f010d84c000-7f010d84d000 r--p 00000000 00:00 0 
7f010d84d000-7f010d84f000 rw-p 00000000 00:00 0 
7f010d84f000-7f010d850000 r--p 00022000 08:01 63381                      /lib/x86_64-linux-gnu/ld-2.19.so
7f010d850000-7f010d851000 rw-p 00023000 08:01 63381                      /lib/x86_64-linux-gnu/ld-2.19.so
7f010d851000-7f010d852000 rw-p 00000000 00:00 0 
7ffd3a0bf000-7ffd3a0e0000 rw-p 00000000 00:00 0                          [stack]
7ffd3a14a000-7ffd3a14c000 r-xp 00000000 00:00 0                          [vdso]
ffffffffff600000-ffffffffff601000 r-xp 00000000 00:00 0                  [vsyscall]

VM Arguments:
java_command: spigot-1.8.8.jar
Launcher Type: SUN_STANDARD

Environment Variables:
PATH=/usr/local/sbin:/usr/local/bin:/usr/sbin:/usr/bin:/sbin:/bin:/usr/games:/usr/local/games
SHELL=/bin/bash

Signal Handlers:
SIGSEGV: [libjvm.so+0x955bc0], sa_mask[0]=0x7ffbfeff, sa_flags=0x10000004
SIGBUS: [libjvm.so+0x955bc0], sa_mask[0]=0x7ffbfeff, sa_flags=0x10000004
SIGFPE: [libjvm.so+0x7caff0], sa_mask[0]=0x7ffbfeff, sa_flags=0x10000004
SIGPIPE: SIG_IGN, sa_mask[0]=0x00000000, sa_flags=0x00000000
SIGXFSZ: [libjvm.so+0x7caff0], sa_mask[0]=0x7ffbfeff, sa_flags=0x10000004
SIGILL: [libjvm.so+0x7caff0], sa_mask[0]=0x7ffbfeff, sa_flags=0x10000004
SIGUSR1: SIG_DFL, sa_mask[0]=0x00000000, sa_flags=0x00000000
SIGUSR2: [libjvm.so+0x7cae90], sa_mask[0]=0x00000000, sa_flags=0x10000004
SIGHUP: [libjvm.so+0x7cb070], sa_mask[0]=0x7ffbfeff, sa_flags=0x10000004
SIGINT: [libjvm.so+0x7cb070], sa_mask[0]=0x7ffbfeff, sa_flags=0x10000004
SIGTERM: [libjvm.so+0x7cb070], sa_mask[0]=0x7ffbfeff, sa_flags=0x10000004
SIGQUIT: [libjvm.so+0x7cb070], sa_mask[0]=0x7ffbfeff, sa_flags=0x10000004
SIGTRAP: SIG_DFL, sa_mask[0]=0x00000000, sa_flags=0x00000000


---------------  S Y S T E M  ---------------

OS:Ubuntu 14.04 (trusty)
uname:Linux 3.13.0-74-generic #118~precise1-Ubuntu SMP Fri Dec 18 10:38:55 UTC 2015 x86_64
libc:glibc 2.19 NPTL 2.19 
rlimit: STACK 8192k, CORE 0k, NPROC 27372, NOFILE 4096, AS infinity
load average:53.60 18.11 6.73

/proc/meminfo:
MemTotal:        3525072 kB
MemFree:           96244 kB
Buffers:              52 kB
Cached:            20040 kB
SwapCached:            0 kB
Active:          3230256 kB
Inactive:          17812 kB
Active(anon):    3228872 kB
Inactive(anon):    14984 kB
Active(file):       1384 kB
Inactive(file):     2828 kB
Unevictable:           0 kB
Mlocked:               0 kB
SwapTotal:             0 kB
SwapFree:              0 kB
Dirty:               104 kB
Writeback:             0 kB
AnonPages:       3228032 kB
Mapped:            16296 kB
Shmem:             15824 kB
Slab:              67504 kB
SReclaimable:      30216 kB
SUnreclaim:        37288 kB
KernelStack:        7624 kB
PageTables:        45196 kB
NFS_Unstable:          0 kB
Bounce:                0 kB
WritebackTmp:          0 kB
CommitLimit:     1762536 kB
Committed_AS:    6365160 kB
VmallocTotal:   34359738367 kB
VmallocUsed:       39812 kB
VmallocChunk:   34359680252 kB
HardwareCorrupted:     0 kB
AnonHugePages:   1673216 kB
HugePages_Total:       0
HugePages_Free:        0
HugePages_Rsvd:        0
HugePages_Surp:        0
Hugepagesize:       2048 kB
DirectMap4k:       55232 kB
DirectMap2M:     3614720 kB


CPU:total 1 (1 cores per cpu, 1 threads per core) family 6 model 63 stepping 2, cmov, cx8, fxsr, mmx, sse, sse2, sse3, ssse3, sse4.1, sse4.2, popcnt, avx, avx2, aes, erms, tsc

/proc/cpuinfo:
processor	: 0
vendor_id	: GenuineIntel
cpu family	: 6
model		: 63
model name	: Intel(R) Xeon(R) CPU E5-2673 v3 @ 2.40GHz
stepping	: 2
microcode	: 0xffffffff
cpu MHz		: 2397.224
cache size	: 30720 KB
physical id	: 0
siblings	: 1
core id		: 0
cpu cores	: 1
apicid		: 0
initial apicid	: 0
fpu		: yes
fpu_exception	: yes
cpuid level	: 13
wp		: yes
flags		: fpu vme de pse tsc msr pae mce cx8 apic sep mtrr pge mca cmov pat pse36 clflush mmx fxsr sse sse2 ss syscall nx lm constant_tsc rep_good nopl eagerfpu pni pclmulqdq ssse3 fma cx16 sse4_1 sse4_2 movbe popcnt aes xsave avx f16c rdrand hypervisor lahf_lm abm xsaveopt fsgsbase bmi1 avx2 smep bmi2 erms
bogomips	: 4794.44
clflush size	: 64
cache_alignment	: 64
address sizes	: 42 bits physical, 48 bits virtual
power management:



Memory: 4k page, physical 3525072k(94544k free), swap 0k(0k free)

vm_info: OpenJDK 64-Bit Server VM (24.95-b01) for linux-amd64 JRE (1.7.0_95-b00), built on Jan 21 2016 03:31:40 by "buildd" with gcc 4.8.4

time: Thu Mar 31 16:21:46 2016
elapsed time: 37238 seconds

