====================================================
########## INITIALIZING CARDINAL SYSTEM ############
====================================================
####################################################
####################################################
##########################2#########################
##########################0#########################
#########################67#########################
########################8254########################
########################7949########################
#######################535528#######################
#######################170231#######################
######################4831839#######################
######################65647406######################
#####################091705914######################
#####################4809555257#####################
####################4427288153674###################
####################1234581584306###################
###################8838365035509####################
##################05734699719087####################
###################56455674933396###################
##################2706140975831336##################
##################1935165821401443##################
#################99931790562273405##################
##################3707133117930057##################
#################196343727768761199#################
#################045879351034992239#################
####68##4#####8##848429517545517482##########7#18###
###790##3#####8##5783881708830438224#####5##16#88###
###706##2#####3#53632759819407313781#####3##92#03###
###958#677849340383237635133010961934029800900#95###
##214219586063538605248633658483677041665784816326##
###201######843751048535624013428725091######4#65###
###825########741317817615935573646244#######9#83###
###5#5########5#87056997054454500449###########56###
#####3########8#73275357273745277163###########9####
#####7########2##124096457892560215#################
##################90874434017720633#################
###################4044776181131297#################
####################60215085403597##################
#####################068512099#4#1##################
######################8771058#######################
#######################9516101######################
######################3478#279######################
########################4#0#10######################
########################3#1653######################
##########################3#3#######################
#########################7048#######################
###########################5########################
####################################################
####################################################
####################################################
####################################################
####################################################
====================================================
#################### COMPLETED #####################
====================================================
====================================================
############## PREPARING FILESYSTEM ################
====================================================
====================================================
########### CREATING FOLDER STRUCTURES #############
====================================================
====================================================
############ CONVERTING OLD FILESYSTEM #############
====================================================
====================================================
################ SCANNING FOLDERS ##################
====================================================
====================================================
#################### COMPLETED #####################
====================================================
====================================================
################# LOADING FLOORS ###################
====================================================
====================================================
#################### COMPLETED #####################
====================================================
Saving floor 1.
====================================================
################## LOADING MOBS ####################
====================================================
====================================================
#################### COMPLETED #####################
====================================================
====================================================
############### LOADING SPAWNPOINTS ################
====================================================
====================================================
#################### COMPLETED #####################
====================================================
====================================================
############## RESTARTING MOB ENGINE ###############
====================================================
====================================================
################# LOADING SKILLS ###################
====================================================
====================================================
#################### COMPLETED #####################
====================================================
====================================================
################## LOADING RACES ###################
====================================================
====================================================
#################### COMPLETED #####################
====================================================
====================================================
################## LOADING WINGS ###################
====================================================
====================================================
#################### COMPLETED #####################
====================================================
====================================================
                  CARDINAL REPORT                   
Server version: v1.8.3
Plugin version: v2.7
Supported server versions: v1.8.0 - v1.8.7
Selected gamesystem: SAO
Using [SkillAPI]: false
Amount of reported exceptions: 0
====================================================
