[16:04:55] [Server thread/INFO]: Starting minecraft server version 1.11.2
[16:04:55] [Server thread/INFO]: Loading properties
[16:04:55] [Server thread/INFO]: Default game type: SURVIVAL
[16:04:55] [Server thread/INFO]: This server is running CraftBukkit version git-Spigot-9ba269b-c19c293 (MC: 1.11.2) (Implementing API version 1.11.2-R0.1-SNAPSHOT)
[16:04:55] [Server thread/INFO]: Debug logging is disabled
[16:04:55] [Server thread/INFO]: Server Ping Player Sample Count: 12
[16:04:55] [Server thread/INFO]: Using 4 threads for Netty based IO
[16:04:55] [Server thread/INFO]: Generating keypair
[16:04:56] [Server thread/INFO]: Starting Minecraft server on *:25571
[16:04:56] [Server thread/INFO]: Using default channel type
[16:04:56] [Server thread/INFO]: Set PluginClassLoader as parallel capable
[16:04:56] [Server thread/INFO]: [AsyncWorldEditInjector] Loading AsyncWorldEditInjector v3.4.9
[16:04:56] [Server thread/INFO]: [PermissionsEx] Loading PermissionsEx v1.23.4
[16:04:56] [Server thread/WARN]: [PermissionsEx] This server is in offline mode. Unless this server is configured to integrate with a supported proxy (see http://dft.ba/-8ous), UUIDs *may not be stable*!
[16:04:56] [Server thread/INFO]: [NoCheatPlus] Loading NoCheatPlus v3.15.1-RC-sMD5NET-b1084
[16:04:56] [Server thread/INFO]: [NoCheatPlus] onLoad: Early set up of static API, configuration, logging.
[16:04:56] [Server thread/INFO]: [NoCheatPlus] Logging system initialized.
[16:04:56] [Server thread/INFO]: [NoCheatPlus] Detected Minecraft version: 1.11.2
[16:04:56] [Server thread/INFO]: [AsyncWorldEdit] Loading AsyncWorldEdit v3.4.9
[16:04:56] [Server thread/INFO]: [WorldEdit] Loading WorldEdit v6.1.5;4651611
[16:04:56] [Server thread/INFO]: [AsyncWorldEditInjector] Enabling AsyncWorldEditInjector v3.4.9
[16:04:56] [Server thread/INFO]: [AsyncWorldEditInjector] Injector platform set to: InjectorBukkit
[16:04:56] [Server thread/INFO]: [AsyncWorldEditInjector] Injecting WorldEdit classes...
[16:04:56] [Server thread/INFO]: [AsyncWorldEditInjector] Class com.sk89q.worldedit.EditSession injected.
[16:04:56] [Server thread/INFO]: [AsyncWorldEditInjector] Class com.sk89q.worldedit.function.operation.Operations injected.
[16:04:56] [Server thread/INFO]: [AsyncWorldEditInjector] Class com.sk89q.worldedit.function.operation.ForwardExtentCopy injected.
[16:04:56] [Server thread/INFO]: [AsyncWorldEditInjector] Class com.sk89q.worldedit.extent.clipboard.BlockArrayClipboard injected.
[16:04:56] [Server thread/INFO]: [AsyncWorldEditInjector] Class com.sk89q.worldedit.command.FlattenedClipboardTransform injected.
[16:04:56] [Server thread/INFO]: [AsyncWorldEditInjector] Class com.sk89q.worldedit.extent.clipboard.io.ClipboardFormat injected.
[16:04:56] [Server thread/INFO]: [AsyncWorldEditInjector] Enabled
[16:04:56] [Server thread/INFO]: [AsyncWorldEdit] Enabling AsyncWorldEdit v3.4.9
[16:04:57] [Server thread/INFO]: [AsyncWorldEdit] Plugin installed
[16:04:57] [Server thread/INFO]: [AsyncWorldEdit] Platform set to Bukkit API
[16:04:57] [Server thread/INFO]: [AsyncWorldEdit] DirectChunkAPI adapter set to Spigot v1.11 R1
[16:04:57] [Server thread/INFO]: [AsyncWorldEdit] PlotMeFix set to class org.primesoft.asyncworldedit.plotme.NullFix.
[16:04:57] [Server thread/INFO]: [AsyncWorldEditInjector] New class factory set to: org.primesoft.asyncworldedit.injector.async.AsyncClassFactory
[16:04:57] [Server thread/INFO]: [AsyncWorldEdit] Enabled
[16:04:57] [Server thread/WARN]: **** SERVER IS RUNNING IN OFFLINE/INSECURE MODE!
[16:04:57] [Server thread/WARN]: The server will make no attempt to authenticate usernames. Beware.
[16:04:57] [Server thread/WARN]: Whilst this makes it possible to use BungeeCord, unless access to your server is properly restricted, it also opens up the ability for hackers to connect with any username they choose.
[16:04:57] [Server thread/WARN]: Please see http://www.spigotmc.org/wiki/firewall-guide/ for further information.
[16:04:57] [Server thread/WARN]: To change this, set "online-mode" to "true" in the server.properties file.
[16:04:57] [Server thread/INFO]: **** Beginning UUID conversion, this may take A LONG time ****
[16:04:57] [Server thread/INFO]: Preparing level "Prison"
[16:04:57] [Server thread/INFO]: -------- World Settings For [Prison] --------
[16:04:57] [Server thread/INFO]: Allow Zombie Pigmen to spawn from portal blocks: true
[16:04:57] [Server thread/INFO]: Arrow Despawn Rate: 1200
[16:04:57] [Server thread/INFO]: Item Merge Radius: 2.5
[16:04:57] [Server thread/INFO]: Item Despawn Rate: 6000
[16:04:57] [Server thread/INFO]: Experience Merge Radius: 3.0
[16:04:57] [Server thread/INFO]: Nerfing mobs spawned from spawners: false
[16:04:57] [Server thread/INFO]: Mob Spawn Range: 4
[16:04:57] [Server thread/INFO]: Cactus Growth Modifier: 100%
[16:04:57] [Server thread/INFO]: Cane Growth Modifier: 100%
[16:04:57] [Server thread/INFO]: Melon Growth Modifier: 100%
[16:04:57] [Server thread/INFO]: Mushroom Growth Modifier: 100%
[16:04:57] [Server thread/INFO]: Pumpkin Growth Modifier: 100%
[16:04:57] [Server thread/INFO]: Sapling Growth Modifier: 100%
[16:04:57] [Server thread/INFO]: Wheat Growth Modifier: 100%
[16:04:57] [Server thread/INFO]: NetherWart Growth Modifier: 100%
[16:04:57] [Server thread/INFO]: Vine Growth Modifier: 100%
[16:04:57] [Server thread/INFO]: Cocoa Growth Modifier: 100%
[16:04:57] [Server thread/INFO]: Hopper Transfer: 8 Hopper Check: 1 Hopper Amount: 1
[16:04:57] [Server thread/INFO]: Entity Activation Range: An 32 / Mo 32 / Mi 16
[16:04:57] [Server thread/INFO]: Entity Tracking Range: Pl 48 / An 48 / Mo 48 / Mi 32 / Other 64
[16:04:57] [Server thread/INFO]: Tile Max Tick Time: 50ms Entity max Tick Time: 50ms
[16:04:57] [Server thread/INFO]: Max TNT Explosions: 100
[16:04:57] [Server thread/INFO]: Random Lighting Updates: false
[16:04:57] [Server thread/INFO]: Structure Info Saving: true
[16:04:57] [Server thread/INFO]: View Distance: 10
[16:04:57] [Server thread/INFO]: Zombie Aggressive Towards Villager: true
[16:04:57] [Server thread/INFO]: Custom Map Seeds:  Village: 10387312 Feature: 14357617 Monument: 10387313 Slime: 987234911
[16:04:57] [Thread-8/INFO]: [AsyncWorldEdit] You have the latest version of the plugin.
[16:04:58] [Server thread/INFO]: -------- World Settings For [Prison_the_end] --------
[16:04:58] [Server thread/INFO]: Allow Zombie Pigmen to spawn from portal blocks: true
[16:04:58] [Server thread/INFO]: Arrow Despawn Rate: 1200
[16:04:58] [Server thread/INFO]: Item Merge Radius: 2.5
[16:04:58] [Server thread/INFO]: Item Despawn Rate: 6000
[16:04:58] [Server thread/INFO]: Experience Merge Radius: 3.0
[16:04:58] [Server thread/INFO]: Nerfing mobs spawned from spawners: false
[16:04:58] [Server thread/INFO]: Mob Spawn Range: 4
[16:04:58] [Server thread/INFO]: Cactus Growth Modifier: 100%
[16:04:58] [Server thread/INFO]: Cane Growth Modifier: 100%
[16:04:58] [Server thread/INFO]: Melon Growth Modifier: 100%
[16:04:58] [Server thread/INFO]: Mushroom Growth Modifier: 100%
[16:04:58] [Server thread/INFO]: Pumpkin Growth Modifier: 100%
[16:04:58] [Server thread/INFO]: Sapling Growth Modifier: 100%
[16:04:58] [Server thread/INFO]: Wheat Growth Modifier: 100%
[16:04:58] [Server thread/INFO]: NetherWart Growth Modifier: 100%
[16:04:58] [Server thread/INFO]: Vine Growth Modifier: 100%
[16:04:58] [Server thread/INFO]: Cocoa Growth Modifier: 100%
[16:04:58] [Server thread/INFO]: Hopper Transfer: 8 Hopper Check: 1 Hopper Amount: 1
[16:04:58] [Server thread/INFO]: Entity Activation Range: An 32 / Mo 32 / Mi 16
[16:04:58] [Server thread/INFO]: Entity Tracking Range: Pl 48 / An 48 / Mo 48 / Mi 32 / Other 64
[16:04:58] [Server thread/INFO]: Tile Max Tick Time: 50ms Entity max Tick Time: 50ms
[16:04:58] [Server thread/INFO]: Max TNT Explosions: 100
[16:04:58] [Server thread/INFO]: Random Lighting Updates: false
[16:04:58] [Server thread/INFO]: Structure Info Saving: true
[16:04:58] [Server thread/INFO]: View Distance: 10
[16:04:58] [Server thread/INFO]: Zombie Aggressive Towards Villager: true
[16:04:58] [Server thread/INFO]: Custom Map Seeds:  Village: 10387312 Feature: 14357617 Monument: 10387313 Slime: 987234911
[16:04:58] [Server thread/INFO]: Preparing start region for level 0 (Seed: -6777516377462187716)
[16:04:58] [Server thread/INFO]: Preparing start region for level 1 (Seed: -6777516377462187716)
[16:04:59] [Server thread/INFO]: [PermissionsEx] Enabling PermissionsEx v1.23.4
[16:04:59] [Server thread/INFO]: [PermissionsEx] Initializing file backend
[16:04:59] [Server thread/INFO]: [PermissionsEx] Permissions file successfully reloaded
[16:04:59] [Server thread/INFO]: [NoCheatPlus] Enabling NoCheatPlus v3.15.1-RC-sMD5NET-b1084
[16:04:59] [Server thread/INFO]: [NoCheatPlus] McAccess set to: 1.11-1.11.2 / Spigot-CB-1.11_R1
[16:04:59] [Server thread/INFO]: [NoCheatPlus] Added block-info for Minecraft 1.5 blocks.
[16:04:59] [Server thread/INFO]: [NoCheatPlus] Added block-info for Minecraft 1.6.1 blocks.
[16:04:59] [Server thread/INFO]: [NoCheatPlus] Added block-info for Minecraft 1.7.2 blocks.
[16:04:59] [Server thread/INFO]: [NoCheatPlus] Added block-info for Minecraft 1.8 blocks.
[16:04:59] [Server thread/INFO]: [NoCheatPlus] Added block-info for Minecraft 1.9 blocks.
[16:04:59] [Server thread/INFO]: [NoCheatPlus] Added block-info for Minecraft 1.10 blocks.
[16:04:59] [Server thread/INFO]: [NoCheatPlus] Added block-info for Minecraft 1.11 blocks.
[16:04:59] [Server thread/INFO]: [NoCheatPlus] Inventory checks: FastConsume is available, disabled InstantEat.
[16:04:59] [Server thread/INFO]: [NoCheatPlus] Packet level access: ProtocolLib is not available.
[16:04:59] [Server thread/INFO]: [NoCheatPlus] Force disable FastHeal on Minecraft 1.9 and later.
[16:04:59] [Server thread/INFO]: [NoCheatPlus] Version 3.15.1-RC-sMD5NET-b1084 is enabled.
[16:04:59] [Server thread/INFO]: [WorldEdit] Enabling WorldEdit v6.1.5;4651611
[16:04:59] [Server thread/INFO]: WEPIF: PermissionsEx detected! Using PermissionsEx for permissions.
[16:04:59] [Server thread/INFO]: [WorldEdit] Using com.sk89q.worldedit.bukkit.adapter.impl.Spigot_v1_11_R1 as the Bukkit adapter
[16:04:59] [Server thread/INFO]: [AsyncWorldEdit] Initializing WorldEdit.
[16:04:59] [Server thread/INFO]: [AsyncWorldEdit] Direct chunk commands...enabled
[16:04:59] [Server thread/INFO]: Server permissions file permissions.yml is empty, ignoring it
[16:04:59] [Server thread/INFO]: Done (2.093s)! For help, type "help" or "?"
[16:04:59] [Server thread/INFO]: [AsyncWorldEdit] Loading plugins...
[16:05:00] [Craft Scheduler Thread - 3/INFO]: [NoCheatPlus] Added hook: AllViolations(NCP) [1.0].
[16:05:00] [Server thread/INFO]: [NoCheatPlus] Post-enable running...
[16:05:00] [Server thread/INFO]: [NoCheatPlus] Post-enable finished.
