17-04-29 22:38:05 [INFO] Logger started.
17-04-29 22:38:05 [INFO] Logging system initialized.
17-04-29 22:38:05 [INFO] Detected Minecraft version: 1.11.2
17-04-29 22:38:10 [INFO] McAccess set to: 1.11-1.11.2 / Spigot-CB-1.11_R1
17-04-29 22:38:10 [INFO] Added block-info for Minecraft 1.5 blocks.
17-04-29 22:38:10 [INFO] Added block-info for Minecraft 1.6.1 blocks.
17-04-29 22:38:10 [INFO] Added block-info for Minecraft 1.7.2 blocks.
17-04-29 22:38:10 [INFO] Added block-info for Minecraft 1.8 blocks.
17-04-29 22:38:10 [INFO] Added block-info for Minecraft 1.9 blocks.
17-04-29 22:38:10 [INFO] Added block-info for Minecraft 1.10 blocks.
17-04-29 22:38:10 [INFO] Added block-info for Minecraft 1.11 blocks.
17-04-29 22:38:10 [INFO] Inventory checks: FastConsume is available, disabled InstantEat.
17-04-29 22:38:10 [INFO] Packet level access: ProtocolLib is not available.
17-04-29 22:38:10 [INFO] Force disable FastHeal on Minecraft 1.9 and later.
17-04-29 22:38:10 [INFO] Version 3.15.0-SNAPSHOT-sMD5NET-b1082 is enabled.
17-04-29 22:38:11 [INFO] [GenericInstanceRegistry] Registered for fr.neatmonster.nocheatplus.stats.Counters: fr.neatmonster.nocheatplus.stats.Counters
17-04-29 22:38:11 [INFO] [GenericInstanceRegistry] Registered for fr.neatmonster.nocheatplus.checks.workaround.WRPT: fr.neatmonster.nocheatplus.checks.workaround.WRPT
17-04-29 22:38:11 [INFO] [GenericInstanceRegistry] Registered for fr.neatmonster.nocheatplus.checks.moving.location.tracking.LocationTrace$TraceEntryPool: fr.neatmonster.nocheatplus.checks.moving.location.tracking.LocationTrace$TraceEntryPool
17-04-29 22:38:11 [INFO] [GenericInstanceRegistry] Registered for fr.neatmonster.nocheatplus.utilities.entity.PassengerUtil: fr.neatmonster.nocheatplus.utilities.entity.PassengerUtil
17-04-29 22:38:11 [INFO] [GenericInstanceRegistry] Registered for java.util.Random: java.util.Random
17-04-29 22:38:11 [INFO] [GenericInstanceRegistry] Registered for fr.neatmonster.nocheatplus.compat.IBridgeCrossPlugin: fr.neatmonster.nocheatplus.compat.meta.BridgeCrossPlugin
17-04-29 22:38:11 [INFO] [GenericInstanceRegistry] Registered for fr.neatmonster.nocheatplus.compat.MCAccess: fr.neatmonster.nocheatplus.compat.cbdev.MCAccessCBDev
17-04-29 22:38:11 [INFO] [GenericInstanceRegistry] Registered for fr.neatmonster.nocheatplus.utilities.map.BlockCache: fr.neatmonster.nocheatplus.compat.cbdev.BlockCacheCBDev
17-04-29 22:38:11 [INFO] [GenericInstanceRegistry] Registered for fr.neatmonster.nocheatplus.components.modifier.IAttributeAccess: fr.neatmonster.nocheatplus.compat.cbdev.AttributeAccess
17-04-29 22:38:11 [INFO] [GenericInstanceRegistry] Registered for fr.neatmonster.nocheatplus.components.entity.IEntityAccessLastPositionAndLook: fr.neatmonster.nocheatplus.compat.cbdev.EntityAccessLastPositionAndLook
17-04-29 22:38:11 [INFO] [GenericInstanceRegistry] Registered for fr.neatmonster.nocheatplus.components.entity.IEntityAccessVehicle: fr.neatmonster.nocheatplus.compat.bukkit.EntityAccessVehicleMultiPassenger
17-04-29 22:38:11 [INFO] [GenericInstanceRegistry] Registered for fr.neatmonster.nocheatplus.checks.moving.util.AuxMoving: fr.neatmonster.nocheatplus.checks.moving.util.AuxMoving
17-04-29 22:38:11 [INFO] Added hook: AllViolations(NCP) [1.0].
17-04-29 22:38:11 [INFO] Post-enable running...
17-04-29 22:38:12 [INFO] Post-enable finished.
17-04-29 22:38:12 [INFO] ---- Version information ----
#### Server ####
git-Spigot-9ba269b-c19c293 ~MC: 1.11.2~
  detected: 1.11.2
#### NoCheatPlus ####
Plugin: 3.15.0-SNAPSHOT-sMD5NET-b1082
MCAccess: 1.11-1.11.2 / Spigot-CB-1.11_R1
Features:
  blocks: BlocksMC1_4 | BlocksMC1_5 | BlocksMC1_6_1 | BlocksMC1_7_2 | BlocksMC1_8 | BlocksMC1_9 | BlocksMC1_10 | BlocksMC1_11
  checks: FastConsume | Gutenberg | HotFixFallingBlockPortalEnter
  defaults: pvpKnockBackVelocity
Hooks: AllViolations~NCP~ 1.0
17-04-30 17:59:59 [INFO] jamesdabeast50 failed NoFall: tried to alter fall damage (fakefall). VL 1.
17-05-05 16:33:56 [INFO] Removed hook: AllViolations(NCP) [1.0].
17-05-05 16:33:56 [FINE] | canceldead 0 | illegalitem 0 | boatsanywhere 0 | throwenderpearl 0 | fakeinvulnerable 0 | eggonentity 0 | event.player.move.handled 22580 (22580/0) | event.player.move.handled.pos 10207 (10207/0) | event.player.move.handled.look 1400 (1400/0) | event.player.move.handled.pos_look 10967 (10967/0) |
17-05-05 16:33:56 [INFO] [GenericInstanceRegistry] Registry cleared.
17-05-05 16:34:07 [INFO] Logger started.
17-05-05 16:34:07 [INFO] Logging system initialized.
17-05-05 16:34:07 [INFO] Detected Minecraft version: 1.11.2
17-05-05 16:34:12 [INFO] McAccess set to: 1.11-1.11.2 / Spigot-CB-1.11_R1
17-05-05 16:34:12 [INFO] Added block-info for Minecraft 1.5 blocks.
17-05-05 16:34:12 [INFO] Added block-info for Minecraft 1.6.1 blocks.
17-05-05 16:34:12 [INFO] Added block-info for Minecraft 1.7.2 blocks.
17-05-05 16:34:12 [INFO] Added block-info for Minecraft 1.8 blocks.
17-05-05 16:34:12 [INFO] Added block-info for Minecraft 1.9 blocks.
17-05-05 16:34:12 [INFO] Added block-info for Minecraft 1.10 blocks.
17-05-05 16:34:12 [INFO] Added block-info for Minecraft 1.11 blocks.
17-05-05 16:34:13 [INFO] Inventory checks: FastConsume is available, disabled InstantEat.
17-05-05 16:34:13 [INFO] Packet level access: ProtocolLib is not available.
17-05-05 16:34:13 [INFO] Force disable FastHeal on Minecraft 1.9 and later.
17-05-05 16:34:13 [INFO] Version 3.15.0-SNAPSHOT-sMD5NET-b1082 is enabled.
17-05-05 16:34:13 [INFO] [GenericInstanceRegistry] Registered for fr.neatmonster.nocheatplus.stats.Counters: fr.neatmonster.nocheatplus.stats.Counters
17-05-05 16:34:13 [INFO] [GenericInstanceRegistry] Registered for fr.neatmonster.nocheatplus.checks.workaround.WRPT: fr.neatmonster.nocheatplus.checks.workaround.WRPT
17-05-05 16:34:13 [INFO] [GenericInstanceRegistry] Registered for fr.neatmonster.nocheatplus.checks.moving.location.tracking.LocationTrace$TraceEntryPool: fr.neatmonster.nocheatplus.checks.moving.location.tracking.LocationTrace$TraceEntryPool
17-05-05 16:34:13 [INFO] [GenericInstanceRegistry] Registered for fr.neatmonster.nocheatplus.utilities.entity.PassengerUtil: fr.neatmonster.nocheatplus.utilities.entity.PassengerUtil
17-05-05 16:34:13 [INFO] [GenericInstanceRegistry] Registered for java.util.Random: java.util.Random
17-05-05 16:34:13 [INFO] [GenericInstanceRegistry] Registered for fr.neatmonster.nocheatplus.compat.IBridgeCrossPlugin: fr.neatmonster.nocheatplus.compat.meta.BridgeCrossPlugin
17-05-05 16:34:13 [INFO] [GenericInstanceRegistry] Registered for fr.neatmonster.nocheatplus.compat.MCAccess: fr.neatmonster.nocheatplus.compat.cbdev.MCAccessCBDev
17-05-05 16:34:13 [INFO] [GenericInstanceRegistry] Registered for fr.neatmonster.nocheatplus.utilities.map.BlockCache: fr.neatmonster.nocheatplus.compat.cbdev.BlockCacheCBDev
17-05-05 16:34:13 [INFO] [GenericInstanceRegistry] Registered for fr.neatmonster.nocheatplus.components.modifier.IAttributeAccess: fr.neatmonster.nocheatplus.compat.cbdev.AttributeAccess
17-05-05 16:34:13 [INFO] [GenericInstanceRegistry] Registered for fr.neatmonster.nocheatplus.components.entity.IEntityAccessLastPositionAndLook: fr.neatmonster.nocheatplus.compat.cbdev.EntityAccessLastPositionAndLook
17-05-05 16:34:13 [INFO] [GenericInstanceRegistry] Registered for fr.neatmonster.nocheatplus.components.entity.IEntityAccessVehicle: fr.neatmonster.nocheatplus.compat.bukkit.EntityAccessVehicleMultiPassenger
17-05-05 16:34:13 [INFO] [GenericInstanceRegistry] Registered for fr.neatmonster.nocheatplus.checks.moving.util.AuxMoving: fr.neatmonster.nocheatplus.checks.moving.util.AuxMoving
17-05-05 16:34:13 [INFO] Added hook: AllViolations(NCP) [1.0].
17-05-05 16:34:13 [INFO] Post-enable running...
17-05-05 16:34:14 [INFO] Post-enable finished.
17-05-05 16:34:14 [INFO] ---- Version information ----
#### Server ####
git-Spigot-9ba269b-c19c293 ~MC: 1.11.2~
  detected: 1.11.2
#### NoCheatPlus ####
Plugin: 3.15.0-SNAPSHOT-sMD5NET-b1082
MCAccess: 1.11-1.11.2 / Spigot-CB-1.11_R1
Features:
  blocks: BlocksMC1_4 | BlocksMC1_5 | BlocksMC1_6_1 | BlocksMC1_7_2 | BlocksMC1_8 | BlocksMC1_9 | BlocksMC1_10 | BlocksMC1_11
  checks: FastConsume | Gutenberg | HotFixFallingBlockPortalEnter
  defaults: pvpKnockBackVelocity
Hooks: AllViolations~NCP~ 1.0
17-05-05 21:59:45 [INFO] Removed hook: AllViolations(NCP) [1.0].
17-05-05 21:59:45 [FINE] | canceldead 0 | illegalitem 0 | boatsanywhere 0 | throwenderpearl 0 | fakeinvulnerable 0 | eggonentity 0 | event.player.move.handled 16737 (16737/0) | event.player.move.handled.pos 4944 (4944/0) | event.player.move.handled.look 1601 (1601/0) | event.player.move.handled.pos_look 10179 (10179/0) |
17-05-05 21:59:45 [INFO] [GenericInstanceRegistry] Registry cleared.
17-05-05 21:59:57 [INFO] Logger started.
17-05-05 21:59:57 [INFO] Logging system initialized.
17-05-05 21:59:57 [INFO] Detected Minecraft version: 1.11.2
17-05-05 22:00:01 [INFO] McAccess set to: 1.11-1.11.2 / Spigot-CB-1.11_R1
17-05-05 22:00:01 [INFO] Added block-info for Minecraft 1.5 blocks.
17-05-05 22:00:01 [INFO] Added block-info for Minecraft 1.6.1 blocks.
17-05-05 22:00:01 [INFO] Added block-info for Minecraft 1.7.2 blocks.
17-05-05 22:00:01 [INFO] Added block-info for Minecraft 1.8 blocks.
17-05-05 22:00:01 [INFO] Added block-info for Minecraft 1.9 blocks.
17-05-05 22:00:01 [INFO] Added block-info for Minecraft 1.10 blocks.
17-05-05 22:00:01 [INFO] Added block-info for Minecraft 1.11 blocks.
17-05-05 22:00:02 [INFO] Inventory checks: FastConsume is available, disabled InstantEat.
17-05-05 22:00:02 [INFO] Packet level access: ProtocolLib is not available.
17-05-05 22:00:02 [INFO] Force disable FastHeal on Minecraft 1.9 and later.
17-05-05 22:00:02 [INFO] Version 3.15.0-SNAPSHOT-sMD5NET-b1082 is enabled.
17-05-05 22:00:02 [INFO] [GenericInstanceRegistry] Registered for fr.neatmonster.nocheatplus.stats.Counters: fr.neatmonster.nocheatplus.stats.Counters
17-05-05 22:00:02 [INFO] [GenericInstanceRegistry] Registered for fr.neatmonster.nocheatplus.checks.workaround.WRPT: fr.neatmonster.nocheatplus.checks.workaround.WRPT
17-05-05 22:00:02 [INFO] [GenericInstanceRegistry] Registered for fr.neatmonster.nocheatplus.checks.moving.location.tracking.LocationTrace$TraceEntryPool: fr.neatmonster.nocheatplus.checks.moving.location.tracking.LocationTrace$TraceEntryPool
17-05-05 22:00:02 [INFO] [GenericInstanceRegistry] Registered for fr.neatmonster.nocheatplus.utilities.entity.PassengerUtil: fr.neatmonster.nocheatplus.utilities.entity.PassengerUtil
17-05-05 22:00:02 [INFO] [GenericInstanceRegistry] Registered for java.util.Random: java.util.Random
17-05-05 22:00:02 [INFO] [GenericInstanceRegistry] Registered for fr.neatmonster.nocheatplus.compat.IBridgeCrossPlugin: fr.neatmonster.nocheatplus.compat.meta.BridgeCrossPlugin
17-05-05 22:00:02 [INFO] [GenericInstanceRegistry] Registered for fr.neatmonster.nocheatplus.compat.MCAccess: fr.neatmonster.nocheatplus.compat.cbdev.MCAccessCBDev
17-05-05 22:00:02 [INFO] [GenericInstanceRegistry] Registered for fr.neatmonster.nocheatplus.utilities.map.BlockCache: fr.neatmonster.nocheatplus.compat.cbdev.BlockCacheCBDev
17-05-05 22:00:02 [INFO] [GenericInstanceRegistry] Registered for fr.neatmonster.nocheatplus.components.modifier.IAttributeAccess: fr.neatmonster.nocheatplus.compat.cbdev.AttributeAccess
17-05-05 22:00:02 [INFO] [GenericInstanceRegistry] Registered for fr.neatmonster.nocheatplus.components.entity.IEntityAccessLastPositionAndLook: fr.neatmonster.nocheatplus.compat.cbdev.EntityAccessLastPositionAndLook
17-05-05 22:00:02 [INFO] [GenericInstanceRegistry] Registered for fr.neatmonster.nocheatplus.components.entity.IEntityAccessVehicle: fr.neatmonster.nocheatplus.compat.bukkit.EntityAccessVehicleMultiPassenger
17-05-05 22:00:02 [INFO] [GenericInstanceRegistry] Registered for fr.neatmonster.nocheatplus.checks.moving.util.AuxMoving: fr.neatmonster.nocheatplus.checks.moving.util.AuxMoving
17-05-05 22:00:02 [INFO] Added hook: AllViolations(NCP) [1.0].
17-05-05 22:00:02 [INFO] Post-enable running...
17-05-05 22:00:03 [INFO] Post-enable finished.
17-05-05 22:00:03 [INFO] ---- Version information ----
#### Server ####
git-Spigot-9ba269b-c19c293 ~MC: 1.11.2~
  detected: 1.11.2
#### NoCheatPlus ####
Plugin: 3.15.0-SNAPSHOT-sMD5NET-b1082
MCAccess: 1.11-1.11.2 / Spigot-CB-1.11_R1
Features:
  blocks: BlocksMC1_4 | BlocksMC1_5 | BlocksMC1_6_1 | BlocksMC1_7_2 | BlocksMC1_8 | BlocksMC1_9 | BlocksMC1_10 | BlocksMC1_11
  checks: FastConsume | Gutenberg | HotFixFallingBlockPortalEnter
  defaults: pvpKnockBackVelocity
Hooks: AllViolations~NCP~ 1.0
17-05-07 00:28:02 [WARNING] System time ran backwards (1494131294199->1494131277727), clear all data and history...
17-05-08 04:00:52 [WARNING] System time ran backwards (1494230454204->1494230451887), clear all data and history...
17-05-09 04:39:39 [WARNING] System time ran backwards (1494319180950->1494319178863), clear all data and history...
17-05-28 16:05:55 [INFO] Logger started.
17-05-28 16:05:55 [INFO] Logging system initialized.
17-05-28 16:05:55 [INFO] Detected Minecraft version: 1.11.2
17-05-28 16:05:59 [INFO] McAccess set to: 1.11-1.11.2 / Spigot-CB-1.11_R1
17-05-28 16:05:59 [INFO] Added block-info for Minecraft 1.5 blocks.
17-05-28 16:05:59 [INFO] Added block-info for Minecraft 1.6.1 blocks.
17-05-28 16:05:59 [INFO] Added block-info for Minecraft 1.7.2 blocks.
17-05-28 16:05:59 [INFO] Added block-info for Minecraft 1.8 blocks.
17-05-28 16:05:59 [INFO] Added block-info for Minecraft 1.9 blocks.
17-05-28 16:05:59 [INFO] Added block-info for Minecraft 1.10 blocks.
17-05-28 16:05:59 [INFO] Added block-info for Minecraft 1.11 blocks.
17-05-28 16:05:59 [INFO] Inventory checks: FastConsume is available, disabled InstantEat.
17-05-28 16:05:59 [INFO] Packet level access: ProtocolLib is not available.
17-05-28 16:05:59 [INFO] Force disable FastHeal on Minecraft 1.9 and later.
17-05-28 16:05:59 [INFO] Version 3.15.0-SNAPSHOT-sMD5NET-b1082 is enabled.
17-05-28 16:06:00 [INFO] [GenericInstanceRegistry] Registered for fr.neatmonster.nocheatplus.stats.Counters: fr.neatmonster.nocheatplus.stats.Counters
17-05-28 16:06:00 [INFO] [GenericInstanceRegistry] Registered for fr.neatmonster.nocheatplus.checks.workaround.WRPT: fr.neatmonster.nocheatplus.checks.workaround.WRPT
17-05-28 16:06:00 [INFO] [GenericInstanceRegistry] Registered for fr.neatmonster.nocheatplus.checks.moving.location.tracking.LocationTrace$TraceEntryPool: fr.neatmonster.nocheatplus.checks.moving.location.tracking.LocationTrace$TraceEntryPool
17-05-28 16:06:00 [INFO] [GenericInstanceRegistry] Registered for fr.neatmonster.nocheatplus.utilities.entity.PassengerUtil: fr.neatmonster.nocheatplus.utilities.entity.PassengerUtil
17-05-28 16:06:00 [INFO] [GenericInstanceRegistry] Registered for java.util.Random: java.util.Random
17-05-28 16:06:00 [INFO] [GenericInstanceRegistry] Registered for fr.neatmonster.nocheatplus.compat.IBridgeCrossPlugin: fr.neatmonster.nocheatplus.compat.meta.BridgeCrossPlugin
17-05-28 16:06:00 [INFO] [GenericInstanceRegistry] Registered for fr.neatmonster.nocheatplus.compat.MCAccess: fr.neatmonster.nocheatplus.compat.cbdev.MCAccessCBDev
17-05-28 16:06:00 [INFO] [GenericInstanceRegistry] Registered for fr.neatmonster.nocheatplus.utilities.map.BlockCache: fr.neatmonster.nocheatplus.compat.cbdev.BlockCacheCBDev
17-05-28 16:06:00 [INFO] [GenericInstanceRegistry] Registered for fr.neatmonster.nocheatplus.components.modifier.IAttributeAccess: fr.neatmonster.nocheatplus.compat.cbdev.AttributeAccess
17-05-28 16:06:00 [INFO] [GenericInstanceRegistry] Registered for fr.neatmonster.nocheatplus.components.entity.IEntityAccessLastPositionAndLook: fr.neatmonster.nocheatplus.compat.cbdev.EntityAccessLastPositionAndLook
17-05-28 16:06:00 [INFO] [GenericInstanceRegistry] Registered for fr.neatmonster.nocheatplus.components.entity.IEntityAccessVehicle: fr.neatmonster.nocheatplus.compat.bukkit.EntityAccessVehicleMultiPassenger
17-05-28 16:06:00 [INFO] [GenericInstanceRegistry] Registered for fr.neatmonster.nocheatplus.checks.moving.util.AuxMoving: fr.neatmonster.nocheatplus.checks.moving.util.AuxMoving
17-05-28 16:06:00 [INFO] Added hook: AllViolations(NCP) [1.0].
17-05-28 16:06:00 [INFO] Post-enable running...
17-05-28 16:06:00 [INFO] Post-enable finished.
17-05-28 16:06:01 [INFO] ---- Version information ----
#### Server ####
git-Spigot-9ba269b-c19c293 ~MC: 1.11.2~
  detected: 1.11.2
#### NoCheatPlus ####
Plugin: 3.15.0-SNAPSHOT-sMD5NET-b1082
MCAccess: 1.11-1.11.2 / Spigot-CB-1.11_R1
Features:
  blocks: BlocksMC1_4 | BlocksMC1_5 | BlocksMC1_6_1 | BlocksMC1_7_2 | BlocksMC1_8 | BlocksMC1_9 | BlocksMC1_10 | BlocksMC1_11
  checks: FastConsume | Gutenberg | HotFixFallingBlockPortalEnter
  defaults: pvpKnockBackVelocity
Hooks: AllViolations~NCP~ 1.0
