[16:42:30] [Server thread/INFO]: Starting minecraft server version 1.10.2
[16:43:03] [Server thread/ERROR]: Encountered an unexpected exception
net.minecraftforge.fml.common.LoaderExceptionModCrash: Caught exception from Sound Filters (soundfilters)

Caused by: java.lang.NoClassDefFoundError: paulscode/sound/SoundSystemException
	at java.lang.Class.forName0(Native Method) ~[?:1.8.0_131]
	at java.lang.Class.forName(Unknown Source) ~[?:1.8.0_131]
	at net.minecraftforge.fml.common.FMLModContainer.constructMod(FMLModContainer.java:521) ~[forge-1.10.2-12.18.3.2297-universal.jar:?]
	at sun.reflect.GeneratedMethodAccessor10.invoke(Unknown Source) ~[?:?]
	at sun.reflect.DelegatingMethodAccessorImpl.invoke(Unknown Source) ~[?:1.8.0_131]
	at java.lang.reflect.Method.invoke(Unknown Source) ~[?:1.8.0_131]
	at com.google.common.eventbus.EventSubscriber.handleEvent(EventSubscriber.java:74) ~[minecraft_server.1.10.2.jar:?]
	at com.google.common.eventbus.SynchronizedEventSubscriber.handleEvent(SynchronizedEventSubscriber.java:47) ~[minecraft_server.1.10.2.jar:?]
	at com.google.common.eventbus.EventBus.dispatch(EventBus.java:322) ~[minecraft_server.1.10.2.jar:?]
	at com.google.common.eventbus.EventBus.dispatchQueuedEvents(EventBus.java:304) ~[minecraft_server.1.10.2.jar:?]
	at com.google.common.eventbus.EventBus.post(EventBus.java:275) ~[minecraft_server.1.10.2.jar:?]
	at net.minecraftforge.fml.common.LoadController.sendEventToModContainer(LoadController.java:243) ~[LoadController.class:?]
	at net.minecraftforge.fml.common.LoadController.propogateStateMessage(LoadController.java:221) ~[LoadController.class:?]
	at sun.reflect.NativeMethodAccessorImpl.invoke0(Native Method) ~[?:1.8.0_131]
	at sun.reflect.NativeMethodAccessorImpl.invoke(Unknown Source) ~[?:1.8.0_131]
	at sun.reflect.DelegatingMethodAccessorImpl.invoke(Unknown Source) ~[?:1.8.0_131]
	at java.lang.reflect.Method.invoke(Unknown Source) ~[?:1.8.0_131]
	at com.google.common.eventbus.EventSubscriber.handleEvent(EventSubscriber.java:74) ~[minecraft_server.1.10.2.jar:?]
	at com.google.common.eventbus.SynchronizedEventSubscriber.handleEvent(SynchronizedEventSubscriber.java:47) ~[minecraft_server.1.10.2.jar:?]
	at com.google.common.eventbus.EventBus.dispatch(EventBus.java:322) ~[minecraft_server.1.10.2.jar:?]
	at com.google.common.eventbus.EventBus.dispatchQueuedEvents(EventBus.java:304) ~[minecraft_server.1.10.2.jar:?]
	at com.google.common.eventbus.EventBus.post(EventBus.java:275) ~[minecraft_server.1.10.2.jar:?]
	at net.minecraftforge.fml.common.LoadController.distributeStateMessage(LoadController.java:145) ~[LoadController.class:?]
	at net.minecraftforge.fml.common.Loader.loadMods(Loader.java:559) ~[Loader.class:?]
	at net.minecraftforge.fml.server.FMLServerHandler.beginServerLoading(FMLServerHandler.java:98) ~[FMLServerHandler.class:?]
	at net.minecraftforge.fml.common.FMLCommonHandler.onServerStart(FMLCommonHandler.java:328) ~[FMLCommonHandler.class:?]
	at net.minecraft.server.dedicated.DedicatedServer.func_71197_b(DedicatedServer.java:121) ~[ld.class:?]
	at net.minecraft.server.MinecraftServer.run(MinecraftServer.java:431) [MinecraftServer.class:?]
	at java.lang.Thread.run(Unknown Source) [?:1.8.0_131]
Caused by: java.lang.ClassNotFoundException: paulscode.sound.SoundSystemException
	at net.minecraft.launchwrapper.LaunchClassLoader.findClass(LaunchClassLoader.java:191) ~[launchwrapper-1.12.jar:?]
	at java.lang.ClassLoader.loadClass(Unknown Source) ~[?:1.8.0_131]
	at java.lang.ClassLoader.loadClass(Unknown Source) ~[?:1.8.0_131]
	at java.lang.Class.forName0(Native Method) ~[?:1.8.0_131]
	at java.lang.Class.forName(Unknown Source) ~[?:1.8.0_131]
	at net.minecraftforge.fml.common.FMLModContainer.constructMod(FMLModContainer.java:521) ~[forge-1.10.2-12.18.3.2297-universal.jar:?]
	at sun.reflect.GeneratedMethodAccessor10.invoke(Unknown Source) ~[?:?]
	at sun.reflect.DelegatingMethodAccessorImpl.invoke(Unknown Source) ~[?:1.8.0_131]
	at java.lang.reflect.Method.invoke(Unknown Source) ~[?:1.8.0_131]
	at com.google.common.eventbus.EventSubscriber.handleEvent(EventSubscriber.java:74) ~[minecraft_server.1.10.2.jar:?]
	at com.google.common.eventbus.SynchronizedEventSubscriber.handleEvent(SynchronizedEventSubscriber.java:47) ~[minecraft_server.1.10.2.jar:?]
	at com.google.common.eventbus.EventBus.dispatch(EventBus.java:322) ~[minecraft_server.1.10.2.jar:?]
	at com.google.common.eventbus.EventBus.dispatchQueuedEvents(EventBus.java:304) ~[minecraft_server.1.10.2.jar:?]
	at com.google.common.eventbus.EventBus.post(EventBus.java:275) ~[minecraft_server.1.10.2.jar:?]
	at net.minecraftforge.fml.common.LoadController.sendEventToModContainer(LoadController.java:243) ~[LoadController.class:?]
	at net.minecraftforge.fml.common.LoadController.propogateStateMessage(LoadController.java:221) ~[LoadController.class:?]
	at sun.reflect.NativeMethodAccessorImpl.invoke0(Native Method) ~[?:1.8.0_131]
	at sun.reflect.NativeMethodAccessorImpl.invoke(Unknown Source) ~[?:1.8.0_131]
	at sun.reflect.DelegatingMethodAccessorImpl.invoke(Unknown Source) ~[?:1.8.0_131]
	at java.lang.reflect.Method.invoke(Unknown Source) ~[?:1.8.0_131]
	at com.google.common.eventbus.EventSubscriber.handleEvent(EventSubscriber.java:74) ~[minecraft_server.1.10.2.jar:?]
	at com.google.common.eventbus.SynchronizedEventSubscriber.handleEvent(SynchronizedEventSubscriber.java:47) ~[minecraft_server.1.10.2.jar:?]
	at com.google.common.eventbus.EventBus.dispatch(EventBus.java:322) ~[minecraft_server.1.10.2.jar:?]
	at com.google.common.eventbus.EventBus.dispatchQueuedEvents(EventBus.java:304) ~[minecraft_server.1.10.2.jar:?]
	at com.google.common.eventbus.EventBus.post(EventBus.java:275) ~[minecraft_server.1.10.2.jar:?]
	at net.minecraftforge.fml.common.LoadController.distributeStateMessage(LoadController.java:145) ~[LoadController.class:?]
	at net.minecraftforge.fml.common.Loader.loadMods(Loader.java:559) ~[Loader.class:?]
	at net.minecraftforge.fml.server.FMLServerHandler.beginServerLoading(FMLServerHandler.java:98) ~[FMLServerHandler.class:?]
	at net.minecraftforge.fml.common.FMLCommonHandler.onServerStart(FMLCommonHandler.java:328) ~[FMLCommonHandler.class:?]
	at net.minecraft.server.dedicated.DedicatedServer.func_71197_b(DedicatedServer.java:121) ~[ld.class:?]
	at net.minecraft.server.MinecraftServer.run(MinecraftServer.java:431) ~[MinecraftServer.class:?]
	at java.lang.Thread.run(Unknown Source) ~[?:1.8.0_131]
Caused by: java.lang.NullPointerException
	at net.minecraft.launchwrapper.LaunchClassLoader.findClass(LaunchClassLoader.java:182) ~[launchwrapper-1.12.jar:?]
	at java.lang.ClassLoader.loadClass(Unknown Source) ~[?:1.8.0_131]
	at java.lang.ClassLoader.loadClass(Unknown Source) ~[?:1.8.0_131]
	at java.lang.Class.forName0(Native Method) ~[?:1.8.0_131]
	at java.lang.Class.forName(Unknown Source) ~[?:1.8.0_131]
	at net.minecraftforge.fml.common.FMLModContainer.constructMod(FMLModContainer.java:521) ~[forge-1.10.2-12.18.3.2297-universal.jar:?]
	at sun.reflect.GeneratedMethodAccessor10.invoke(Unknown Source) ~[?:?]
	at sun.reflect.DelegatingMethodAccessorImpl.invoke(Unknown Source) ~[?:1.8.0_131]
	at java.lang.reflect.Method.invoke(Unknown Source) ~[?:1.8.0_131]
	at com.google.common.eventbus.EventSubscriber.handleEvent(EventSubscriber.java:74) ~[minecraft_server.1.10.2.jar:?]
	at com.google.common.eventbus.SynchronizedEventSubscriber.handleEvent(SynchronizedEventSubscriber.java:47) ~[minecraft_server.1.10.2.jar:?]
	at com.google.common.eventbus.EventBus.dispatch(EventBus.java:322) ~[minecraft_server.1.10.2.jar:?]
	at com.google.common.eventbus.EventBus.dispatchQueuedEvents(EventBus.java:304) ~[minecraft_server.1.10.2.jar:?]
	at com.google.common.eventbus.EventBus.post(EventBus.java:275) ~[minecraft_server.1.10.2.jar:?]
	at net.minecraftforge.fml.common.LoadController.sendEventToModContainer(LoadController.java:243) ~[LoadController.class:?]
	at net.minecraftforge.fml.common.LoadController.propogateStateMessage(LoadController.java:221) ~[LoadController.class:?]
	at sun.reflect.NativeMethodAccessorImpl.invoke0(Native Method) ~[?:1.8.0_131]
	at sun.reflect.NativeMethodAccessorImpl.invoke(Unknown Source) ~[?:1.8.0_131]
	at sun.reflect.DelegatingMethodAccessorImpl.invoke(Unknown Source) ~[?:1.8.0_131]
	at java.lang.reflect.Method.invoke(Unknown Source) ~[?:1.8.0_131]
	at com.google.common.eventbus.EventSubscriber.handleEvent(EventSubscriber.java:74) ~[minecraft_server.1.10.2.jar:?]
	at com.google.common.eventbus.SynchronizedEventSubscriber.handleEvent(SynchronizedEventSubscriber.java:47) ~[minecraft_server.1.10.2.jar:?]
	at com.google.common.eventbus.EventBus.dispatch(EventBus.java:322) ~[minecraft_server.1.10.2.jar:?]
	at com.google.common.eventbus.EventBus.dispatchQueuedEvents(EventBus.java:304) ~[minecraft_server.1.10.2.jar:?]
	at com.google.common.eventbus.EventBus.post(EventBus.java:275) ~[minecraft_server.1.10.2.jar:?]
	at net.minecraftforge.fml.common.LoadController.distributeStateMessage(LoadController.java:145) ~[LoadController.class:?]
	at net.minecraftforge.fml.common.Loader.loadMods(Loader.java:559) ~[Loader.class:?]
	at net.minecraftforge.fml.server.FMLServerHandler.beginServerLoading(FMLServerHandler.java:98) ~[FMLServerHandler.class:?]
	at net.minecraftforge.fml.common.FMLCommonHandler.onServerStart(FMLCommonHandler.java:328) ~[FMLCommonHandler.class:?]
	at net.minecraft.server.dedicated.DedicatedServer.func_71197_b(DedicatedServer.java:121) ~[ld.class:?]
	at net.minecraft.server.MinecraftServer.run(MinecraftServer.java:431) ~[MinecraftServer.class:?]
	at java.lang.Thread.run(Unknown Source) ~[?:1.8.0_131]
[16:43:03] [Server thread/ERROR]: This crash report has been saved to: C:\Users\Rhino\Desktop\mc\Servers\EnderRealm\M01 Invasion\.\crash-reports\crash-2017-05-28_16.43.03-server.txt
[16:43:03] [Server thread/INFO]: Stopping server
[16:43:03] [Server thread/INFO]: Saving worlds
